<?xml version="1.0" encoding="UTF-8"?>
<testsuites>
  <testsuite name="" tests="675" assertions="675" errors="0" warnings="0" failures="0" skipped="0" time="222.501178">
    <testsuite name="Wallet Bench Suite" tests="675" assertions="675" errors="0" warnings="0" failures="0" skipped="0" time="222.501178">
      <testsuite name="Bavix\WalletBench\Test\Units\CartTest" file="/Users/babichev/projects/laravel-wallet-benchmark/tests/Units/CartTest.php" tests="50" assertions="50" errors="0" warnings="0" failures="0" skipped="0" time="115.936707">
        <testsuite name="Bavix\WalletBench\Test\Units\CartTest::testPay" tests="25" assertions="25" errors="0" warnings="0" failures="0" skipped="0" time="67.062113">
          <testcase name="testPay" class="Bavix\WalletBench\Test\Units\CartTest" classname="Bavix.WalletBench.Test.Units.CartTest" file="/Users/babichev/projects/laravel-wallet-benchmark/tests/Units/CartTest.php" line="20" assertions="1" time="4.022990"/>
          <testcase name="testPay" class="Bavix\WalletBench\Test\Units\CartTest" classname="Bavix.WalletBench.Test.Units.CartTest" file="/Users/babichev/projects/laravel-wallet-benchmark/tests/Units/CartTest.php" line="20" assertions="1" time="1.763454"/>
          <testcase name="testPay" class="Bavix\WalletBench\Test\Units\CartTest" classname="Bavix.WalletBench.Test.Units.CartTest" file="/Users/babichev/projects/laravel-wallet-benchmark/tests/Units/CartTest.php" line="20" assertions="1" time="2.138436"/>
          <testcase name="testPay" class="Bavix\WalletBench\Test\Units\CartTest" classname="Bavix.WalletBench.Test.Units.CartTest" file="/Users/babichev/projects/laravel-wallet-benchmark/tests/Units/CartTest.php" line="20" assertions="1" time="2.571407"/>
          <testcase name="testPay" class="Bavix\WalletBench\Test\Units\CartTest" classname="Bavix.WalletBench.Test.Units.CartTest" file="/Users/babichev/projects/laravel-wallet-benchmark/tests/Units/CartTest.php" line="20" assertions="1" time="3.240066"/>
          <testcase name="testPay" class="Bavix\WalletBench\Test\Units\CartTest" classname="Bavix.WalletBench.Test.Units.CartTest" file="/Users/babichev/projects/laravel-wallet-benchmark/tests/Units/CartTest.php" line="20" assertions="1" time="3.803124"/>
          <testcase name="testPay" class="Bavix\WalletBench\Test\Units\CartTest" classname="Bavix.WalletBench.Test.Units.CartTest" file="/Users/babichev/projects/laravel-wallet-benchmark/tests/Units/CartTest.php" line="20" assertions="1" time="2.674409"/>
          <testcase name="testPay" class="Bavix\WalletBench\Test\Units\CartTest" classname="Bavix.WalletBench.Test.Units.CartTest" file="/Users/babichev/projects/laravel-wallet-benchmark/tests/Units/CartTest.php" line="20" assertions="1" time="2.586244"/>
          <testcase name="testPay" class="Bavix\WalletBench\Test\Units\CartTest" classname="Bavix.WalletBench.Test.Units.CartTest" file="/Users/babichev/projects/laravel-wallet-benchmark/tests/Units/CartTest.php" line="20" assertions="1" time="2.819691"/>
          <testcase name="testPay" class="Bavix\WalletBench\Test\Units\CartTest" classname="Bavix.WalletBench.Test.Units.CartTest" file="/Users/babichev/projects/laravel-wallet-benchmark/tests/Units/CartTest.php" line="20" assertions="1" time="2.909871"/>
          <testcase name="testPay" class="Bavix\WalletBench\Test\Units\CartTest" classname="Bavix.WalletBench.Test.Units.CartTest" file="/Users/babichev/projects/laravel-wallet-benchmark/tests/Units/CartTest.php" line="20" assertions="1" time="2.746458"/>
          <testcase name="testPay" class="Bavix\WalletBench\Test\Units\CartTest" classname="Bavix.WalletBench.Test.Units.CartTest" file="/Users/babichev/projects/laravel-wallet-benchmark/tests/Units/CartTest.php" line="20" assertions="1" time="2.717003"/>
          <testcase name="testPay" class="Bavix\WalletBench\Test\Units\CartTest" classname="Bavix.WalletBench.Test.Units.CartTest" file="/Users/babichev/projects/laravel-wallet-benchmark/tests/Units/CartTest.php" line="20" assertions="1" time="2.541747"/>
          <testcase name="testPay" class="Bavix\WalletBench\Test\Units\CartTest" classname="Bavix.WalletBench.Test.Units.CartTest" file="/Users/babichev/projects/laravel-wallet-benchmark/tests/Units/CartTest.php" line="20" assertions="1" time="2.489822"/>
          <testcase name="testPay" class="Bavix\WalletBench\Test\Units\CartTest" classname="Bavix.WalletBench.Test.Units.CartTest" file="/Users/babichev/projects/laravel-wallet-benchmark/tests/Units/CartTest.php" line="20" assertions="1" time="2.413929"/>
          <testcase name="testPay" class="Bavix\WalletBench\Test\Units\CartTest" classname="Bavix.WalletBench.Test.Units.CartTest" file="/Users/babichev/projects/laravel-wallet-benchmark/tests/Units/CartTest.php" line="20" assertions="1" time="2.779052"/>
          <testcase name="testPay" class="Bavix\WalletBench\Test\Units\CartTest" classname="Bavix.WalletBench.Test.Units.CartTest" file="/Users/babichev/projects/laravel-wallet-benchmark/tests/Units/CartTest.php" line="20" assertions="1" time="2.536145"/>
          <testcase name="testPay" class="Bavix\WalletBench\Test\Units\CartTest" classname="Bavix.WalletBench.Test.Units.CartTest" file="/Users/babichev/projects/laravel-wallet-benchmark/tests/Units/CartTest.php" line="20" assertions="1" time="2.468196"/>
          <testcase name="testPay" class="Bavix\WalletBench\Test\Units\CartTest" classname="Bavix.WalletBench.Test.Units.CartTest" file="/Users/babichev/projects/laravel-wallet-benchmark/tests/Units/CartTest.php" line="20" assertions="1" time="2.583335"/>
          <testcase name="testPay" class="Bavix\WalletBench\Test\Units\CartTest" classname="Bavix.WalletBench.Test.Units.CartTest" file="/Users/babichev/projects/laravel-wallet-benchmark/tests/Units/CartTest.php" line="20" assertions="1" time="2.573872"/>
          <testcase name="testPay" class="Bavix\WalletBench\Test\Units\CartTest" classname="Bavix.WalletBench.Test.Units.CartTest" file="/Users/babichev/projects/laravel-wallet-benchmark/tests/Units/CartTest.php" line="20" assertions="1" time="2.541542"/>
          <testcase name="testPay" class="Bavix\WalletBench\Test\Units\CartTest" classname="Bavix.WalletBench.Test.Units.CartTest" file="/Users/babichev/projects/laravel-wallet-benchmark/tests/Units/CartTest.php" line="20" assertions="1" time="2.537742"/>
          <testcase name="testPay" class="Bavix\WalletBench\Test\Units\CartTest" classname="Bavix.WalletBench.Test.Units.CartTest" file="/Users/babichev/projects/laravel-wallet-benchmark/tests/Units/CartTest.php" line="20" assertions="1" time="2.650425"/>
          <testcase name="testPay" class="Bavix\WalletBench\Test\Units\CartTest" classname="Bavix.WalletBench.Test.Units.CartTest" file="/Users/babichev/projects/laravel-wallet-benchmark/tests/Units/CartTest.php" line="20" assertions="1" time="2.514801"/>
          <testcase name="testPay" class="Bavix\WalletBench\Test\Units\CartTest" classname="Bavix.WalletBench.Test.Units.CartTest" file="/Users/babichev/projects/laravel-wallet-benchmark/tests/Units/CartTest.php" line="20" assertions="1" time="2.438352"/>
        </testsuite>
        <testsuite name="Bavix\WalletBench\Test\Units\CartTest::testPayFree" tests="25" assertions="25" errors="0" warnings="0" failures="0" skipped="0" time="48.874594">
          <testcase name="testPayFree" class="Bavix\WalletBench\Test\Units\CartTest" classname="Bavix.WalletBench.Test.Units.CartTest" file="/Users/babichev/projects/laravel-wallet-benchmark/tests/Units/CartTest.php" line="33" assertions="1" time="1.941198"/>
          <testcase name="testPayFree" class="Bavix\WalletBench\Test\Units\CartTest" classname="Bavix.WalletBench.Test.Units.CartTest" file="/Users/babichev/projects/laravel-wallet-benchmark/tests/Units/CartTest.php" line="33" assertions="1" time="1.942891"/>
          <testcase name="testPayFree" class="Bavix\WalletBench\Test\Units\CartTest" classname="Bavix.WalletBench.Test.Units.CartTest" file="/Users/babichev/projects/laravel-wallet-benchmark/tests/Units/CartTest.php" line="33" assertions="1" time="1.954883"/>
          <testcase name="testPayFree" class="Bavix\WalletBench\Test\Units\CartTest" classname="Bavix.WalletBench.Test.Units.CartTest" file="/Users/babichev/projects/laravel-wallet-benchmark/tests/Units/CartTest.php" line="33" assertions="1" time="1.916730"/>
          <testcase name="testPayFree" class="Bavix\WalletBench\Test\Units\CartTest" classname="Bavix.WalletBench.Test.Units.CartTest" file="/Users/babichev/projects/laravel-wallet-benchmark/tests/Units/CartTest.php" line="33" assertions="1" time="1.951792"/>
          <testcase name="testPayFree" class="Bavix\WalletBench\Test\Units\CartTest" classname="Bavix.WalletBench.Test.Units.CartTest" file="/Users/babichev/projects/laravel-wallet-benchmark/tests/Units/CartTest.php" line="33" assertions="1" time="1.899432"/>
          <testcase name="testPayFree" class="Bavix\WalletBench\Test\Units\CartTest" classname="Bavix.WalletBench.Test.Units.CartTest" file="/Users/babichev/projects/laravel-wallet-benchmark/tests/Units/CartTest.php" line="33" assertions="1" time="1.974822"/>
          <testcase name="testPayFree" class="Bavix\WalletBench\Test\Units\CartTest" classname="Bavix.WalletBench.Test.Units.CartTest" file="/Users/babichev/projects/laravel-wallet-benchmark/tests/Units/CartTest.php" line="33" assertions="1" time="1.449439"/>
          <testcase name="testPayFree" class="Bavix\WalletBench\Test\Units\CartTest" classname="Bavix.WalletBench.Test.Units.CartTest" file="/Users/babichev/projects/laravel-wallet-benchmark/tests/Units/CartTest.php" line="33" assertions="1" time="1.551321"/>
          <testcase name="testPayFree" class="Bavix\WalletBench\Test\Units\CartTest" classname="Bavix.WalletBench.Test.Units.CartTest" file="/Users/babichev/projects/laravel-wallet-benchmark/tests/Units/CartTest.php" line="33" assertions="1" time="1.951719"/>
          <testcase name="testPayFree" class="Bavix\WalletBench\Test\Units\CartTest" classname="Bavix.WalletBench.Test.Units.CartTest" file="/Users/babichev/projects/laravel-wallet-benchmark/tests/Units/CartTest.php" line="33" assertions="1" time="2.169889"/>
          <testcase name="testPayFree" class="Bavix\WalletBench\Test\Units\CartTest" classname="Bavix.WalletBench.Test.Units.CartTest" file="/Users/babichev/projects/laravel-wallet-benchmark/tests/Units/CartTest.php" line="33" assertions="1" time="2.014801"/>
          <testcase name="testPayFree" class="Bavix\WalletBench\Test\Units\CartTest" classname="Bavix.WalletBench.Test.Units.CartTest" file="/Users/babichev/projects/laravel-wallet-benchmark/tests/Units/CartTest.php" line="33" assertions="1" time="2.021305"/>
          <testcase name="testPayFree" class="Bavix\WalletBench\Test\Units\CartTest" classname="Bavix.WalletBench.Test.Units.CartTest" file="/Users/babichev/projects/laravel-wallet-benchmark/tests/Units/CartTest.php" line="33" assertions="1" time="2.038047"/>
          <testcase name="testPayFree" class="Bavix\WalletBench\Test\Units\CartTest" classname="Bavix.WalletBench.Test.Units.CartTest" file="/Users/babichev/projects/laravel-wallet-benchmark/tests/Units/CartTest.php" line="33" assertions="1" time="2.002464"/>
          <testcase name="testPayFree" class="Bavix\WalletBench\Test\Units\CartTest" classname="Bavix.WalletBench.Test.Units.CartTest" file="/Users/babichev/projects/laravel-wallet-benchmark/tests/Units/CartTest.php" line="33" assertions="1" time="2.167768"/>
          <testcase name="testPayFree" class="Bavix\WalletBench\Test\Units\CartTest" classname="Bavix.WalletBench.Test.Units.CartTest" file="/Users/babichev/projects/laravel-wallet-benchmark/tests/Units/CartTest.php" line="33" assertions="1" time="2.092798"/>
          <testcase name="testPayFree" class="Bavix\WalletBench\Test\Units\CartTest" classname="Bavix.WalletBench.Test.Units.CartTest" file="/Users/babichev/projects/laravel-wallet-benchmark/tests/Units/CartTest.php" line="33" assertions="1" time="1.936765"/>
          <testcase name="testPayFree" class="Bavix\WalletBench\Test\Units\CartTest" classname="Bavix.WalletBench.Test.Units.CartTest" file="/Users/babichev/projects/laravel-wallet-benchmark/tests/Units/CartTest.php" line="33" assertions="1" time="1.994605"/>
          <testcase name="testPayFree" class="Bavix\WalletBench\Test\Units\CartTest" classname="Bavix.WalletBench.Test.Units.CartTest" file="/Users/babichev/projects/laravel-wallet-benchmark/tests/Units/CartTest.php" line="33" assertions="1" time="1.966704"/>
          <testcase name="testPayFree" class="Bavix\WalletBench\Test\Units\CartTest" classname="Bavix.WalletBench.Test.Units.CartTest" file="/Users/babichev/projects/laravel-wallet-benchmark/tests/Units/CartTest.php" line="33" assertions="1" time="2.075809"/>
          <testcase name="testPayFree" class="Bavix\WalletBench\Test\Units\CartTest" classname="Bavix.WalletBench.Test.Units.CartTest" file="/Users/babichev/projects/laravel-wallet-benchmark/tests/Units/CartTest.php" line="33" assertions="1" time="1.922121"/>
          <testcase name="testPayFree" class="Bavix\WalletBench\Test\Units\CartTest" classname="Bavix.WalletBench.Test.Units.CartTest" file="/Users/babichev/projects/laravel-wallet-benchmark/tests/Units/CartTest.php" line="33" assertions="1" time="1.992211"/>
          <testcase name="testPayFree" class="Bavix\WalletBench\Test\Units\CartTest" classname="Bavix.WalletBench.Test.Units.CartTest" file="/Users/babichev/projects/laravel-wallet-benchmark/tests/Units/CartTest.php" line="33" assertions="1" time="1.912203"/>
          <testcase name="testPayFree" class="Bavix\WalletBench\Test\Units\CartTest" classname="Bavix.WalletBench.Test.Units.CartTest" file="/Users/babichev/projects/laravel-wallet-benchmark/tests/Units/CartTest.php" line="33" assertions="1" time="2.032877"/>
        </testsuite>
      </testsuite>
      <testsuite name="Bavix\WalletBench\Test\Units\SoloTest" file="/Users/babichev/projects/laravel-wallet-benchmark/tests/Units/SoloTest.php" tests="600" assertions="600" errors="0" warnings="0" failures="0" skipped="0" time="25.969152">
        <testsuite name="Bavix\WalletBench\Test\Units\SoloTest::testGetBalance" tests="300" assertions="300" errors="0" warnings="0" failures="0" skipped="0" time="8.029527">
          <testcase name="testGetBalance" class="Bavix\WalletBench\Test\Units\SoloTest" classname="Bavix.WalletBench.Test.Units.SoloTest" file="/Users/babichev/projects/laravel-wallet-benchmark/tests/Units/SoloTest.php" line="17" assertions="1" time="0.041518"/>
          <testcase name="testGetBalance" class="Bavix\WalletBench\Test\Units\SoloTest" classname="Bavix.WalletBench.Test.Units.SoloTest" file="/Users/babichev/projects/laravel-wallet-benchmark/tests/Units/SoloTest.php" line="17" assertions="1" time="0.033421"/>
          <testcase name="testGetBalance" class="Bavix\WalletBench\Test\Units\SoloTest" classname="Bavix.WalletBench.Test.Units.SoloTest" file="/Users/babichev/projects/laravel-wallet-benchmark/tests/Units/SoloTest.php" line="17" assertions="1" time="0.032079"/>
          <testcase name="testGetBalance" class="Bavix\WalletBench\Test\Units\SoloTest" classname="Bavix.WalletBench.Test.Units.SoloTest" file="/Users/babichev/projects/laravel-wallet-benchmark/tests/Units/SoloTest.php" line="17" assertions="1" time="0.042408"/>
          <testcase name="testGetBalance" class="Bavix\WalletBench\Test\Units\SoloTest" classname="Bavix.WalletBench.Test.Units.SoloTest" file="/Users/babichev/projects/laravel-wallet-benchmark/tests/Units/SoloTest.php" line="17" assertions="1" time="0.049157"/>
          <testcase name="testGetBalance" class="Bavix\WalletBench\Test\Units\SoloTest" classname="Bavix.WalletBench.Test.Units.SoloTest" file="/Users/babichev/projects/laravel-wallet-benchmark/tests/Units/SoloTest.php" line="17" assertions="1" time="0.051059"/>
          <testcase name="testGetBalance" class="Bavix\WalletBench\Test\Units\SoloTest" classname="Bavix.WalletBench.Test.Units.SoloTest" file="/Users/babichev/projects/laravel-wallet-benchmark/tests/Units/SoloTest.php" line="17" assertions="1" time="0.058587"/>
          <testcase name="testGetBalance" class="Bavix\WalletBench\Test\Units\SoloTest" classname="Bavix.WalletBench.Test.Units.SoloTest" file="/Users/babichev/projects/laravel-wallet-benchmark/tests/Units/SoloTest.php" line="17" assertions="1" time="0.057348"/>
          <testcase name="testGetBalance" class="Bavix\WalletBench\Test\Units\SoloTest" classname="Bavix.WalletBench.Test.Units.SoloTest" file="/Users/babichev/projects/laravel-wallet-benchmark/tests/Units/SoloTest.php" line="17" assertions="1" time="0.034016"/>
          <testcase name="testGetBalance" class="Bavix\WalletBench\Test\Units\SoloTest" classname="Bavix.WalletBench.Test.Units.SoloTest" file="/Users/babichev/projects/laravel-wallet-benchmark/tests/Units/SoloTest.php" line="17" assertions="1" time="0.029536"/>
          <testcase name="testGetBalance" class="Bavix\WalletBench\Test\Units\SoloTest" classname="Bavix.WalletBench.Test.Units.SoloTest" file="/Users/babichev/projects/laravel-wallet-benchmark/tests/Units/SoloTest.php" line="17" assertions="1" time="0.023121"/>
          <testcase name="testGetBalance" class="Bavix\WalletBench\Test\Units\SoloTest" classname="Bavix.WalletBench.Test.Units.SoloTest" file="/Users/babichev/projects/laravel-wallet-benchmark/tests/Units/SoloTest.php" line="17" assertions="1" time="0.023533"/>
          <testcase name="testGetBalance" class="Bavix\WalletBench\Test\Units\SoloTest" classname="Bavix.WalletBench.Test.Units.SoloTest" file="/Users/babichev/projects/laravel-wallet-benchmark/tests/Units/SoloTest.php" line="17" assertions="1" time="0.023731"/>
          <testcase name="testGetBalance" class="Bavix\WalletBench\Test\Units\SoloTest" classname="Bavix.WalletBench.Test.Units.SoloTest" file="/Users/babichev/projects/laravel-wallet-benchmark/tests/Units/SoloTest.php" line="17" assertions="1" time="0.026107"/>
          <testcase name="testGetBalance" class="Bavix\WalletBench\Test\Units\SoloTest" classname="Bavix.WalletBench.Test.Units.SoloTest" file="/Users/babichev/projects/laravel-wallet-benchmark/tests/Units/SoloTest.php" line="17" assertions="1" time="0.025567"/>
          <testcase name="testGetBalance" class="Bavix\WalletBench\Test\Units\SoloTest" classname="Bavix.WalletBench.Test.Units.SoloTest" file="/Users/babichev/projects/laravel-wallet-benchmark/tests/Units/SoloTest.php" line="17" assertions="1" time="0.023762"/>
          <testcase name="testGetBalance" class="Bavix\WalletBench\Test\Units\SoloTest" classname="Bavix.WalletBench.Test.Units.SoloTest" file="/Users/babichev/projects/laravel-wallet-benchmark/tests/Units/SoloTest.php" line="17" assertions="1" time="0.025930"/>
          <testcase name="testGetBalance" class="Bavix\WalletBench\Test\Units\SoloTest" classname="Bavix.WalletBench.Test.Units.SoloTest" file="/Users/babichev/projects/laravel-wallet-benchmark/tests/Units/SoloTest.php" line="17" assertions="1" time="0.025372"/>
          <testcase name="testGetBalance" class="Bavix\WalletBench\Test\Units\SoloTest" classname="Bavix.WalletBench.Test.Units.SoloTest" file="/Users/babichev/projects/laravel-wallet-benchmark/tests/Units/SoloTest.php" line="17" assertions="1" time="0.034098"/>
          <testcase name="testGetBalance" class="Bavix\WalletBench\Test\Units\SoloTest" classname="Bavix.WalletBench.Test.Units.SoloTest" file="/Users/babichev/projects/laravel-wallet-benchmark/tests/Units/SoloTest.php" line="17" assertions="1" time="0.023482"/>
          <testcase name="testGetBalance" class="Bavix\WalletBench\Test\Units\SoloTest" classname="Bavix.WalletBench.Test.Units.SoloTest" file="/Users/babichev/projects/laravel-wallet-benchmark/tests/Units/SoloTest.php" line="17" assertions="1" time="0.029339"/>
          <testcase name="testGetBalance" class="Bavix\WalletBench\Test\Units\SoloTest" classname="Bavix.WalletBench.Test.Units.SoloTest" file="/Users/babichev/projects/laravel-wallet-benchmark/tests/Units/SoloTest.php" line="17" assertions="1" time="0.026089"/>
          <testcase name="testGetBalance" class="Bavix\WalletBench\Test\Units\SoloTest" classname="Bavix.WalletBench.Test.Units.SoloTest" file="/Users/babichev/projects/laravel-wallet-benchmark/tests/Units/SoloTest.php" line="17" assertions="1" time="0.027159"/>
          <testcase name="testGetBalance" class="Bavix\WalletBench\Test\Units\SoloTest" classname="Bavix.WalletBench.Test.Units.SoloTest" file="/Users/babichev/projects/laravel-wallet-benchmark/tests/Units/SoloTest.php" line="17" assertions="1" time="0.022215"/>
          <testcase name="testGetBalance" class="Bavix\WalletBench\Test\Units\SoloTest" classname="Bavix.WalletBench.Test.Units.SoloTest" file="/Users/babichev/projects/laravel-wallet-benchmark/tests/Units/SoloTest.php" line="17" assertions="1" time="0.022849"/>
          <testcase name="testGetBalance" class="Bavix\WalletBench\Test\Units\SoloTest" classname="Bavix.WalletBench.Test.Units.SoloTest" file="/Users/babichev/projects/laravel-wallet-benchmark/tests/Units/SoloTest.php" line="17" assertions="1" time="0.024980"/>
          <testcase name="testGetBalance" class="Bavix\WalletBench\Test\Units\SoloTest" classname="Bavix.WalletBench.Test.Units.SoloTest" file="/Users/babichev/projects/laravel-wallet-benchmark/tests/Units/SoloTest.php" line="17" assertions="1" time="0.024886"/>
          <testcase name="testGetBalance" class="Bavix\WalletBench\Test\Units\SoloTest" classname="Bavix.WalletBench.Test.Units.SoloTest" file="/Users/babichev/projects/laravel-wallet-benchmark/tests/Units/SoloTest.php" line="17" assertions="1" time="0.023157"/>
          <testcase name="testGetBalance" class="Bavix\WalletBench\Test\Units\SoloTest" classname="Bavix.WalletBench.Test.Units.SoloTest" file="/Users/babichev/projects/laravel-wallet-benchmark/tests/Units/SoloTest.php" line="17" assertions="1" time="0.023526"/>
          <testcase name="testGetBalance" class="Bavix\WalletBench\Test\Units\SoloTest" classname="Bavix.WalletBench.Test.Units.SoloTest" file="/Users/babichev/projects/laravel-wallet-benchmark/tests/Units/SoloTest.php" line="17" assertions="1" time="0.024012"/>
          <testcase name="testGetBalance" class="Bavix\WalletBench\Test\Units\SoloTest" classname="Bavix.WalletBench.Test.Units.SoloTest" file="/Users/babichev/projects/laravel-wallet-benchmark/tests/Units/SoloTest.php" line="17" assertions="1" time="0.025714"/>
          <testcase name="testGetBalance" class="Bavix\WalletBench\Test\Units\SoloTest" classname="Bavix.WalletBench.Test.Units.SoloTest" file="/Users/babichev/projects/laravel-wallet-benchmark/tests/Units/SoloTest.php" line="17" assertions="1" time="0.025335"/>
          <testcase name="testGetBalance" class="Bavix\WalletBench\Test\Units\SoloTest" classname="Bavix.WalletBench.Test.Units.SoloTest" file="/Users/babichev/projects/laravel-wallet-benchmark/tests/Units/SoloTest.php" line="17" assertions="1" time="0.025853"/>
          <testcase name="testGetBalance" class="Bavix\WalletBench\Test\Units\SoloTest" classname="Bavix.WalletBench.Test.Units.SoloTest" file="/Users/babichev/projects/laravel-wallet-benchmark/tests/Units/SoloTest.php" line="17" assertions="1" time="0.021723"/>
          <testcase name="testGetBalance" class="Bavix\WalletBench\Test\Units\SoloTest" classname="Bavix.WalletBench.Test.Units.SoloTest" file="/Users/babichev/projects/laravel-wallet-benchmark/tests/Units/SoloTest.php" line="17" assertions="1" time="0.024682"/>
          <testcase name="testGetBalance" class="Bavix\WalletBench\Test\Units\SoloTest" classname="Bavix.WalletBench.Test.Units.SoloTest" file="/Users/babichev/projects/laravel-wallet-benchmark/tests/Units/SoloTest.php" line="17" assertions="1" time="0.024280"/>
          <testcase name="testGetBalance" class="Bavix\WalletBench\Test\Units\SoloTest" classname="Bavix.WalletBench.Test.Units.SoloTest" file="/Users/babichev/projects/laravel-wallet-benchmark/tests/Units/SoloTest.php" line="17" assertions="1" time="0.023877"/>
          <testcase name="testGetBalance" class="Bavix\WalletBench\Test\Units\SoloTest" classname="Bavix.WalletBench.Test.Units.SoloTest" file="/Users/babichev/projects/laravel-wallet-benchmark/tests/Units/SoloTest.php" line="17" assertions="1" time="0.024502"/>
          <testcase name="testGetBalance" class="Bavix\WalletBench\Test\Units\SoloTest" classname="Bavix.WalletBench.Test.Units.SoloTest" file="/Users/babichev/projects/laravel-wallet-benchmark/tests/Units/SoloTest.php" line="17" assertions="1" time="0.026450"/>
          <testcase name="testGetBalance" class="Bavix\WalletBench\Test\Units\SoloTest" classname="Bavix.WalletBench.Test.Units.SoloTest" file="/Users/babichev/projects/laravel-wallet-benchmark/tests/Units/SoloTest.php" line="17" assertions="1" time="0.021214"/>
          <testcase name="testGetBalance" class="Bavix\WalletBench\Test\Units\SoloTest" classname="Bavix.WalletBench.Test.Units.SoloTest" file="/Users/babichev/projects/laravel-wallet-benchmark/tests/Units/SoloTest.php" line="17" assertions="1" time="0.024515"/>
          <testcase name="testGetBalance" class="Bavix\WalletBench\Test\Units\SoloTest" classname="Bavix.WalletBench.Test.Units.SoloTest" file="/Users/babichev/projects/laravel-wallet-benchmark/tests/Units/SoloTest.php" line="17" assertions="1" time="0.024938"/>
          <testcase name="testGetBalance" class="Bavix\WalletBench\Test\Units\SoloTest" classname="Bavix.WalletBench.Test.Units.SoloTest" file="/Users/babichev/projects/laravel-wallet-benchmark/tests/Units/SoloTest.php" line="17" assertions="1" time="0.023728"/>
          <testcase name="testGetBalance" class="Bavix\WalletBench\Test\Units\SoloTest" classname="Bavix.WalletBench.Test.Units.SoloTest" file="/Users/babichev/projects/laravel-wallet-benchmark/tests/Units/SoloTest.php" line="17" assertions="1" time="0.022876"/>
          <testcase name="testGetBalance" class="Bavix\WalletBench\Test\Units\SoloTest" classname="Bavix.WalletBench.Test.Units.SoloTest" file="/Users/babichev/projects/laravel-wallet-benchmark/tests/Units/SoloTest.php" line="17" assertions="1" time="0.024908"/>
          <testcase name="testGetBalance" class="Bavix\WalletBench\Test\Units\SoloTest" classname="Bavix.WalletBench.Test.Units.SoloTest" file="/Users/babichev/projects/laravel-wallet-benchmark/tests/Units/SoloTest.php" line="17" assertions="1" time="0.020710"/>
          <testcase name="testGetBalance" class="Bavix\WalletBench\Test\Units\SoloTest" classname="Bavix.WalletBench.Test.Units.SoloTest" file="/Users/babichev/projects/laravel-wallet-benchmark/tests/Units/SoloTest.php" line="17" assertions="1" time="0.024741"/>
          <testcase name="testGetBalance" class="Bavix\WalletBench\Test\Units\SoloTest" classname="Bavix.WalletBench.Test.Units.SoloTest" file="/Users/babichev/projects/laravel-wallet-benchmark/tests/Units/SoloTest.php" line="17" assertions="1" time="0.024376"/>
          <testcase name="testGetBalance" class="Bavix\WalletBench\Test\Units\SoloTest" classname="Bavix.WalletBench.Test.Units.SoloTest" file="/Users/babichev/projects/laravel-wallet-benchmark/tests/Units/SoloTest.php" line="17" assertions="1" time="0.024502"/>
          <testcase name="testGetBalance" class="Bavix\WalletBench\Test\Units\SoloTest" classname="Bavix.WalletBench.Test.Units.SoloTest" file="/Users/babichev/projects/laravel-wallet-benchmark/tests/Units/SoloTest.php" line="17" assertions="1" time="0.023298"/>
          <testcase name="testGetBalance" class="Bavix\WalletBench\Test\Units\SoloTest" classname="Bavix.WalletBench.Test.Units.SoloTest" file="/Users/babichev/projects/laravel-wallet-benchmark/tests/Units/SoloTest.php" line="17" assertions="1" time="0.025047"/>
          <testcase name="testGetBalance" class="Bavix\WalletBench\Test\Units\SoloTest" classname="Bavix.WalletBench.Test.Units.SoloTest" file="/Users/babichev/projects/laravel-wallet-benchmark/tests/Units/SoloTest.php" line="17" assertions="1" time="0.022070"/>
          <testcase name="testGetBalance" class="Bavix\WalletBench\Test\Units\SoloTest" classname="Bavix.WalletBench.Test.Units.SoloTest" file="/Users/babichev/projects/laravel-wallet-benchmark/tests/Units/SoloTest.php" line="17" assertions="1" time="0.022092"/>
          <testcase name="testGetBalance" class="Bavix\WalletBench\Test\Units\SoloTest" classname="Bavix.WalletBench.Test.Units.SoloTest" file="/Users/babichev/projects/laravel-wallet-benchmark/tests/Units/SoloTest.php" line="17" assertions="1" time="0.024966"/>
          <testcase name="testGetBalance" class="Bavix\WalletBench\Test\Units\SoloTest" classname="Bavix.WalletBench.Test.Units.SoloTest" file="/Users/babichev/projects/laravel-wallet-benchmark/tests/Units/SoloTest.php" line="17" assertions="1" time="0.023187"/>
          <testcase name="testGetBalance" class="Bavix\WalletBench\Test\Units\SoloTest" classname="Bavix.WalletBench.Test.Units.SoloTest" file="/Users/babichev/projects/laravel-wallet-benchmark/tests/Units/SoloTest.php" line="17" assertions="1" time="0.022628"/>
          <testcase name="testGetBalance" class="Bavix\WalletBench\Test\Units\SoloTest" classname="Bavix.WalletBench.Test.Units.SoloTest" file="/Users/babichev/projects/laravel-wallet-benchmark/tests/Units/SoloTest.php" line="17" assertions="1" time="0.023738"/>
          <testcase name="testGetBalance" class="Bavix\WalletBench\Test\Units\SoloTest" classname="Bavix.WalletBench.Test.Units.SoloTest" file="/Users/babichev/projects/laravel-wallet-benchmark/tests/Units/SoloTest.php" line="17" assertions="1" time="0.023931"/>
          <testcase name="testGetBalance" class="Bavix\WalletBench\Test\Units\SoloTest" classname="Bavix.WalletBench.Test.Units.SoloTest" file="/Users/babichev/projects/laravel-wallet-benchmark/tests/Units/SoloTest.php" line="17" assertions="1" time="0.020694"/>
          <testcase name="testGetBalance" class="Bavix\WalletBench\Test\Units\SoloTest" classname="Bavix.WalletBench.Test.Units.SoloTest" file="/Users/babichev/projects/laravel-wallet-benchmark/tests/Units/SoloTest.php" line="17" assertions="1" time="0.023941"/>
          <testcase name="testGetBalance" class="Bavix\WalletBench\Test\Units\SoloTest" classname="Bavix.WalletBench.Test.Units.SoloTest" file="/Users/babichev/projects/laravel-wallet-benchmark/tests/Units/SoloTest.php" line="17" assertions="1" time="0.022329"/>
          <testcase name="testGetBalance" class="Bavix\WalletBench\Test\Units\SoloTest" classname="Bavix.WalletBench.Test.Units.SoloTest" file="/Users/babichev/projects/laravel-wallet-benchmark/tests/Units/SoloTest.php" line="17" assertions="1" time="0.022639"/>
          <testcase name="testGetBalance" class="Bavix\WalletBench\Test\Units\SoloTest" classname="Bavix.WalletBench.Test.Units.SoloTest" file="/Users/babichev/projects/laravel-wallet-benchmark/tests/Units/SoloTest.php" line="17" assertions="1" time="0.022263"/>
          <testcase name="testGetBalance" class="Bavix\WalletBench\Test\Units\SoloTest" classname="Bavix.WalletBench.Test.Units.SoloTest" file="/Users/babichev/projects/laravel-wallet-benchmark/tests/Units/SoloTest.php" line="17" assertions="1" time="0.023591"/>
          <testcase name="testGetBalance" class="Bavix\WalletBench\Test\Units\SoloTest" classname="Bavix.WalletBench.Test.Units.SoloTest" file="/Users/babichev/projects/laravel-wallet-benchmark/tests/Units/SoloTest.php" line="17" assertions="1" time="0.023226"/>
          <testcase name="testGetBalance" class="Bavix\WalletBench\Test\Units\SoloTest" classname="Bavix.WalletBench.Test.Units.SoloTest" file="/Users/babichev/projects/laravel-wallet-benchmark/tests/Units/SoloTest.php" line="17" assertions="1" time="0.024484"/>
          <testcase name="testGetBalance" class="Bavix\WalletBench\Test\Units\SoloTest" classname="Bavix.WalletBench.Test.Units.SoloTest" file="/Users/babichev/projects/laravel-wallet-benchmark/tests/Units/SoloTest.php" line="17" assertions="1" time="0.026285"/>
          <testcase name="testGetBalance" class="Bavix\WalletBench\Test\Units\SoloTest" classname="Bavix.WalletBench.Test.Units.SoloTest" file="/Users/babichev/projects/laravel-wallet-benchmark/tests/Units/SoloTest.php" line="17" assertions="1" time="0.056266"/>
          <testcase name="testGetBalance" class="Bavix\WalletBench\Test\Units\SoloTest" classname="Bavix.WalletBench.Test.Units.SoloTest" file="/Users/babichev/projects/laravel-wallet-benchmark/tests/Units/SoloTest.php" line="17" assertions="1" time="0.026023"/>
          <testcase name="testGetBalance" class="Bavix\WalletBench\Test\Units\SoloTest" classname="Bavix.WalletBench.Test.Units.SoloTest" file="/Users/babichev/projects/laravel-wallet-benchmark/tests/Units/SoloTest.php" line="17" assertions="1" time="0.020888"/>
          <testcase name="testGetBalance" class="Bavix\WalletBench\Test\Units\SoloTest" classname="Bavix.WalletBench.Test.Units.SoloTest" file="/Users/babichev/projects/laravel-wallet-benchmark/tests/Units/SoloTest.php" line="17" assertions="1" time="0.026026"/>
          <testcase name="testGetBalance" class="Bavix\WalletBench\Test\Units\SoloTest" classname="Bavix.WalletBench.Test.Units.SoloTest" file="/Users/babichev/projects/laravel-wallet-benchmark/tests/Units/SoloTest.php" line="17" assertions="1" time="0.023728"/>
          <testcase name="testGetBalance" class="Bavix\WalletBench\Test\Units\SoloTest" classname="Bavix.WalletBench.Test.Units.SoloTest" file="/Users/babichev/projects/laravel-wallet-benchmark/tests/Units/SoloTest.php" line="17" assertions="1" time="0.023917"/>
          <testcase name="testGetBalance" class="Bavix\WalletBench\Test\Units\SoloTest" classname="Bavix.WalletBench.Test.Units.SoloTest" file="/Users/babichev/projects/laravel-wallet-benchmark/tests/Units/SoloTest.php" line="17" assertions="1" time="0.023794"/>
          <testcase name="testGetBalance" class="Bavix\WalletBench\Test\Units\SoloTest" classname="Bavix.WalletBench.Test.Units.SoloTest" file="/Users/babichev/projects/laravel-wallet-benchmark/tests/Units/SoloTest.php" line="17" assertions="1" time="0.026276"/>
          <testcase name="testGetBalance" class="Bavix\WalletBench\Test\Units\SoloTest" classname="Bavix.WalletBench.Test.Units.SoloTest" file="/Users/babichev/projects/laravel-wallet-benchmark/tests/Units/SoloTest.php" line="17" assertions="1" time="0.021888"/>
          <testcase name="testGetBalance" class="Bavix\WalletBench\Test\Units\SoloTest" classname="Bavix.WalletBench.Test.Units.SoloTest" file="/Users/babichev/projects/laravel-wallet-benchmark/tests/Units/SoloTest.php" line="17" assertions="1" time="0.026395"/>
          <testcase name="testGetBalance" class="Bavix\WalletBench\Test\Units\SoloTest" classname="Bavix.WalletBench.Test.Units.SoloTest" file="/Users/babichev/projects/laravel-wallet-benchmark/tests/Units/SoloTest.php" line="17" assertions="1" time="0.024236"/>
          <testcase name="testGetBalance" class="Bavix\WalletBench\Test\Units\SoloTest" classname="Bavix.WalletBench.Test.Units.SoloTest" file="/Users/babichev/projects/laravel-wallet-benchmark/tests/Units/SoloTest.php" line="17" assertions="1" time="0.024624"/>
          <testcase name="testGetBalance" class="Bavix\WalletBench\Test\Units\SoloTest" classname="Bavix.WalletBench.Test.Units.SoloTest" file="/Users/babichev/projects/laravel-wallet-benchmark/tests/Units/SoloTest.php" line="17" assertions="1" time="0.026165"/>
          <testcase name="testGetBalance" class="Bavix\WalletBench\Test\Units\SoloTest" classname="Bavix.WalletBench.Test.Units.SoloTest" file="/Users/babichev/projects/laravel-wallet-benchmark/tests/Units/SoloTest.php" line="17" assertions="1" time="0.025305"/>
          <testcase name="testGetBalance" class="Bavix\WalletBench\Test\Units\SoloTest" classname="Bavix.WalletBench.Test.Units.SoloTest" file="/Users/babichev/projects/laravel-wallet-benchmark/tests/Units/SoloTest.php" line="17" assertions="1" time="0.021102"/>
          <testcase name="testGetBalance" class="Bavix\WalletBench\Test\Units\SoloTest" classname="Bavix.WalletBench.Test.Units.SoloTest" file="/Users/babichev/projects/laravel-wallet-benchmark/tests/Units/SoloTest.php" line="17" assertions="1" time="0.023335"/>
          <testcase name="testGetBalance" class="Bavix\WalletBench\Test\Units\SoloTest" classname="Bavix.WalletBench.Test.Units.SoloTest" file="/Users/babichev/projects/laravel-wallet-benchmark/tests/Units/SoloTest.php" line="17" assertions="1" time="0.022702"/>
          <testcase name="testGetBalance" class="Bavix\WalletBench\Test\Units\SoloTest" classname="Bavix.WalletBench.Test.Units.SoloTest" file="/Users/babichev/projects/laravel-wallet-benchmark/tests/Units/SoloTest.php" line="17" assertions="1" time="0.044523"/>
          <testcase name="testGetBalance" class="Bavix\WalletBench\Test\Units\SoloTest" classname="Bavix.WalletBench.Test.Units.SoloTest" file="/Users/babichev/projects/laravel-wallet-benchmark/tests/Units/SoloTest.php" line="17" assertions="1" time="0.023713"/>
          <testcase name="testGetBalance" class="Bavix\WalletBench\Test\Units\SoloTest" classname="Bavix.WalletBench.Test.Units.SoloTest" file="/Users/babichev/projects/laravel-wallet-benchmark/tests/Units/SoloTest.php" line="17" assertions="1" time="0.025290"/>
          <testcase name="testGetBalance" class="Bavix\WalletBench\Test\Units\SoloTest" classname="Bavix.WalletBench.Test.Units.SoloTest" file="/Users/babichev/projects/laravel-wallet-benchmark/tests/Units/SoloTest.php" line="17" assertions="1" time="0.028193"/>
          <testcase name="testGetBalance" class="Bavix\WalletBench\Test\Units\SoloTest" classname="Bavix.WalletBench.Test.Units.SoloTest" file="/Users/babichev/projects/laravel-wallet-benchmark/tests/Units/SoloTest.php" line="17" assertions="1" time="0.022048"/>
          <testcase name="testGetBalance" class="Bavix\WalletBench\Test\Units\SoloTest" classname="Bavix.WalletBench.Test.Units.SoloTest" file="/Users/babichev/projects/laravel-wallet-benchmark/tests/Units/SoloTest.php" line="17" assertions="1" time="0.022513"/>
          <testcase name="testGetBalance" class="Bavix\WalletBench\Test\Units\SoloTest" classname="Bavix.WalletBench.Test.Units.SoloTest" file="/Users/babichev/projects/laravel-wallet-benchmark/tests/Units/SoloTest.php" line="17" assertions="1" time="0.023912"/>
          <testcase name="testGetBalance" class="Bavix\WalletBench\Test\Units\SoloTest" classname="Bavix.WalletBench.Test.Units.SoloTest" file="/Users/babichev/projects/laravel-wallet-benchmark/tests/Units/SoloTest.php" line="17" assertions="1" time="0.024201"/>
          <testcase name="testGetBalance" class="Bavix\WalletBench\Test\Units\SoloTest" classname="Bavix.WalletBench.Test.Units.SoloTest" file="/Users/babichev/projects/laravel-wallet-benchmark/tests/Units/SoloTest.php" line="17" assertions="1" time="0.027307"/>
          <testcase name="testGetBalance" class="Bavix\WalletBench\Test\Units\SoloTest" classname="Bavix.WalletBench.Test.Units.SoloTest" file="/Users/babichev/projects/laravel-wallet-benchmark/tests/Units/SoloTest.php" line="17" assertions="1" time="0.024626"/>
          <testcase name="testGetBalance" class="Bavix\WalletBench\Test\Units\SoloTest" classname="Bavix.WalletBench.Test.Units.SoloTest" file="/Users/babichev/projects/laravel-wallet-benchmark/tests/Units/SoloTest.php" line="17" assertions="1" time="0.022808"/>
          <testcase name="testGetBalance" class="Bavix\WalletBench\Test\Units\SoloTest" classname="Bavix.WalletBench.Test.Units.SoloTest" file="/Users/babichev/projects/laravel-wallet-benchmark/tests/Units/SoloTest.php" line="17" assertions="1" time="0.025053"/>
          <testcase name="testGetBalance" class="Bavix\WalletBench\Test\Units\SoloTest" classname="Bavix.WalletBench.Test.Units.SoloTest" file="/Users/babichev/projects/laravel-wallet-benchmark/tests/Units/SoloTest.php" line="17" assertions="1" time="0.025559"/>
          <testcase name="testGetBalance" class="Bavix\WalletBench\Test\Units\SoloTest" classname="Bavix.WalletBench.Test.Units.SoloTest" file="/Users/babichev/projects/laravel-wallet-benchmark/tests/Units/SoloTest.php" line="17" assertions="1" time="0.026653"/>
          <testcase name="testGetBalance" class="Bavix\WalletBench\Test\Units\SoloTest" classname="Bavix.WalletBench.Test.Units.SoloTest" file="/Users/babichev/projects/laravel-wallet-benchmark/tests/Units/SoloTest.php" line="17" assertions="1" time="0.025488"/>
          <testcase name="testGetBalance" class="Bavix\WalletBench\Test\Units\SoloTest" classname="Bavix.WalletBench.Test.Units.SoloTest" file="/Users/babichev/projects/laravel-wallet-benchmark/tests/Units/SoloTest.php" line="17" assertions="1" time="0.022049"/>
          <testcase name="testGetBalance" class="Bavix\WalletBench\Test\Units\SoloTest" classname="Bavix.WalletBench.Test.Units.SoloTest" file="/Users/babichev/projects/laravel-wallet-benchmark/tests/Units/SoloTest.php" line="17" assertions="1" time="0.023980"/>
          <testcase name="testGetBalance" class="Bavix\WalletBench\Test\Units\SoloTest" classname="Bavix.WalletBench.Test.Units.SoloTest" file="/Users/babichev/projects/laravel-wallet-benchmark/tests/Units/SoloTest.php" line="17" assertions="1" time="0.024125"/>
          <testcase name="testGetBalance" class="Bavix\WalletBench\Test\Units\SoloTest" classname="Bavix.WalletBench.Test.Units.SoloTest" file="/Users/babichev/projects/laravel-wallet-benchmark/tests/Units/SoloTest.php" line="17" assertions="1" time="0.026290"/>
          <testcase name="testGetBalance" class="Bavix\WalletBench\Test\Units\SoloTest" classname="Bavix.WalletBench.Test.Units.SoloTest" file="/Users/babichev/projects/laravel-wallet-benchmark/tests/Units/SoloTest.php" line="17" assertions="1" time="0.024831"/>
          <testcase name="testGetBalance" class="Bavix\WalletBench\Test\Units\SoloTest" classname="Bavix.WalletBench.Test.Units.SoloTest" file="/Users/babichev/projects/laravel-wallet-benchmark/tests/Units/SoloTest.php" line="17" assertions="1" time="0.024834"/>
          <testcase name="testGetBalance" class="Bavix\WalletBench\Test\Units\SoloTest" classname="Bavix.WalletBench.Test.Units.SoloTest" file="/Users/babichev/projects/laravel-wallet-benchmark/tests/Units/SoloTest.php" line="17" assertions="1" time="0.023334"/>
          <testcase name="testGetBalance" class="Bavix\WalletBench\Test\Units\SoloTest" classname="Bavix.WalletBench.Test.Units.SoloTest" file="/Users/babichev/projects/laravel-wallet-benchmark/tests/Units/SoloTest.php" line="17" assertions="1" time="0.024392"/>
          <testcase name="testGetBalance" class="Bavix\WalletBench\Test\Units\SoloTest" classname="Bavix.WalletBench.Test.Units.SoloTest" file="/Users/babichev/projects/laravel-wallet-benchmark/tests/Units/SoloTest.php" line="17" assertions="1" time="0.026171"/>
          <testcase name="testGetBalance" class="Bavix\WalletBench\Test\Units\SoloTest" classname="Bavix.WalletBench.Test.Units.SoloTest" file="/Users/babichev/projects/laravel-wallet-benchmark/tests/Units/SoloTest.php" line="17" assertions="1" time="0.023828"/>
          <testcase name="testGetBalance" class="Bavix\WalletBench\Test\Units\SoloTest" classname="Bavix.WalletBench.Test.Units.SoloTest" file="/Users/babichev/projects/laravel-wallet-benchmark/tests/Units/SoloTest.php" line="17" assertions="1" time="0.025324"/>
          <testcase name="testGetBalance" class="Bavix\WalletBench\Test\Units\SoloTest" classname="Bavix.WalletBench.Test.Units.SoloTest" file="/Users/babichev/projects/laravel-wallet-benchmark/tests/Units/SoloTest.php" line="17" assertions="1" time="0.024249"/>
          <testcase name="testGetBalance" class="Bavix\WalletBench\Test\Units\SoloTest" classname="Bavix.WalletBench.Test.Units.SoloTest" file="/Users/babichev/projects/laravel-wallet-benchmark/tests/Units/SoloTest.php" line="17" assertions="1" time="0.023114"/>
          <testcase name="testGetBalance" class="Bavix\WalletBench\Test\Units\SoloTest" classname="Bavix.WalletBench.Test.Units.SoloTest" file="/Users/babichev/projects/laravel-wallet-benchmark/tests/Units/SoloTest.php" line="17" assertions="1" time="0.023078"/>
          <testcase name="testGetBalance" class="Bavix\WalletBench\Test\Units\SoloTest" classname="Bavix.WalletBench.Test.Units.SoloTest" file="/Users/babichev/projects/laravel-wallet-benchmark/tests/Units/SoloTest.php" line="17" assertions="1" time="0.023827"/>
          <testcase name="testGetBalance" class="Bavix\WalletBench\Test\Units\SoloTest" classname="Bavix.WalletBench.Test.Units.SoloTest" file="/Users/babichev/projects/laravel-wallet-benchmark/tests/Units/SoloTest.php" line="17" assertions="1" time="0.022333"/>
          <testcase name="testGetBalance" class="Bavix\WalletBench\Test\Units\SoloTest" classname="Bavix.WalletBench.Test.Units.SoloTest" file="/Users/babichev/projects/laravel-wallet-benchmark/tests/Units/SoloTest.php" line="17" assertions="1" time="0.025907"/>
          <testcase name="testGetBalance" class="Bavix\WalletBench\Test\Units\SoloTest" classname="Bavix.WalletBench.Test.Units.SoloTest" file="/Users/babichev/projects/laravel-wallet-benchmark/tests/Units/SoloTest.php" line="17" assertions="1" time="0.023931"/>
          <testcase name="testGetBalance" class="Bavix\WalletBench\Test\Units\SoloTest" classname="Bavix.WalletBench.Test.Units.SoloTest" file="/Users/babichev/projects/laravel-wallet-benchmark/tests/Units/SoloTest.php" line="17" assertions="1" time="0.024305"/>
          <testcase name="testGetBalance" class="Bavix\WalletBench\Test\Units\SoloTest" classname="Bavix.WalletBench.Test.Units.SoloTest" file="/Users/babichev/projects/laravel-wallet-benchmark/tests/Units/SoloTest.php" line="17" assertions="1" time="0.021531"/>
          <testcase name="testGetBalance" class="Bavix\WalletBench\Test\Units\SoloTest" classname="Bavix.WalletBench.Test.Units.SoloTest" file="/Users/babichev/projects/laravel-wallet-benchmark/tests/Units/SoloTest.php" line="17" assertions="1" time="0.026327"/>
          <testcase name="testGetBalance" class="Bavix\WalletBench\Test\Units\SoloTest" classname="Bavix.WalletBench.Test.Units.SoloTest" file="/Users/babichev/projects/laravel-wallet-benchmark/tests/Units/SoloTest.php" line="17" assertions="1" time="0.041607"/>
          <testcase name="testGetBalance" class="Bavix\WalletBench\Test\Units\SoloTest" classname="Bavix.WalletBench.Test.Units.SoloTest" file="/Users/babichev/projects/laravel-wallet-benchmark/tests/Units/SoloTest.php" line="17" assertions="1" time="0.023030"/>
          <testcase name="testGetBalance" class="Bavix\WalletBench\Test\Units\SoloTest" classname="Bavix.WalletBench.Test.Units.SoloTest" file="/Users/babichev/projects/laravel-wallet-benchmark/tests/Units/SoloTest.php" line="17" assertions="1" time="0.027552"/>
          <testcase name="testGetBalance" class="Bavix\WalletBench\Test\Units\SoloTest" classname="Bavix.WalletBench.Test.Units.SoloTest" file="/Users/babichev/projects/laravel-wallet-benchmark/tests/Units/SoloTest.php" line="17" assertions="1" time="0.025020"/>
          <testcase name="testGetBalance" class="Bavix\WalletBench\Test\Units\SoloTest" classname="Bavix.WalletBench.Test.Units.SoloTest" file="/Users/babichev/projects/laravel-wallet-benchmark/tests/Units/SoloTest.php" line="17" assertions="1" time="0.023572"/>
          <testcase name="testGetBalance" class="Bavix\WalletBench\Test\Units\SoloTest" classname="Bavix.WalletBench.Test.Units.SoloTest" file="/Users/babichev/projects/laravel-wallet-benchmark/tests/Units/SoloTest.php" line="17" assertions="1" time="0.024534"/>
          <testcase name="testGetBalance" class="Bavix\WalletBench\Test\Units\SoloTest" classname="Bavix.WalletBench.Test.Units.SoloTest" file="/Users/babichev/projects/laravel-wallet-benchmark/tests/Units/SoloTest.php" line="17" assertions="1" time="0.031170"/>
          <testcase name="testGetBalance" class="Bavix\WalletBench\Test\Units\SoloTest" classname="Bavix.WalletBench.Test.Units.SoloTest" file="/Users/babichev/projects/laravel-wallet-benchmark/tests/Units/SoloTest.php" line="17" assertions="1" time="0.025177"/>
          <testcase name="testGetBalance" class="Bavix\WalletBench\Test\Units\SoloTest" classname="Bavix.WalletBench.Test.Units.SoloTest" file="/Users/babichev/projects/laravel-wallet-benchmark/tests/Units/SoloTest.php" line="17" assertions="1" time="0.026401"/>
          <testcase name="testGetBalance" class="Bavix\WalletBench\Test\Units\SoloTest" classname="Bavix.WalletBench.Test.Units.SoloTest" file="/Users/babichev/projects/laravel-wallet-benchmark/tests/Units/SoloTest.php" line="17" assertions="1" time="0.022640"/>
          <testcase name="testGetBalance" class="Bavix\WalletBench\Test\Units\SoloTest" classname="Bavix.WalletBench.Test.Units.SoloTest" file="/Users/babichev/projects/laravel-wallet-benchmark/tests/Units/SoloTest.php" line="17" assertions="1" time="0.032941"/>
          <testcase name="testGetBalance" class="Bavix\WalletBench\Test\Units\SoloTest" classname="Bavix.WalletBench.Test.Units.SoloTest" file="/Users/babichev/projects/laravel-wallet-benchmark/tests/Units/SoloTest.php" line="17" assertions="1" time="0.025344"/>
          <testcase name="testGetBalance" class="Bavix\WalletBench\Test\Units\SoloTest" classname="Bavix.WalletBench.Test.Units.SoloTest" file="/Users/babichev/projects/laravel-wallet-benchmark/tests/Units/SoloTest.php" line="17" assertions="1" time="0.021277"/>
          <testcase name="testGetBalance" class="Bavix\WalletBench\Test\Units\SoloTest" classname="Bavix.WalletBench.Test.Units.SoloTest" file="/Users/babichev/projects/laravel-wallet-benchmark/tests/Units/SoloTest.php" line="17" assertions="1" time="0.024757"/>
          <testcase name="testGetBalance" class="Bavix\WalletBench\Test\Units\SoloTest" classname="Bavix.WalletBench.Test.Units.SoloTest" file="/Users/babichev/projects/laravel-wallet-benchmark/tests/Units/SoloTest.php" line="17" assertions="1" time="0.026293"/>
          <testcase name="testGetBalance" class="Bavix\WalletBench\Test\Units\SoloTest" classname="Bavix.WalletBench.Test.Units.SoloTest" file="/Users/babichev/projects/laravel-wallet-benchmark/tests/Units/SoloTest.php" line="17" assertions="1" time="0.023246"/>
          <testcase name="testGetBalance" class="Bavix\WalletBench\Test\Units\SoloTest" classname="Bavix.WalletBench.Test.Units.SoloTest" file="/Users/babichev/projects/laravel-wallet-benchmark/tests/Units/SoloTest.php" line="17" assertions="1" time="0.022933"/>
          <testcase name="testGetBalance" class="Bavix\WalletBench\Test\Units\SoloTest" classname="Bavix.WalletBench.Test.Units.SoloTest" file="/Users/babichev/projects/laravel-wallet-benchmark/tests/Units/SoloTest.php" line="17" assertions="1" time="0.024217"/>
          <testcase name="testGetBalance" class="Bavix\WalletBench\Test\Units\SoloTest" classname="Bavix.WalletBench.Test.Units.SoloTest" file="/Users/babichev/projects/laravel-wallet-benchmark/tests/Units/SoloTest.php" line="17" assertions="1" time="0.024477"/>
          <testcase name="testGetBalance" class="Bavix\WalletBench\Test\Units\SoloTest" classname="Bavix.WalletBench.Test.Units.SoloTest" file="/Users/babichev/projects/laravel-wallet-benchmark/tests/Units/SoloTest.php" line="17" assertions="1" time="0.022837"/>
          <testcase name="testGetBalance" class="Bavix\WalletBench\Test\Units\SoloTest" classname="Bavix.WalletBench.Test.Units.SoloTest" file="/Users/babichev/projects/laravel-wallet-benchmark/tests/Units/SoloTest.php" line="17" assertions="1" time="0.023297"/>
          <testcase name="testGetBalance" class="Bavix\WalletBench\Test\Units\SoloTest" classname="Bavix.WalletBench.Test.Units.SoloTest" file="/Users/babichev/projects/laravel-wallet-benchmark/tests/Units/SoloTest.php" line="17" assertions="1" time="0.023952"/>
          <testcase name="testGetBalance" class="Bavix\WalletBench\Test\Units\SoloTest" classname="Bavix.WalletBench.Test.Units.SoloTest" file="/Users/babichev/projects/laravel-wallet-benchmark/tests/Units/SoloTest.php" line="17" assertions="1" time="0.023015"/>
          <testcase name="testGetBalance" class="Bavix\WalletBench\Test\Units\SoloTest" classname="Bavix.WalletBench.Test.Units.SoloTest" file="/Users/babichev/projects/laravel-wallet-benchmark/tests/Units/SoloTest.php" line="17" assertions="1" time="0.024039"/>
          <testcase name="testGetBalance" class="Bavix\WalletBench\Test\Units\SoloTest" classname="Bavix.WalletBench.Test.Units.SoloTest" file="/Users/babichev/projects/laravel-wallet-benchmark/tests/Units/SoloTest.php" line="17" assertions="1" time="0.023924"/>
          <testcase name="testGetBalance" class="Bavix\WalletBench\Test\Units\SoloTest" classname="Bavix.WalletBench.Test.Units.SoloTest" file="/Users/babichev/projects/laravel-wallet-benchmark/tests/Units/SoloTest.php" line="17" assertions="1" time="0.024704"/>
          <testcase name="testGetBalance" class="Bavix\WalletBench\Test\Units\SoloTest" classname="Bavix.WalletBench.Test.Units.SoloTest" file="/Users/babichev/projects/laravel-wallet-benchmark/tests/Units/SoloTest.php" line="17" assertions="1" time="0.021801"/>
          <testcase name="testGetBalance" class="Bavix\WalletBench\Test\Units\SoloTest" classname="Bavix.WalletBench.Test.Units.SoloTest" file="/Users/babichev/projects/laravel-wallet-benchmark/tests/Units/SoloTest.php" line="17" assertions="1" time="0.025618"/>
          <testcase name="testGetBalance" class="Bavix\WalletBench\Test\Units\SoloTest" classname="Bavix.WalletBench.Test.Units.SoloTest" file="/Users/babichev/projects/laravel-wallet-benchmark/tests/Units/SoloTest.php" line="17" assertions="1" time="0.023500"/>
          <testcase name="testGetBalance" class="Bavix\WalletBench\Test\Units\SoloTest" classname="Bavix.WalletBench.Test.Units.SoloTest" file="/Users/babichev/projects/laravel-wallet-benchmark/tests/Units/SoloTest.php" line="17" assertions="1" time="0.024718"/>
          <testcase name="testGetBalance" class="Bavix\WalletBench\Test\Units\SoloTest" classname="Bavix.WalletBench.Test.Units.SoloTest" file="/Users/babichev/projects/laravel-wallet-benchmark/tests/Units/SoloTest.php" line="17" assertions="1" time="0.023335"/>
          <testcase name="testGetBalance" class="Bavix\WalletBench\Test\Units\SoloTest" classname="Bavix.WalletBench.Test.Units.SoloTest" file="/Users/babichev/projects/laravel-wallet-benchmark/tests/Units/SoloTest.php" line="17" assertions="1" time="0.027822"/>
          <testcase name="testGetBalance" class="Bavix\WalletBench\Test\Units\SoloTest" classname="Bavix.WalletBench.Test.Units.SoloTest" file="/Users/babichev/projects/laravel-wallet-benchmark/tests/Units/SoloTest.php" line="17" assertions="1" time="0.022450"/>
          <testcase name="testGetBalance" class="Bavix\WalletBench\Test\Units\SoloTest" classname="Bavix.WalletBench.Test.Units.SoloTest" file="/Users/babichev/projects/laravel-wallet-benchmark/tests/Units/SoloTest.php" line="17" assertions="1" time="0.023178"/>
          <testcase name="testGetBalance" class="Bavix\WalletBench\Test\Units\SoloTest" classname="Bavix.WalletBench.Test.Units.SoloTest" file="/Users/babichev/projects/laravel-wallet-benchmark/tests/Units/SoloTest.php" line="17" assertions="1" time="0.034365"/>
          <testcase name="testGetBalance" class="Bavix\WalletBench\Test\Units\SoloTest" classname="Bavix.WalletBench.Test.Units.SoloTest" file="/Users/babichev/projects/laravel-wallet-benchmark/tests/Units/SoloTest.php" line="17" assertions="1" time="0.023829"/>
          <testcase name="testGetBalance" class="Bavix\WalletBench\Test\Units\SoloTest" classname="Bavix.WalletBench.Test.Units.SoloTest" file="/Users/babichev/projects/laravel-wallet-benchmark/tests/Units/SoloTest.php" line="17" assertions="1" time="0.024678"/>
          <testcase name="testGetBalance" class="Bavix\WalletBench\Test\Units\SoloTest" classname="Bavix.WalletBench.Test.Units.SoloTest" file="/Users/babichev/projects/laravel-wallet-benchmark/tests/Units/SoloTest.php" line="17" assertions="1" time="0.020954"/>
          <testcase name="testGetBalance" class="Bavix\WalletBench\Test\Units\SoloTest" classname="Bavix.WalletBench.Test.Units.SoloTest" file="/Users/babichev/projects/laravel-wallet-benchmark/tests/Units/SoloTest.php" line="17" assertions="1" time="0.024738"/>
          <testcase name="testGetBalance" class="Bavix\WalletBench\Test\Units\SoloTest" classname="Bavix.WalletBench.Test.Units.SoloTest" file="/Users/babichev/projects/laravel-wallet-benchmark/tests/Units/SoloTest.php" line="17" assertions="1" time="0.032867"/>
          <testcase name="testGetBalance" class="Bavix\WalletBench\Test\Units\SoloTest" classname="Bavix.WalletBench.Test.Units.SoloTest" file="/Users/babichev/projects/laravel-wallet-benchmark/tests/Units/SoloTest.php" line="17" assertions="1" time="0.031072"/>
          <testcase name="testGetBalance" class="Bavix\WalletBench\Test\Units\SoloTest" classname="Bavix.WalletBench.Test.Units.SoloTest" file="/Users/babichev/projects/laravel-wallet-benchmark/tests/Units/SoloTest.php" line="17" assertions="1" time="0.035285"/>
          <testcase name="testGetBalance" class="Bavix\WalletBench\Test\Units\SoloTest" classname="Bavix.WalletBench.Test.Units.SoloTest" file="/Users/babichev/projects/laravel-wallet-benchmark/tests/Units/SoloTest.php" line="17" assertions="1" time="0.028013"/>
          <testcase name="testGetBalance" class="Bavix\WalletBench\Test\Units\SoloTest" classname="Bavix.WalletBench.Test.Units.SoloTest" file="/Users/babichev/projects/laravel-wallet-benchmark/tests/Units/SoloTest.php" line="17" assertions="1" time="0.025905"/>
          <testcase name="testGetBalance" class="Bavix\WalletBench\Test\Units\SoloTest" classname="Bavix.WalletBench.Test.Units.SoloTest" file="/Users/babichev/projects/laravel-wallet-benchmark/tests/Units/SoloTest.php" line="17" assertions="1" time="0.025239"/>
          <testcase name="testGetBalance" class="Bavix\WalletBench\Test\Units\SoloTest" classname="Bavix.WalletBench.Test.Units.SoloTest" file="/Users/babichev/projects/laravel-wallet-benchmark/tests/Units/SoloTest.php" line="17" assertions="1" time="0.048521"/>
          <testcase name="testGetBalance" class="Bavix\WalletBench\Test\Units\SoloTest" classname="Bavix.WalletBench.Test.Units.SoloTest" file="/Users/babichev/projects/laravel-wallet-benchmark/tests/Units/SoloTest.php" line="17" assertions="1" time="0.047701"/>
          <testcase name="testGetBalance" class="Bavix\WalletBench\Test\Units\SoloTest" classname="Bavix.WalletBench.Test.Units.SoloTest" file="/Users/babichev/projects/laravel-wallet-benchmark/tests/Units/SoloTest.php" line="17" assertions="1" time="0.042048"/>
          <testcase name="testGetBalance" class="Bavix\WalletBench\Test\Units\SoloTest" classname="Bavix.WalletBench.Test.Units.SoloTest" file="/Users/babichev/projects/laravel-wallet-benchmark/tests/Units/SoloTest.php" line="17" assertions="1" time="0.036643"/>
          <testcase name="testGetBalance" class="Bavix\WalletBench\Test\Units\SoloTest" classname="Bavix.WalletBench.Test.Units.SoloTest" file="/Users/babichev/projects/laravel-wallet-benchmark/tests/Units/SoloTest.php" line="17" assertions="1" time="0.028281"/>
          <testcase name="testGetBalance" class="Bavix\WalletBench\Test\Units\SoloTest" classname="Bavix.WalletBench.Test.Units.SoloTest" file="/Users/babichev/projects/laravel-wallet-benchmark/tests/Units/SoloTest.php" line="17" assertions="1" time="0.023465"/>
          <testcase name="testGetBalance" class="Bavix\WalletBench\Test\Units\SoloTest" classname="Bavix.WalletBench.Test.Units.SoloTest" file="/Users/babichev/projects/laravel-wallet-benchmark/tests/Units/SoloTest.php" line="17" assertions="1" time="0.025131"/>
          <testcase name="testGetBalance" class="Bavix\WalletBench\Test\Units\SoloTest" classname="Bavix.WalletBench.Test.Units.SoloTest" file="/Users/babichev/projects/laravel-wallet-benchmark/tests/Units/SoloTest.php" line="17" assertions="1" time="0.025171"/>
          <testcase name="testGetBalance" class="Bavix\WalletBench\Test\Units\SoloTest" classname="Bavix.WalletBench.Test.Units.SoloTest" file="/Users/babichev/projects/laravel-wallet-benchmark/tests/Units/SoloTest.php" line="17" assertions="1" time="0.024143"/>
          <testcase name="testGetBalance" class="Bavix\WalletBench\Test\Units\SoloTest" classname="Bavix.WalletBench.Test.Units.SoloTest" file="/Users/babichev/projects/laravel-wallet-benchmark/tests/Units/SoloTest.php" line="17" assertions="1" time="0.024335"/>
          <testcase name="testGetBalance" class="Bavix\WalletBench\Test\Units\SoloTest" classname="Bavix.WalletBench.Test.Units.SoloTest" file="/Users/babichev/projects/laravel-wallet-benchmark/tests/Units/SoloTest.php" line="17" assertions="1" time="0.024869"/>
          <testcase name="testGetBalance" class="Bavix\WalletBench\Test\Units\SoloTest" classname="Bavix.WalletBench.Test.Units.SoloTest" file="/Users/babichev/projects/laravel-wallet-benchmark/tests/Units/SoloTest.php" line="17" assertions="1" time="0.026726"/>
          <testcase name="testGetBalance" class="Bavix\WalletBench\Test\Units\SoloTest" classname="Bavix.WalletBench.Test.Units.SoloTest" file="/Users/babichev/projects/laravel-wallet-benchmark/tests/Units/SoloTest.php" line="17" assertions="1" time="0.024661"/>
          <testcase name="testGetBalance" class="Bavix\WalletBench\Test\Units\SoloTest" classname="Bavix.WalletBench.Test.Units.SoloTest" file="/Users/babichev/projects/laravel-wallet-benchmark/tests/Units/SoloTest.php" line="17" assertions="1" time="0.023630"/>
          <testcase name="testGetBalance" class="Bavix\WalletBench\Test\Units\SoloTest" classname="Bavix.WalletBench.Test.Units.SoloTest" file="/Users/babichev/projects/laravel-wallet-benchmark/tests/Units/SoloTest.php" line="17" assertions="1" time="0.023568"/>
          <testcase name="testGetBalance" class="Bavix\WalletBench\Test\Units\SoloTest" classname="Bavix.WalletBench.Test.Units.SoloTest" file="/Users/babichev/projects/laravel-wallet-benchmark/tests/Units/SoloTest.php" line="17" assertions="1" time="0.024520"/>
          <testcase name="testGetBalance" class="Bavix\WalletBench\Test\Units\SoloTest" classname="Bavix.WalletBench.Test.Units.SoloTest" file="/Users/babichev/projects/laravel-wallet-benchmark/tests/Units/SoloTest.php" line="17" assertions="1" time="0.022821"/>
          <testcase name="testGetBalance" class="Bavix\WalletBench\Test\Units\SoloTest" classname="Bavix.WalletBench.Test.Units.SoloTest" file="/Users/babichev/projects/laravel-wallet-benchmark/tests/Units/SoloTest.php" line="17" assertions="1" time="0.020713"/>
          <testcase name="testGetBalance" class="Bavix\WalletBench\Test\Units\SoloTest" classname="Bavix.WalletBench.Test.Units.SoloTest" file="/Users/babichev/projects/laravel-wallet-benchmark/tests/Units/SoloTest.php" line="17" assertions="1" time="0.031074"/>
          <testcase name="testGetBalance" class="Bavix\WalletBench\Test\Units\SoloTest" classname="Bavix.WalletBench.Test.Units.SoloTest" file="/Users/babichev/projects/laravel-wallet-benchmark/tests/Units/SoloTest.php" line="17" assertions="1" time="0.024450"/>
          <testcase name="testGetBalance" class="Bavix\WalletBench\Test\Units\SoloTest" classname="Bavix.WalletBench.Test.Units.SoloTest" file="/Users/babichev/projects/laravel-wallet-benchmark/tests/Units/SoloTest.php" line="17" assertions="1" time="0.028570"/>
          <testcase name="testGetBalance" class="Bavix\WalletBench\Test\Units\SoloTest" classname="Bavix.WalletBench.Test.Units.SoloTest" file="/Users/babichev/projects/laravel-wallet-benchmark/tests/Units/SoloTest.php" line="17" assertions="1" time="0.025230"/>
          <testcase name="testGetBalance" class="Bavix\WalletBench\Test\Units\SoloTest" classname="Bavix.WalletBench.Test.Units.SoloTest" file="/Users/babichev/projects/laravel-wallet-benchmark/tests/Units/SoloTest.php" line="17" assertions="1" time="0.026906"/>
          <testcase name="testGetBalance" class="Bavix\WalletBench\Test\Units\SoloTest" classname="Bavix.WalletBench.Test.Units.SoloTest" file="/Users/babichev/projects/laravel-wallet-benchmark/tests/Units/SoloTest.php" line="17" assertions="1" time="0.024597"/>
          <testcase name="testGetBalance" class="Bavix\WalletBench\Test\Units\SoloTest" classname="Bavix.WalletBench.Test.Units.SoloTest" file="/Users/babichev/projects/laravel-wallet-benchmark/tests/Units/SoloTest.php" line="17" assertions="1" time="0.028222"/>
          <testcase name="testGetBalance" class="Bavix\WalletBench\Test\Units\SoloTest" classname="Bavix.WalletBench.Test.Units.SoloTest" file="/Users/babichev/projects/laravel-wallet-benchmark/tests/Units/SoloTest.php" line="17" assertions="1" time="0.025156"/>
          <testcase name="testGetBalance" class="Bavix\WalletBench\Test\Units\SoloTest" classname="Bavix.WalletBench.Test.Units.SoloTest" file="/Users/babichev/projects/laravel-wallet-benchmark/tests/Units/SoloTest.php" line="17" assertions="1" time="0.024178"/>
          <testcase name="testGetBalance" class="Bavix\WalletBench\Test\Units\SoloTest" classname="Bavix.WalletBench.Test.Units.SoloTest" file="/Users/babichev/projects/laravel-wallet-benchmark/tests/Units/SoloTest.php" line="17" assertions="1" time="0.023421"/>
          <testcase name="testGetBalance" class="Bavix\WalletBench\Test\Units\SoloTest" classname="Bavix.WalletBench.Test.Units.SoloTest" file="/Users/babichev/projects/laravel-wallet-benchmark/tests/Units/SoloTest.php" line="17" assertions="1" time="0.024605"/>
          <testcase name="testGetBalance" class="Bavix\WalletBench\Test\Units\SoloTest" classname="Bavix.WalletBench.Test.Units.SoloTest" file="/Users/babichev/projects/laravel-wallet-benchmark/tests/Units/SoloTest.php" line="17" assertions="1" time="0.022491"/>
          <testcase name="testGetBalance" class="Bavix\WalletBench\Test\Units\SoloTest" classname="Bavix.WalletBench.Test.Units.SoloTest" file="/Users/babichev/projects/laravel-wallet-benchmark/tests/Units/SoloTest.php" line="17" assertions="1" time="0.075027"/>
          <testcase name="testGetBalance" class="Bavix\WalletBench\Test\Units\SoloTest" classname="Bavix.WalletBench.Test.Units.SoloTest" file="/Users/babichev/projects/laravel-wallet-benchmark/tests/Units/SoloTest.php" line="17" assertions="1" time="0.022491"/>
          <testcase name="testGetBalance" class="Bavix\WalletBench\Test\Units\SoloTest" classname="Bavix.WalletBench.Test.Units.SoloTest" file="/Users/babichev/projects/laravel-wallet-benchmark/tests/Units/SoloTest.php" line="17" assertions="1" time="0.056459"/>
          <testcase name="testGetBalance" class="Bavix\WalletBench\Test\Units\SoloTest" classname="Bavix.WalletBench.Test.Units.SoloTest" file="/Users/babichev/projects/laravel-wallet-benchmark/tests/Units/SoloTest.php" line="17" assertions="1" time="0.025113"/>
          <testcase name="testGetBalance" class="Bavix\WalletBench\Test\Units\SoloTest" classname="Bavix.WalletBench.Test.Units.SoloTest" file="/Users/babichev/projects/laravel-wallet-benchmark/tests/Units/SoloTest.php" line="17" assertions="1" time="0.026761"/>
          <testcase name="testGetBalance" class="Bavix\WalletBench\Test\Units\SoloTest" classname="Bavix.WalletBench.Test.Units.SoloTest" file="/Users/babichev/projects/laravel-wallet-benchmark/tests/Units/SoloTest.php" line="17" assertions="1" time="0.021986"/>
          <testcase name="testGetBalance" class="Bavix\WalletBench\Test\Units\SoloTest" classname="Bavix.WalletBench.Test.Units.SoloTest" file="/Users/babichev/projects/laravel-wallet-benchmark/tests/Units/SoloTest.php" line="17" assertions="1" time="0.024703"/>
          <testcase name="testGetBalance" class="Bavix\WalletBench\Test\Units\SoloTest" classname="Bavix.WalletBench.Test.Units.SoloTest" file="/Users/babichev/projects/laravel-wallet-benchmark/tests/Units/SoloTest.php" line="17" assertions="1" time="0.023231"/>
          <testcase name="testGetBalance" class="Bavix\WalletBench\Test\Units\SoloTest" classname="Bavix.WalletBench.Test.Units.SoloTest" file="/Users/babichev/projects/laravel-wallet-benchmark/tests/Units/SoloTest.php" line="17" assertions="1" time="0.024727"/>
          <testcase name="testGetBalance" class="Bavix\WalletBench\Test\Units\SoloTest" classname="Bavix.WalletBench.Test.Units.SoloTest" file="/Users/babichev/projects/laravel-wallet-benchmark/tests/Units/SoloTest.php" line="17" assertions="1" time="0.024571"/>
          <testcase name="testGetBalance" class="Bavix\WalletBench\Test\Units\SoloTest" classname="Bavix.WalletBench.Test.Units.SoloTest" file="/Users/babichev/projects/laravel-wallet-benchmark/tests/Units/SoloTest.php" line="17" assertions="1" time="0.030084"/>
          <testcase name="testGetBalance" class="Bavix\WalletBench\Test\Units\SoloTest" classname="Bavix.WalletBench.Test.Units.SoloTest" file="/Users/babichev/projects/laravel-wallet-benchmark/tests/Units/SoloTest.php" line="17" assertions="1" time="0.022205"/>
          <testcase name="testGetBalance" class="Bavix\WalletBench\Test\Units\SoloTest" classname="Bavix.WalletBench.Test.Units.SoloTest" file="/Users/babichev/projects/laravel-wallet-benchmark/tests/Units/SoloTest.php" line="17" assertions="1" time="0.024196"/>
          <testcase name="testGetBalance" class="Bavix\WalletBench\Test\Units\SoloTest" classname="Bavix.WalletBench.Test.Units.SoloTest" file="/Users/babichev/projects/laravel-wallet-benchmark/tests/Units/SoloTest.php" line="17" assertions="1" time="0.024975"/>
          <testcase name="testGetBalance" class="Bavix\WalletBench\Test\Units\SoloTest" classname="Bavix.WalletBench.Test.Units.SoloTest" file="/Users/babichev/projects/laravel-wallet-benchmark/tests/Units/SoloTest.php" line="17" assertions="1" time="0.024751"/>
          <testcase name="testGetBalance" class="Bavix\WalletBench\Test\Units\SoloTest" classname="Bavix.WalletBench.Test.Units.SoloTest" file="/Users/babichev/projects/laravel-wallet-benchmark/tests/Units/SoloTest.php" line="17" assertions="1" time="0.023848"/>
          <testcase name="testGetBalance" class="Bavix\WalletBench\Test\Units\SoloTest" classname="Bavix.WalletBench.Test.Units.SoloTest" file="/Users/babichev/projects/laravel-wallet-benchmark/tests/Units/SoloTest.php" line="17" assertions="1" time="0.024511"/>
          <testcase name="testGetBalance" class="Bavix\WalletBench\Test\Units\SoloTest" classname="Bavix.WalletBench.Test.Units.SoloTest" file="/Users/babichev/projects/laravel-wallet-benchmark/tests/Units/SoloTest.php" line="17" assertions="1" time="0.024044"/>
          <testcase name="testGetBalance" class="Bavix\WalletBench\Test\Units\SoloTest" classname="Bavix.WalletBench.Test.Units.SoloTest" file="/Users/babichev/projects/laravel-wallet-benchmark/tests/Units/SoloTest.php" line="17" assertions="1" time="0.023967"/>
          <testcase name="testGetBalance" class="Bavix\WalletBench\Test\Units\SoloTest" classname="Bavix.WalletBench.Test.Units.SoloTest" file="/Users/babichev/projects/laravel-wallet-benchmark/tests/Units/SoloTest.php" line="17" assertions="1" time="0.023529"/>
          <testcase name="testGetBalance" class="Bavix\WalletBench\Test\Units\SoloTest" classname="Bavix.WalletBench.Test.Units.SoloTest" file="/Users/babichev/projects/laravel-wallet-benchmark/tests/Units/SoloTest.php" line="17" assertions="1" time="0.023119"/>
          <testcase name="testGetBalance" class="Bavix\WalletBench\Test\Units\SoloTest" classname="Bavix.WalletBench.Test.Units.SoloTest" file="/Users/babichev/projects/laravel-wallet-benchmark/tests/Units/SoloTest.php" line="17" assertions="1" time="0.024356"/>
          <testcase name="testGetBalance" class="Bavix\WalletBench\Test\Units\SoloTest" classname="Bavix.WalletBench.Test.Units.SoloTest" file="/Users/babichev/projects/laravel-wallet-benchmark/tests/Units/SoloTest.php" line="17" assertions="1" time="0.020648"/>
          <testcase name="testGetBalance" class="Bavix\WalletBench\Test\Units\SoloTest" classname="Bavix.WalletBench.Test.Units.SoloTest" file="/Users/babichev/projects/laravel-wallet-benchmark/tests/Units/SoloTest.php" line="17" assertions="1" time="0.026536"/>
          <testcase name="testGetBalance" class="Bavix\WalletBench\Test\Units\SoloTest" classname="Bavix.WalletBench.Test.Units.SoloTest" file="/Users/babichev/projects/laravel-wallet-benchmark/tests/Units/SoloTest.php" line="17" assertions="1" time="0.024960"/>
          <testcase name="testGetBalance" class="Bavix\WalletBench\Test\Units\SoloTest" classname="Bavix.WalletBench.Test.Units.SoloTest" file="/Users/babichev/projects/laravel-wallet-benchmark/tests/Units/SoloTest.php" line="17" assertions="1" time="0.023883"/>
          <testcase name="testGetBalance" class="Bavix\WalletBench\Test\Units\SoloTest" classname="Bavix.WalletBench.Test.Units.SoloTest" file="/Users/babichev/projects/laravel-wallet-benchmark/tests/Units/SoloTest.php" line="17" assertions="1" time="0.021973"/>
          <testcase name="testGetBalance" class="Bavix\WalletBench\Test\Units\SoloTest" classname="Bavix.WalletBench.Test.Units.SoloTest" file="/Users/babichev/projects/laravel-wallet-benchmark/tests/Units/SoloTest.php" line="17" assertions="1" time="0.025774"/>
          <testcase name="testGetBalance" class="Bavix\WalletBench\Test\Units\SoloTest" classname="Bavix.WalletBench.Test.Units.SoloTest" file="/Users/babichev/projects/laravel-wallet-benchmark/tests/Units/SoloTest.php" line="17" assertions="1" time="0.023352"/>
          <testcase name="testGetBalance" class="Bavix\WalletBench\Test\Units\SoloTest" classname="Bavix.WalletBench.Test.Units.SoloTest" file="/Users/babichev/projects/laravel-wallet-benchmark/tests/Units/SoloTest.php" line="17" assertions="1" time="0.023549"/>
          <testcase name="testGetBalance" class="Bavix\WalletBench\Test\Units\SoloTest" classname="Bavix.WalletBench.Test.Units.SoloTest" file="/Users/babichev/projects/laravel-wallet-benchmark/tests/Units/SoloTest.php" line="17" assertions="1" time="0.025577"/>
          <testcase name="testGetBalance" class="Bavix\WalletBench\Test\Units\SoloTest" classname="Bavix.WalletBench.Test.Units.SoloTest" file="/Users/babichev/projects/laravel-wallet-benchmark/tests/Units/SoloTest.php" line="17" assertions="1" time="0.023265"/>
          <testcase name="testGetBalance" class="Bavix\WalletBench\Test\Units\SoloTest" classname="Bavix.WalletBench.Test.Units.SoloTest" file="/Users/babichev/projects/laravel-wallet-benchmark/tests/Units/SoloTest.php" line="17" assertions="1" time="0.023692"/>
          <testcase name="testGetBalance" class="Bavix\WalletBench\Test\Units\SoloTest" classname="Bavix.WalletBench.Test.Units.SoloTest" file="/Users/babichev/projects/laravel-wallet-benchmark/tests/Units/SoloTest.php" line="17" assertions="1" time="0.023414"/>
          <testcase name="testGetBalance" class="Bavix\WalletBench\Test\Units\SoloTest" classname="Bavix.WalletBench.Test.Units.SoloTest" file="/Users/babichev/projects/laravel-wallet-benchmark/tests/Units/SoloTest.php" line="17" assertions="1" time="0.023522"/>
          <testcase name="testGetBalance" class="Bavix\WalletBench\Test\Units\SoloTest" classname="Bavix.WalletBench.Test.Units.SoloTest" file="/Users/babichev/projects/laravel-wallet-benchmark/tests/Units/SoloTest.php" line="17" assertions="1" time="0.025113"/>
          <testcase name="testGetBalance" class="Bavix\WalletBench\Test\Units\SoloTest" classname="Bavix.WalletBench.Test.Units.SoloTest" file="/Users/babichev/projects/laravel-wallet-benchmark/tests/Units/SoloTest.php" line="17" assertions="1" time="0.024002"/>
          <testcase name="testGetBalance" class="Bavix\WalletBench\Test\Units\SoloTest" classname="Bavix.WalletBench.Test.Units.SoloTest" file="/Users/babichev/projects/laravel-wallet-benchmark/tests/Units/SoloTest.php" line="17" assertions="1" time="0.023754"/>
          <testcase name="testGetBalance" class="Bavix\WalletBench\Test\Units\SoloTest" classname="Bavix.WalletBench.Test.Units.SoloTest" file="/Users/babichev/projects/laravel-wallet-benchmark/tests/Units/SoloTest.php" line="17" assertions="1" time="0.023432"/>
          <testcase name="testGetBalance" class="Bavix\WalletBench\Test\Units\SoloTest" classname="Bavix.WalletBench.Test.Units.SoloTest" file="/Users/babichev/projects/laravel-wallet-benchmark/tests/Units/SoloTest.php" line="17" assertions="1" time="0.024370"/>
          <testcase name="testGetBalance" class="Bavix\WalletBench\Test\Units\SoloTest" classname="Bavix.WalletBench.Test.Units.SoloTest" file="/Users/babichev/projects/laravel-wallet-benchmark/tests/Units/SoloTest.php" line="17" assertions="1" time="0.023870"/>
          <testcase name="testGetBalance" class="Bavix\WalletBench\Test\Units\SoloTest" classname="Bavix.WalletBench.Test.Units.SoloTest" file="/Users/babichev/projects/laravel-wallet-benchmark/tests/Units/SoloTest.php" line="17" assertions="1" time="0.022303"/>
          <testcase name="testGetBalance" class="Bavix\WalletBench\Test\Units\SoloTest" classname="Bavix.WalletBench.Test.Units.SoloTest" file="/Users/babichev/projects/laravel-wallet-benchmark/tests/Units/SoloTest.php" line="17" assertions="1" time="0.026492"/>
          <testcase name="testGetBalance" class="Bavix\WalletBench\Test\Units\SoloTest" classname="Bavix.WalletBench.Test.Units.SoloTest" file="/Users/babichev/projects/laravel-wallet-benchmark/tests/Units/SoloTest.php" line="17" assertions="1" time="0.024054"/>
          <testcase name="testGetBalance" class="Bavix\WalletBench\Test\Units\SoloTest" classname="Bavix.WalletBench.Test.Units.SoloTest" file="/Users/babichev/projects/laravel-wallet-benchmark/tests/Units/SoloTest.php" line="17" assertions="1" time="0.023271"/>
          <testcase name="testGetBalance" class="Bavix\WalletBench\Test\Units\SoloTest" classname="Bavix.WalletBench.Test.Units.SoloTest" file="/Users/babichev/projects/laravel-wallet-benchmark/tests/Units/SoloTest.php" line="17" assertions="1" time="0.023883"/>
          <testcase name="testGetBalance" class="Bavix\WalletBench\Test\Units\SoloTest" classname="Bavix.WalletBench.Test.Units.SoloTest" file="/Users/babichev/projects/laravel-wallet-benchmark/tests/Units/SoloTest.php" line="17" assertions="1" time="0.021463"/>
          <testcase name="testGetBalance" class="Bavix\WalletBench\Test\Units\SoloTest" classname="Bavix.WalletBench.Test.Units.SoloTest" file="/Users/babichev/projects/laravel-wallet-benchmark/tests/Units/SoloTest.php" line="17" assertions="1" time="0.022836"/>
          <testcase name="testGetBalance" class="Bavix\WalletBench\Test\Units\SoloTest" classname="Bavix.WalletBench.Test.Units.SoloTest" file="/Users/babichev/projects/laravel-wallet-benchmark/tests/Units/SoloTest.php" line="17" assertions="1" time="0.021082"/>
          <testcase name="testGetBalance" class="Bavix\WalletBench\Test\Units\SoloTest" classname="Bavix.WalletBench.Test.Units.SoloTest" file="/Users/babichev/projects/laravel-wallet-benchmark/tests/Units/SoloTest.php" line="17" assertions="1" time="0.024174"/>
          <testcase name="testGetBalance" class="Bavix\WalletBench\Test\Units\SoloTest" classname="Bavix.WalletBench.Test.Units.SoloTest" file="/Users/babichev/projects/laravel-wallet-benchmark/tests/Units/SoloTest.php" line="17" assertions="1" time="0.021059"/>
          <testcase name="testGetBalance" class="Bavix\WalletBench\Test\Units\SoloTest" classname="Bavix.WalletBench.Test.Units.SoloTest" file="/Users/babichev/projects/laravel-wallet-benchmark/tests/Units/SoloTest.php" line="17" assertions="1" time="0.024552"/>
          <testcase name="testGetBalance" class="Bavix\WalletBench\Test\Units\SoloTest" classname="Bavix.WalletBench.Test.Units.SoloTest" file="/Users/babichev/projects/laravel-wallet-benchmark/tests/Units/SoloTest.php" line="17" assertions="1" time="0.038674"/>
          <testcase name="testGetBalance" class="Bavix\WalletBench\Test\Units\SoloTest" classname="Bavix.WalletBench.Test.Units.SoloTest" file="/Users/babichev/projects/laravel-wallet-benchmark/tests/Units/SoloTest.php" line="17" assertions="1" time="0.024924"/>
          <testcase name="testGetBalance" class="Bavix\WalletBench\Test\Units\SoloTest" classname="Bavix.WalletBench.Test.Units.SoloTest" file="/Users/babichev/projects/laravel-wallet-benchmark/tests/Units/SoloTest.php" line="17" assertions="1" time="0.024310"/>
          <testcase name="testGetBalance" class="Bavix\WalletBench\Test\Units\SoloTest" classname="Bavix.WalletBench.Test.Units.SoloTest" file="/Users/babichev/projects/laravel-wallet-benchmark/tests/Units/SoloTest.php" line="17" assertions="1" time="0.026214"/>
          <testcase name="testGetBalance" class="Bavix\WalletBench\Test\Units\SoloTest" classname="Bavix.WalletBench.Test.Units.SoloTest" file="/Users/babichev/projects/laravel-wallet-benchmark/tests/Units/SoloTest.php" line="17" assertions="1" time="0.025504"/>
          <testcase name="testGetBalance" class="Bavix\WalletBench\Test\Units\SoloTest" classname="Bavix.WalletBench.Test.Units.SoloTest" file="/Users/babichev/projects/laravel-wallet-benchmark/tests/Units/SoloTest.php" line="17" assertions="1" time="0.049798"/>
          <testcase name="testGetBalance" class="Bavix\WalletBench\Test\Units\SoloTest" classname="Bavix.WalletBench.Test.Units.SoloTest" file="/Users/babichev/projects/laravel-wallet-benchmark/tests/Units/SoloTest.php" line="17" assertions="1" time="0.029704"/>
          <testcase name="testGetBalance" class="Bavix\WalletBench\Test\Units\SoloTest" classname="Bavix.WalletBench.Test.Units.SoloTest" file="/Users/babichev/projects/laravel-wallet-benchmark/tests/Units/SoloTest.php" line="17" assertions="1" time="0.026649"/>
          <testcase name="testGetBalance" class="Bavix\WalletBench\Test\Units\SoloTest" classname="Bavix.WalletBench.Test.Units.SoloTest" file="/Users/babichev/projects/laravel-wallet-benchmark/tests/Units/SoloTest.php" line="17" assertions="1" time="0.025896"/>
          <testcase name="testGetBalance" class="Bavix\WalletBench\Test\Units\SoloTest" classname="Bavix.WalletBench.Test.Units.SoloTest" file="/Users/babichev/projects/laravel-wallet-benchmark/tests/Units/SoloTest.php" line="17" assertions="1" time="0.022356"/>
          <testcase name="testGetBalance" class="Bavix\WalletBench\Test\Units\SoloTest" classname="Bavix.WalletBench.Test.Units.SoloTest" file="/Users/babichev/projects/laravel-wallet-benchmark/tests/Units/SoloTest.php" line="17" assertions="1" time="0.028514"/>
          <testcase name="testGetBalance" class="Bavix\WalletBench\Test\Units\SoloTest" classname="Bavix.WalletBench.Test.Units.SoloTest" file="/Users/babichev/projects/laravel-wallet-benchmark/tests/Units/SoloTest.php" line="17" assertions="1" time="0.024629"/>
          <testcase name="testGetBalance" class="Bavix\WalletBench\Test\Units\SoloTest" classname="Bavix.WalletBench.Test.Units.SoloTest" file="/Users/babichev/projects/laravel-wallet-benchmark/tests/Units/SoloTest.php" line="17" assertions="1" time="0.046677"/>
          <testcase name="testGetBalance" class="Bavix\WalletBench\Test\Units\SoloTest" classname="Bavix.WalletBench.Test.Units.SoloTest" file="/Users/babichev/projects/laravel-wallet-benchmark/tests/Units/SoloTest.php" line="17" assertions="1" time="0.024506"/>
          <testcase name="testGetBalance" class="Bavix\WalletBench\Test\Units\SoloTest" classname="Bavix.WalletBench.Test.Units.SoloTest" file="/Users/babichev/projects/laravel-wallet-benchmark/tests/Units/SoloTest.php" line="17" assertions="1" time="0.024325"/>
          <testcase name="testGetBalance" class="Bavix\WalletBench\Test\Units\SoloTest" classname="Bavix.WalletBench.Test.Units.SoloTest" file="/Users/babichev/projects/laravel-wallet-benchmark/tests/Units/SoloTest.php" line="17" assertions="1" time="0.021444"/>
          <testcase name="testGetBalance" class="Bavix\WalletBench\Test\Units\SoloTest" classname="Bavix.WalletBench.Test.Units.SoloTest" file="/Users/babichev/projects/laravel-wallet-benchmark/tests/Units/SoloTest.php" line="17" assertions="1" time="0.023701"/>
          <testcase name="testGetBalance" class="Bavix\WalletBench\Test\Units\SoloTest" classname="Bavix.WalletBench.Test.Units.SoloTest" file="/Users/babichev/projects/laravel-wallet-benchmark/tests/Units/SoloTest.php" line="17" assertions="1" time="0.025291"/>
          <testcase name="testGetBalance" class="Bavix\WalletBench\Test\Units\SoloTest" classname="Bavix.WalletBench.Test.Units.SoloTest" file="/Users/babichev/projects/laravel-wallet-benchmark/tests/Units/SoloTest.php" line="17" assertions="1" time="0.025340"/>
          <testcase name="testGetBalance" class="Bavix\WalletBench\Test\Units\SoloTest" classname="Bavix.WalletBench.Test.Units.SoloTest" file="/Users/babichev/projects/laravel-wallet-benchmark/tests/Units/SoloTest.php" line="17" assertions="1" time="0.023123"/>
          <testcase name="testGetBalance" class="Bavix\WalletBench\Test\Units\SoloTest" classname="Bavix.WalletBench.Test.Units.SoloTest" file="/Users/babichev/projects/laravel-wallet-benchmark/tests/Units/SoloTest.php" line="17" assertions="1" time="0.024194"/>
          <testcase name="testGetBalance" class="Bavix\WalletBench\Test\Units\SoloTest" classname="Bavix.WalletBench.Test.Units.SoloTest" file="/Users/babichev/projects/laravel-wallet-benchmark/tests/Units/SoloTest.php" line="17" assertions="1" time="0.026533"/>
          <testcase name="testGetBalance" class="Bavix\WalletBench\Test\Units\SoloTest" classname="Bavix.WalletBench.Test.Units.SoloTest" file="/Users/babichev/projects/laravel-wallet-benchmark/tests/Units/SoloTest.php" line="17" assertions="1" time="0.029543"/>
          <testcase name="testGetBalance" class="Bavix\WalletBench\Test\Units\SoloTest" classname="Bavix.WalletBench.Test.Units.SoloTest" file="/Users/babichev/projects/laravel-wallet-benchmark/tests/Units/SoloTest.php" line="17" assertions="1" time="0.029425"/>
          <testcase name="testGetBalance" class="Bavix\WalletBench\Test\Units\SoloTest" classname="Bavix.WalletBench.Test.Units.SoloTest" file="/Users/babichev/projects/laravel-wallet-benchmark/tests/Units/SoloTest.php" line="17" assertions="1" time="0.035316"/>
          <testcase name="testGetBalance" class="Bavix\WalletBench\Test\Units\SoloTest" classname="Bavix.WalletBench.Test.Units.SoloTest" file="/Users/babichev/projects/laravel-wallet-benchmark/tests/Units/SoloTest.php" line="17" assertions="1" time="0.039282"/>
          <testcase name="testGetBalance" class="Bavix\WalletBench\Test\Units\SoloTest" classname="Bavix.WalletBench.Test.Units.SoloTest" file="/Users/babichev/projects/laravel-wallet-benchmark/tests/Units/SoloTest.php" line="17" assertions="1" time="0.043734"/>
          <testcase name="testGetBalance" class="Bavix\WalletBench\Test\Units\SoloTest" classname="Bavix.WalletBench.Test.Units.SoloTest" file="/Users/babichev/projects/laravel-wallet-benchmark/tests/Units/SoloTest.php" line="17" assertions="1" time="0.053335"/>
          <testcase name="testGetBalance" class="Bavix\WalletBench\Test\Units\SoloTest" classname="Bavix.WalletBench.Test.Units.SoloTest" file="/Users/babichev/projects/laravel-wallet-benchmark/tests/Units/SoloTest.php" line="17" assertions="1" time="0.087198"/>
          <testcase name="testGetBalance" class="Bavix\WalletBench\Test\Units\SoloTest" classname="Bavix.WalletBench.Test.Units.SoloTest" file="/Users/babichev/projects/laravel-wallet-benchmark/tests/Units/SoloTest.php" line="17" assertions="1" time="0.041008"/>
          <testcase name="testGetBalance" class="Bavix\WalletBench\Test\Units\SoloTest" classname="Bavix.WalletBench.Test.Units.SoloTest" file="/Users/babichev/projects/laravel-wallet-benchmark/tests/Units/SoloTest.php" line="17" assertions="1" time="0.031354"/>
          <testcase name="testGetBalance" class="Bavix\WalletBench\Test\Units\SoloTest" classname="Bavix.WalletBench.Test.Units.SoloTest" file="/Users/babichev/projects/laravel-wallet-benchmark/tests/Units/SoloTest.php" line="17" assertions="1" time="0.022478"/>
          <testcase name="testGetBalance" class="Bavix\WalletBench\Test\Units\SoloTest" classname="Bavix.WalletBench.Test.Units.SoloTest" file="/Users/babichev/projects/laravel-wallet-benchmark/tests/Units/SoloTest.php" line="17" assertions="1" time="0.025839"/>
          <testcase name="testGetBalance" class="Bavix\WalletBench\Test\Units\SoloTest" classname="Bavix.WalletBench.Test.Units.SoloTest" file="/Users/babichev/projects/laravel-wallet-benchmark/tests/Units/SoloTest.php" line="17" assertions="1" time="0.025341"/>
          <testcase name="testGetBalance" class="Bavix\WalletBench\Test\Units\SoloTest" classname="Bavix.WalletBench.Test.Units.SoloTest" file="/Users/babichev/projects/laravel-wallet-benchmark/tests/Units/SoloTest.php" line="17" assertions="1" time="0.026936"/>
          <testcase name="testGetBalance" class="Bavix\WalletBench\Test\Units\SoloTest" classname="Bavix.WalletBench.Test.Units.SoloTest" file="/Users/babichev/projects/laravel-wallet-benchmark/tests/Units/SoloTest.php" line="17" assertions="1" time="0.023357"/>
          <testcase name="testGetBalance" class="Bavix\WalletBench\Test\Units\SoloTest" classname="Bavix.WalletBench.Test.Units.SoloTest" file="/Users/babichev/projects/laravel-wallet-benchmark/tests/Units/SoloTest.php" line="17" assertions="1" time="0.026234"/>
          <testcase name="testGetBalance" class="Bavix\WalletBench\Test\Units\SoloTest" classname="Bavix.WalletBench.Test.Units.SoloTest" file="/Users/babichev/projects/laravel-wallet-benchmark/tests/Units/SoloTest.php" line="17" assertions="1" time="0.025318"/>
          <testcase name="testGetBalance" class="Bavix\WalletBench\Test\Units\SoloTest" classname="Bavix.WalletBench.Test.Units.SoloTest" file="/Users/babichev/projects/laravel-wallet-benchmark/tests/Units/SoloTest.php" line="17" assertions="1" time="0.025026"/>
          <testcase name="testGetBalance" class="Bavix\WalletBench\Test\Units\SoloTest" classname="Bavix.WalletBench.Test.Units.SoloTest" file="/Users/babichev/projects/laravel-wallet-benchmark/tests/Units/SoloTest.php" line="17" assertions="1" time="0.024907"/>
          <testcase name="testGetBalance" class="Bavix\WalletBench\Test\Units\SoloTest" classname="Bavix.WalletBench.Test.Units.SoloTest" file="/Users/babichev/projects/laravel-wallet-benchmark/tests/Units/SoloTest.php" line="17" assertions="1" time="0.024733"/>
          <testcase name="testGetBalance" class="Bavix\WalletBench\Test\Units\SoloTest" classname="Bavix.WalletBench.Test.Units.SoloTest" file="/Users/babichev/projects/laravel-wallet-benchmark/tests/Units/SoloTest.php" line="17" assertions="1" time="0.027426"/>
          <testcase name="testGetBalance" class="Bavix\WalletBench\Test\Units\SoloTest" classname="Bavix.WalletBench.Test.Units.SoloTest" file="/Users/babichev/projects/laravel-wallet-benchmark/tests/Units/SoloTest.php" line="17" assertions="1" time="0.028558"/>
          <testcase name="testGetBalance" class="Bavix\WalletBench\Test\Units\SoloTest" classname="Bavix.WalletBench.Test.Units.SoloTest" file="/Users/babichev/projects/laravel-wallet-benchmark/tests/Units/SoloTest.php" line="17" assertions="1" time="0.022869"/>
          <testcase name="testGetBalance" class="Bavix\WalletBench\Test\Units\SoloTest" classname="Bavix.WalletBench.Test.Units.SoloTest" file="/Users/babichev/projects/laravel-wallet-benchmark/tests/Units/SoloTest.php" line="17" assertions="1" time="0.028796"/>
          <testcase name="testGetBalance" class="Bavix\WalletBench\Test\Units\SoloTest" classname="Bavix.WalletBench.Test.Units.SoloTest" file="/Users/babichev/projects/laravel-wallet-benchmark/tests/Units/SoloTest.php" line="17" assertions="1" time="0.023994"/>
          <testcase name="testGetBalance" class="Bavix\WalletBench\Test\Units\SoloTest" classname="Bavix.WalletBench.Test.Units.SoloTest" file="/Users/babichev/projects/laravel-wallet-benchmark/tests/Units/SoloTest.php" line="17" assertions="1" time="0.026190"/>
          <testcase name="testGetBalance" class="Bavix\WalletBench\Test\Units\SoloTest" classname="Bavix.WalletBench.Test.Units.SoloTest" file="/Users/babichev/projects/laravel-wallet-benchmark/tests/Units/SoloTest.php" line="17" assertions="1" time="0.025566"/>
          <testcase name="testGetBalance" class="Bavix\WalletBench\Test\Units\SoloTest" classname="Bavix.WalletBench.Test.Units.SoloTest" file="/Users/babichev/projects/laravel-wallet-benchmark/tests/Units/SoloTest.php" line="17" assertions="1" time="0.023054"/>
          <testcase name="testGetBalance" class="Bavix\WalletBench\Test\Units\SoloTest" classname="Bavix.WalletBench.Test.Units.SoloTest" file="/Users/babichev/projects/laravel-wallet-benchmark/tests/Units/SoloTest.php" line="17" assertions="1" time="0.025933"/>
          <testcase name="testGetBalance" class="Bavix\WalletBench\Test\Units\SoloTest" classname="Bavix.WalletBench.Test.Units.SoloTest" file="/Users/babichev/projects/laravel-wallet-benchmark/tests/Units/SoloTest.php" line="17" assertions="1" time="0.022706"/>
          <testcase name="testGetBalance" class="Bavix\WalletBench\Test\Units\SoloTest" classname="Bavix.WalletBench.Test.Units.SoloTest" file="/Users/babichev/projects/laravel-wallet-benchmark/tests/Units/SoloTest.php" line="17" assertions="1" time="0.025375"/>
          <testcase name="testGetBalance" class="Bavix\WalletBench\Test\Units\SoloTest" classname="Bavix.WalletBench.Test.Units.SoloTest" file="/Users/babichev/projects/laravel-wallet-benchmark/tests/Units/SoloTest.php" line="17" assertions="1" time="0.027033"/>
        </testsuite>
        <testsuite name="Bavix\WalletBench\Test\Units\SoloTest::testDeposit" tests="100" assertions="100" errors="0" warnings="0" failures="0" skipped="0" time="4.117298">
          <testcase name="testDeposit" class="Bavix\WalletBench\Test\Units\SoloTest" classname="Bavix.WalletBench.Test.Units.SoloTest" file="/Users/babichev/projects/laravel-wallet-benchmark/tests/Units/SoloTest.php" line="25" assertions="1" time="0.040140"/>
          <testcase name="testDeposit" class="Bavix\WalletBench\Test\Units\SoloTest" classname="Bavix.WalletBench.Test.Units.SoloTest" file="/Users/babichev/projects/laravel-wallet-benchmark/tests/Units/SoloTest.php" line="25" assertions="1" time="0.044326"/>
          <testcase name="testDeposit" class="Bavix\WalletBench\Test\Units\SoloTest" classname="Bavix.WalletBench.Test.Units.SoloTest" file="/Users/babichev/projects/laravel-wallet-benchmark/tests/Units/SoloTest.php" line="25" assertions="1" time="0.036976"/>
          <testcase name="testDeposit" class="Bavix\WalletBench\Test\Units\SoloTest" classname="Bavix.WalletBench.Test.Units.SoloTest" file="/Users/babichev/projects/laravel-wallet-benchmark/tests/Units/SoloTest.php" line="25" assertions="1" time="0.035927"/>
          <testcase name="testDeposit" class="Bavix\WalletBench\Test\Units\SoloTest" classname="Bavix.WalletBench.Test.Units.SoloTest" file="/Users/babichev/projects/laravel-wallet-benchmark/tests/Units/SoloTest.php" line="25" assertions="1" time="0.035555"/>
          <testcase name="testDeposit" class="Bavix\WalletBench\Test\Units\SoloTest" classname="Bavix.WalletBench.Test.Units.SoloTest" file="/Users/babichev/projects/laravel-wallet-benchmark/tests/Units/SoloTest.php" line="25" assertions="1" time="0.037376"/>
          <testcase name="testDeposit" class="Bavix\WalletBench\Test\Units\SoloTest" classname="Bavix.WalletBench.Test.Units.SoloTest" file="/Users/babichev/projects/laravel-wallet-benchmark/tests/Units/SoloTest.php" line="25" assertions="1" time="0.035634"/>
          <testcase name="testDeposit" class="Bavix\WalletBench\Test\Units\SoloTest" classname="Bavix.WalletBench.Test.Units.SoloTest" file="/Users/babichev/projects/laravel-wallet-benchmark/tests/Units/SoloTest.php" line="25" assertions="1" time="0.034967"/>
          <testcase name="testDeposit" class="Bavix\WalletBench\Test\Units\SoloTest" classname="Bavix.WalletBench.Test.Units.SoloTest" file="/Users/babichev/projects/laravel-wallet-benchmark/tests/Units/SoloTest.php" line="25" assertions="1" time="0.037108"/>
          <testcase name="testDeposit" class="Bavix\WalletBench\Test\Units\SoloTest" classname="Bavix.WalletBench.Test.Units.SoloTest" file="/Users/babichev/projects/laravel-wallet-benchmark/tests/Units/SoloTest.php" line="25" assertions="1" time="0.035512"/>
          <testcase name="testDeposit" class="Bavix\WalletBench\Test\Units\SoloTest" classname="Bavix.WalletBench.Test.Units.SoloTest" file="/Users/babichev/projects/laravel-wallet-benchmark/tests/Units/SoloTest.php" line="25" assertions="1" time="0.034447"/>
          <testcase name="testDeposit" class="Bavix\WalletBench\Test\Units\SoloTest" classname="Bavix.WalletBench.Test.Units.SoloTest" file="/Users/babichev/projects/laravel-wallet-benchmark/tests/Units/SoloTest.php" line="25" assertions="1" time="0.036188"/>
          <testcase name="testDeposit" class="Bavix\WalletBench\Test\Units\SoloTest" classname="Bavix.WalletBench.Test.Units.SoloTest" file="/Users/babichev/projects/laravel-wallet-benchmark/tests/Units/SoloTest.php" line="25" assertions="1" time="0.033706"/>
          <testcase name="testDeposit" class="Bavix\WalletBench\Test\Units\SoloTest" classname="Bavix.WalletBench.Test.Units.SoloTest" file="/Users/babichev/projects/laravel-wallet-benchmark/tests/Units/SoloTest.php" line="25" assertions="1" time="0.037292"/>
          <testcase name="testDeposit" class="Bavix\WalletBench\Test\Units\SoloTest" classname="Bavix.WalletBench.Test.Units.SoloTest" file="/Users/babichev/projects/laravel-wallet-benchmark/tests/Units/SoloTest.php" line="25" assertions="1" time="0.035501"/>
          <testcase name="testDeposit" class="Bavix\WalletBench\Test\Units\SoloTest" classname="Bavix.WalletBench.Test.Units.SoloTest" file="/Users/babichev/projects/laravel-wallet-benchmark/tests/Units/SoloTest.php" line="25" assertions="1" time="0.036471"/>
          <testcase name="testDeposit" class="Bavix\WalletBench\Test\Units\SoloTest" classname="Bavix.WalletBench.Test.Units.SoloTest" file="/Users/babichev/projects/laravel-wallet-benchmark/tests/Units/SoloTest.php" line="25" assertions="1" time="0.035805"/>
          <testcase name="testDeposit" class="Bavix\WalletBench\Test\Units\SoloTest" classname="Bavix.WalletBench.Test.Units.SoloTest" file="/Users/babichev/projects/laravel-wallet-benchmark/tests/Units/SoloTest.php" line="25" assertions="1" time="0.034244"/>
          <testcase name="testDeposit" class="Bavix\WalletBench\Test\Units\SoloTest" classname="Bavix.WalletBench.Test.Units.SoloTest" file="/Users/babichev/projects/laravel-wallet-benchmark/tests/Units/SoloTest.php" line="25" assertions="1" time="0.034677"/>
          <testcase name="testDeposit" class="Bavix\WalletBench\Test\Units\SoloTest" classname="Bavix.WalletBench.Test.Units.SoloTest" file="/Users/babichev/projects/laravel-wallet-benchmark/tests/Units/SoloTest.php" line="25" assertions="1" time="0.088990"/>
          <testcase name="testDeposit" class="Bavix\WalletBench\Test\Units\SoloTest" classname="Bavix.WalletBench.Test.Units.SoloTest" file="/Users/babichev/projects/laravel-wallet-benchmark/tests/Units/SoloTest.php" line="25" assertions="1" time="0.041193"/>
          <testcase name="testDeposit" class="Bavix\WalletBench\Test\Units\SoloTest" classname="Bavix.WalletBench.Test.Units.SoloTest" file="/Users/babichev/projects/laravel-wallet-benchmark/tests/Units/SoloTest.php" line="25" assertions="1" time="0.042923"/>
          <testcase name="testDeposit" class="Bavix\WalletBench\Test\Units\SoloTest" classname="Bavix.WalletBench.Test.Units.SoloTest" file="/Users/babichev/projects/laravel-wallet-benchmark/tests/Units/SoloTest.php" line="25" assertions="1" time="0.039945"/>
          <testcase name="testDeposit" class="Bavix\WalletBench\Test\Units\SoloTest" classname="Bavix.WalletBench.Test.Units.SoloTest" file="/Users/babichev/projects/laravel-wallet-benchmark/tests/Units/SoloTest.php" line="25" assertions="1" time="0.040278"/>
          <testcase name="testDeposit" class="Bavix\WalletBench\Test\Units\SoloTest" classname="Bavix.WalletBench.Test.Units.SoloTest" file="/Users/babichev/projects/laravel-wallet-benchmark/tests/Units/SoloTest.php" line="25" assertions="1" time="0.043114"/>
          <testcase name="testDeposit" class="Bavix\WalletBench\Test\Units\SoloTest" classname="Bavix.WalletBench.Test.Units.SoloTest" file="/Users/babichev/projects/laravel-wallet-benchmark/tests/Units/SoloTest.php" line="25" assertions="1" time="0.040925"/>
          <testcase name="testDeposit" class="Bavix\WalletBench\Test\Units\SoloTest" classname="Bavix.WalletBench.Test.Units.SoloTest" file="/Users/babichev/projects/laravel-wallet-benchmark/tests/Units/SoloTest.php" line="25" assertions="1" time="0.035924"/>
          <testcase name="testDeposit" class="Bavix\WalletBench\Test\Units\SoloTest" classname="Bavix.WalletBench.Test.Units.SoloTest" file="/Users/babichev/projects/laravel-wallet-benchmark/tests/Units/SoloTest.php" line="25" assertions="1" time="0.038173"/>
          <testcase name="testDeposit" class="Bavix\WalletBench\Test\Units\SoloTest" classname="Bavix.WalletBench.Test.Units.SoloTest" file="/Users/babichev/projects/laravel-wallet-benchmark/tests/Units/SoloTest.php" line="25" assertions="1" time="0.068713"/>
          <testcase name="testDeposit" class="Bavix\WalletBench\Test\Units\SoloTest" classname="Bavix.WalletBench.Test.Units.SoloTest" file="/Users/babichev/projects/laravel-wallet-benchmark/tests/Units/SoloTest.php" line="25" assertions="1" time="0.056683"/>
          <testcase name="testDeposit" class="Bavix\WalletBench\Test\Units\SoloTest" classname="Bavix.WalletBench.Test.Units.SoloTest" file="/Users/babichev/projects/laravel-wallet-benchmark/tests/Units/SoloTest.php" line="25" assertions="1" time="0.068799"/>
          <testcase name="testDeposit" class="Bavix\WalletBench\Test\Units\SoloTest" classname="Bavix.WalletBench.Test.Units.SoloTest" file="/Users/babichev/projects/laravel-wallet-benchmark/tests/Units/SoloTest.php" line="25" assertions="1" time="0.058212"/>
          <testcase name="testDeposit" class="Bavix\WalletBench\Test\Units\SoloTest" classname="Bavix.WalletBench.Test.Units.SoloTest" file="/Users/babichev/projects/laravel-wallet-benchmark/tests/Units/SoloTest.php" line="25" assertions="1" time="0.046482"/>
          <testcase name="testDeposit" class="Bavix\WalletBench\Test\Units\SoloTest" classname="Bavix.WalletBench.Test.Units.SoloTest" file="/Users/babichev/projects/laravel-wallet-benchmark/tests/Units/SoloTest.php" line="25" assertions="1" time="0.050864"/>
          <testcase name="testDeposit" class="Bavix\WalletBench\Test\Units\SoloTest" classname="Bavix.WalletBench.Test.Units.SoloTest" file="/Users/babichev/projects/laravel-wallet-benchmark/tests/Units/SoloTest.php" line="25" assertions="1" time="0.044530"/>
          <testcase name="testDeposit" class="Bavix\WalletBench\Test\Units\SoloTest" classname="Bavix.WalletBench.Test.Units.SoloTest" file="/Users/babichev/projects/laravel-wallet-benchmark/tests/Units/SoloTest.php" line="25" assertions="1" time="0.051929"/>
          <testcase name="testDeposit" class="Bavix\WalletBench\Test\Units\SoloTest" classname="Bavix.WalletBench.Test.Units.SoloTest" file="/Users/babichev/projects/laravel-wallet-benchmark/tests/Units/SoloTest.php" line="25" assertions="1" time="0.049360"/>
          <testcase name="testDeposit" class="Bavix\WalletBench\Test\Units\SoloTest" classname="Bavix.WalletBench.Test.Units.SoloTest" file="/Users/babichev/projects/laravel-wallet-benchmark/tests/Units/SoloTest.php" line="25" assertions="1" time="0.059990"/>
          <testcase name="testDeposit" class="Bavix\WalletBench\Test\Units\SoloTest" classname="Bavix.WalletBench.Test.Units.SoloTest" file="/Users/babichev/projects/laravel-wallet-benchmark/tests/Units/SoloTest.php" line="25" assertions="1" time="0.065937"/>
          <testcase name="testDeposit" class="Bavix\WalletBench\Test\Units\SoloTest" classname="Bavix.WalletBench.Test.Units.SoloTest" file="/Users/babichev/projects/laravel-wallet-benchmark/tests/Units/SoloTest.php" line="25" assertions="1" time="0.051725"/>
          <testcase name="testDeposit" class="Bavix\WalletBench\Test\Units\SoloTest" classname="Bavix.WalletBench.Test.Units.SoloTest" file="/Users/babichev/projects/laravel-wallet-benchmark/tests/Units/SoloTest.php" line="25" assertions="1" time="0.068237"/>
          <testcase name="testDeposit" class="Bavix\WalletBench\Test\Units\SoloTest" classname="Bavix.WalletBench.Test.Units.SoloTest" file="/Users/babichev/projects/laravel-wallet-benchmark/tests/Units/SoloTest.php" line="25" assertions="1" time="0.041602"/>
          <testcase name="testDeposit" class="Bavix\WalletBench\Test\Units\SoloTest" classname="Bavix.WalletBench.Test.Units.SoloTest" file="/Users/babichev/projects/laravel-wallet-benchmark/tests/Units/SoloTest.php" line="25" assertions="1" time="0.070623"/>
          <testcase name="testDeposit" class="Bavix\WalletBench\Test\Units\SoloTest" classname="Bavix.WalletBench.Test.Units.SoloTest" file="/Users/babichev/projects/laravel-wallet-benchmark/tests/Units/SoloTest.php" line="25" assertions="1" time="0.046492"/>
          <testcase name="testDeposit" class="Bavix\WalletBench\Test\Units\SoloTest" classname="Bavix.WalletBench.Test.Units.SoloTest" file="/Users/babichev/projects/laravel-wallet-benchmark/tests/Units/SoloTest.php" line="25" assertions="1" time="0.038693"/>
          <testcase name="testDeposit" class="Bavix\WalletBench\Test\Units\SoloTest" classname="Bavix.WalletBench.Test.Units.SoloTest" file="/Users/babichev/projects/laravel-wallet-benchmark/tests/Units/SoloTest.php" line="25" assertions="1" time="0.036080"/>
          <testcase name="testDeposit" class="Bavix\WalletBench\Test\Units\SoloTest" classname="Bavix.WalletBench.Test.Units.SoloTest" file="/Users/babichev/projects/laravel-wallet-benchmark/tests/Units/SoloTest.php" line="25" assertions="1" time="0.039990"/>
          <testcase name="testDeposit" class="Bavix\WalletBench\Test\Units\SoloTest" classname="Bavix.WalletBench.Test.Units.SoloTest" file="/Users/babichev/projects/laravel-wallet-benchmark/tests/Units/SoloTest.php" line="25" assertions="1" time="0.037874"/>
          <testcase name="testDeposit" class="Bavix\WalletBench\Test\Units\SoloTest" classname="Bavix.WalletBench.Test.Units.SoloTest" file="/Users/babichev/projects/laravel-wallet-benchmark/tests/Units/SoloTest.php" line="25" assertions="1" time="0.034906"/>
          <testcase name="testDeposit" class="Bavix\WalletBench\Test\Units\SoloTest" classname="Bavix.WalletBench.Test.Units.SoloTest" file="/Users/babichev/projects/laravel-wallet-benchmark/tests/Units/SoloTest.php" line="25" assertions="1" time="0.034941"/>
          <testcase name="testDeposit" class="Bavix\WalletBench\Test\Units\SoloTest" classname="Bavix.WalletBench.Test.Units.SoloTest" file="/Users/babichev/projects/laravel-wallet-benchmark/tests/Units/SoloTest.php" line="25" assertions="1" time="0.036609"/>
          <testcase name="testDeposit" class="Bavix\WalletBench\Test\Units\SoloTest" classname="Bavix.WalletBench.Test.Units.SoloTest" file="/Users/babichev/projects/laravel-wallet-benchmark/tests/Units/SoloTest.php" line="25" assertions="1" time="0.035909"/>
          <testcase name="testDeposit" class="Bavix\WalletBench\Test\Units\SoloTest" classname="Bavix.WalletBench.Test.Units.SoloTest" file="/Users/babichev/projects/laravel-wallet-benchmark/tests/Units/SoloTest.php" line="25" assertions="1" time="0.040934"/>
          <testcase name="testDeposit" class="Bavix\WalletBench\Test\Units\SoloTest" classname="Bavix.WalletBench.Test.Units.SoloTest" file="/Users/babichev/projects/laravel-wallet-benchmark/tests/Units/SoloTest.php" line="25" assertions="1" time="0.038019"/>
          <testcase name="testDeposit" class="Bavix\WalletBench\Test\Units\SoloTest" classname="Bavix.WalletBench.Test.Units.SoloTest" file="/Users/babichev/projects/laravel-wallet-benchmark/tests/Units/SoloTest.php" line="25" assertions="1" time="0.046204"/>
          <testcase name="testDeposit" class="Bavix\WalletBench\Test\Units\SoloTest" classname="Bavix.WalletBench.Test.Units.SoloTest" file="/Users/babichev/projects/laravel-wallet-benchmark/tests/Units/SoloTest.php" line="25" assertions="1" time="0.043254"/>
          <testcase name="testDeposit" class="Bavix\WalletBench\Test\Units\SoloTest" classname="Bavix.WalletBench.Test.Units.SoloTest" file="/Users/babichev/projects/laravel-wallet-benchmark/tests/Units/SoloTest.php" line="25" assertions="1" time="0.036632"/>
          <testcase name="testDeposit" class="Bavix\WalletBench\Test\Units\SoloTest" classname="Bavix.WalletBench.Test.Units.SoloTest" file="/Users/babichev/projects/laravel-wallet-benchmark/tests/Units/SoloTest.php" line="25" assertions="1" time="0.040065"/>
          <testcase name="testDeposit" class="Bavix\WalletBench\Test\Units\SoloTest" classname="Bavix.WalletBench.Test.Units.SoloTest" file="/Users/babichev/projects/laravel-wallet-benchmark/tests/Units/SoloTest.php" line="25" assertions="1" time="0.039089"/>
          <testcase name="testDeposit" class="Bavix\WalletBench\Test\Units\SoloTest" classname="Bavix.WalletBench.Test.Units.SoloTest" file="/Users/babichev/projects/laravel-wallet-benchmark/tests/Units/SoloTest.php" line="25" assertions="1" time="0.039033"/>
          <testcase name="testDeposit" class="Bavix\WalletBench\Test\Units\SoloTest" classname="Bavix.WalletBench.Test.Units.SoloTest" file="/Users/babichev/projects/laravel-wallet-benchmark/tests/Units/SoloTest.php" line="25" assertions="1" time="0.039429"/>
          <testcase name="testDeposit" class="Bavix\WalletBench\Test\Units\SoloTest" classname="Bavix.WalletBench.Test.Units.SoloTest" file="/Users/babichev/projects/laravel-wallet-benchmark/tests/Units/SoloTest.php" line="25" assertions="1" time="0.036082"/>
          <testcase name="testDeposit" class="Bavix\WalletBench\Test\Units\SoloTest" classname="Bavix.WalletBench.Test.Units.SoloTest" file="/Users/babichev/projects/laravel-wallet-benchmark/tests/Units/SoloTest.php" line="25" assertions="1" time="0.035222"/>
          <testcase name="testDeposit" class="Bavix\WalletBench\Test\Units\SoloTest" classname="Bavix.WalletBench.Test.Units.SoloTest" file="/Users/babichev/projects/laravel-wallet-benchmark/tests/Units/SoloTest.php" line="25" assertions="1" time="0.036429"/>
          <testcase name="testDeposit" class="Bavix\WalletBench\Test\Units\SoloTest" classname="Bavix.WalletBench.Test.Units.SoloTest" file="/Users/babichev/projects/laravel-wallet-benchmark/tests/Units/SoloTest.php" line="25" assertions="1" time="0.038023"/>
          <testcase name="testDeposit" class="Bavix\WalletBench\Test\Units\SoloTest" classname="Bavix.WalletBench.Test.Units.SoloTest" file="/Users/babichev/projects/laravel-wallet-benchmark/tests/Units/SoloTest.php" line="25" assertions="1" time="0.039903"/>
          <testcase name="testDeposit" class="Bavix\WalletBench\Test\Units\SoloTest" classname="Bavix.WalletBench.Test.Units.SoloTest" file="/Users/babichev/projects/laravel-wallet-benchmark/tests/Units/SoloTest.php" line="25" assertions="1" time="0.042832"/>
          <testcase name="testDeposit" class="Bavix\WalletBench\Test\Units\SoloTest" classname="Bavix.WalletBench.Test.Units.SoloTest" file="/Users/babichev/projects/laravel-wallet-benchmark/tests/Units/SoloTest.php" line="25" assertions="1" time="0.037465"/>
          <testcase name="testDeposit" class="Bavix\WalletBench\Test\Units\SoloTest" classname="Bavix.WalletBench.Test.Units.SoloTest" file="/Users/babichev/projects/laravel-wallet-benchmark/tests/Units/SoloTest.php" line="25" assertions="1" time="0.038612"/>
          <testcase name="testDeposit" class="Bavix\WalletBench\Test\Units\SoloTest" classname="Bavix.WalletBench.Test.Units.SoloTest" file="/Users/babichev/projects/laravel-wallet-benchmark/tests/Units/SoloTest.php" line="25" assertions="1" time="0.036966"/>
          <testcase name="testDeposit" class="Bavix\WalletBench\Test\Units\SoloTest" classname="Bavix.WalletBench.Test.Units.SoloTest" file="/Users/babichev/projects/laravel-wallet-benchmark/tests/Units/SoloTest.php" line="25" assertions="1" time="0.037987"/>
          <testcase name="testDeposit" class="Bavix\WalletBench\Test\Units\SoloTest" classname="Bavix.WalletBench.Test.Units.SoloTest" file="/Users/babichev/projects/laravel-wallet-benchmark/tests/Units/SoloTest.php" line="25" assertions="1" time="0.036796"/>
          <testcase name="testDeposit" class="Bavix\WalletBench\Test\Units\SoloTest" classname="Bavix.WalletBench.Test.Units.SoloTest" file="/Users/babichev/projects/laravel-wallet-benchmark/tests/Units/SoloTest.php" line="25" assertions="1" time="0.038117"/>
          <testcase name="testDeposit" class="Bavix\WalletBench\Test\Units\SoloTest" classname="Bavix.WalletBench.Test.Units.SoloTest" file="/Users/babichev/projects/laravel-wallet-benchmark/tests/Units/SoloTest.php" line="25" assertions="1" time="0.035865"/>
          <testcase name="testDeposit" class="Bavix\WalletBench\Test\Units\SoloTest" classname="Bavix.WalletBench.Test.Units.SoloTest" file="/Users/babichev/projects/laravel-wallet-benchmark/tests/Units/SoloTest.php" line="25" assertions="1" time="0.037440"/>
          <testcase name="testDeposit" class="Bavix\WalletBench\Test\Units\SoloTest" classname="Bavix.WalletBench.Test.Units.SoloTest" file="/Users/babichev/projects/laravel-wallet-benchmark/tests/Units/SoloTest.php" line="25" assertions="1" time="0.038481"/>
          <testcase name="testDeposit" class="Bavix\WalletBench\Test\Units\SoloTest" classname="Bavix.WalletBench.Test.Units.SoloTest" file="/Users/babichev/projects/laravel-wallet-benchmark/tests/Units/SoloTest.php" line="25" assertions="1" time="0.036178"/>
          <testcase name="testDeposit" class="Bavix\WalletBench\Test\Units\SoloTest" classname="Bavix.WalletBench.Test.Units.SoloTest" file="/Users/babichev/projects/laravel-wallet-benchmark/tests/Units/SoloTest.php" line="25" assertions="1" time="0.036607"/>
          <testcase name="testDeposit" class="Bavix\WalletBench\Test\Units\SoloTest" classname="Bavix.WalletBench.Test.Units.SoloTest" file="/Users/babichev/projects/laravel-wallet-benchmark/tests/Units/SoloTest.php" line="25" assertions="1" time="0.037864"/>
          <testcase name="testDeposit" class="Bavix\WalletBench\Test\Units\SoloTest" classname="Bavix.WalletBench.Test.Units.SoloTest" file="/Users/babichev/projects/laravel-wallet-benchmark/tests/Units/SoloTest.php" line="25" assertions="1" time="0.035094"/>
          <testcase name="testDeposit" class="Bavix\WalletBench\Test\Units\SoloTest" classname="Bavix.WalletBench.Test.Units.SoloTest" file="/Users/babichev/projects/laravel-wallet-benchmark/tests/Units/SoloTest.php" line="25" assertions="1" time="0.037534"/>
          <testcase name="testDeposit" class="Bavix\WalletBench\Test\Units\SoloTest" classname="Bavix.WalletBench.Test.Units.SoloTest" file="/Users/babichev/projects/laravel-wallet-benchmark/tests/Units/SoloTest.php" line="25" assertions="1" time="0.035781"/>
          <testcase name="testDeposit" class="Bavix\WalletBench\Test\Units\SoloTest" classname="Bavix.WalletBench.Test.Units.SoloTest" file="/Users/babichev/projects/laravel-wallet-benchmark/tests/Units/SoloTest.php" line="25" assertions="1" time="0.046210"/>
          <testcase name="testDeposit" class="Bavix\WalletBench\Test\Units\SoloTest" classname="Bavix.WalletBench.Test.Units.SoloTest" file="/Users/babichev/projects/laravel-wallet-benchmark/tests/Units/SoloTest.php" line="25" assertions="1" time="0.038974"/>
          <testcase name="testDeposit" class="Bavix\WalletBench\Test\Units\SoloTest" classname="Bavix.WalletBench.Test.Units.SoloTest" file="/Users/babichev/projects/laravel-wallet-benchmark/tests/Units/SoloTest.php" line="25" assertions="1" time="0.036637"/>
          <testcase name="testDeposit" class="Bavix\WalletBench\Test\Units\SoloTest" classname="Bavix.WalletBench.Test.Units.SoloTest" file="/Users/babichev/projects/laravel-wallet-benchmark/tests/Units/SoloTest.php" line="25" assertions="1" time="0.035374"/>
          <testcase name="testDeposit" class="Bavix\WalletBench\Test\Units\SoloTest" classname="Bavix.WalletBench.Test.Units.SoloTest" file="/Users/babichev/projects/laravel-wallet-benchmark/tests/Units/SoloTest.php" line="25" assertions="1" time="0.037895"/>
          <testcase name="testDeposit" class="Bavix\WalletBench\Test\Units\SoloTest" classname="Bavix.WalletBench.Test.Units.SoloTest" file="/Users/babichev/projects/laravel-wallet-benchmark/tests/Units/SoloTest.php" line="25" assertions="1" time="0.039947"/>
          <testcase name="testDeposit" class="Bavix\WalletBench\Test\Units\SoloTest" classname="Bavix.WalletBench.Test.Units.SoloTest" file="/Users/babichev/projects/laravel-wallet-benchmark/tests/Units/SoloTest.php" line="25" assertions="1" time="0.037705"/>
          <testcase name="testDeposit" class="Bavix\WalletBench\Test\Units\SoloTest" classname="Bavix.WalletBench.Test.Units.SoloTest" file="/Users/babichev/projects/laravel-wallet-benchmark/tests/Units/SoloTest.php" line="25" assertions="1" time="0.035885"/>
          <testcase name="testDeposit" class="Bavix\WalletBench\Test\Units\SoloTest" classname="Bavix.WalletBench.Test.Units.SoloTest" file="/Users/babichev/projects/laravel-wallet-benchmark/tests/Units/SoloTest.php" line="25" assertions="1" time="0.035465"/>
          <testcase name="testDeposit" class="Bavix\WalletBench\Test\Units\SoloTest" classname="Bavix.WalletBench.Test.Units.SoloTest" file="/Users/babichev/projects/laravel-wallet-benchmark/tests/Units/SoloTest.php" line="25" assertions="1" time="0.036968"/>
          <testcase name="testDeposit" class="Bavix\WalletBench\Test\Units\SoloTest" classname="Bavix.WalletBench.Test.Units.SoloTest" file="/Users/babichev/projects/laravel-wallet-benchmark/tests/Units/SoloTest.php" line="25" assertions="1" time="0.036356"/>
          <testcase name="testDeposit" class="Bavix\WalletBench\Test\Units\SoloTest" classname="Bavix.WalletBench.Test.Units.SoloTest" file="/Users/babichev/projects/laravel-wallet-benchmark/tests/Units/SoloTest.php" line="25" assertions="1" time="0.038420"/>
          <testcase name="testDeposit" class="Bavix\WalletBench\Test\Units\SoloTest" classname="Bavix.WalletBench.Test.Units.SoloTest" file="/Users/babichev/projects/laravel-wallet-benchmark/tests/Units/SoloTest.php" line="25" assertions="1" time="0.035852"/>
          <testcase name="testDeposit" class="Bavix\WalletBench\Test\Units\SoloTest" classname="Bavix.WalletBench.Test.Units.SoloTest" file="/Users/babichev/projects/laravel-wallet-benchmark/tests/Units/SoloTest.php" line="25" assertions="1" time="0.034595"/>
          <testcase name="testDeposit" class="Bavix\WalletBench\Test\Units\SoloTest" classname="Bavix.WalletBench.Test.Units.SoloTest" file="/Users/babichev/projects/laravel-wallet-benchmark/tests/Units/SoloTest.php" line="25" assertions="1" time="0.036332"/>
          <testcase name="testDeposit" class="Bavix\WalletBench\Test\Units\SoloTest" classname="Bavix.WalletBench.Test.Units.SoloTest" file="/Users/babichev/projects/laravel-wallet-benchmark/tests/Units/SoloTest.php" line="25" assertions="1" time="0.036452"/>
          <testcase name="testDeposit" class="Bavix\WalletBench\Test\Units\SoloTest" classname="Bavix.WalletBench.Test.Units.SoloTest" file="/Users/babichev/projects/laravel-wallet-benchmark/tests/Units/SoloTest.php" line="25" assertions="1" time="0.035633"/>
          <testcase name="testDeposit" class="Bavix\WalletBench\Test\Units\SoloTest" classname="Bavix.WalletBench.Test.Units.SoloTest" file="/Users/babichev/projects/laravel-wallet-benchmark/tests/Units/SoloTest.php" line="25" assertions="1" time="0.036166"/>
        </testsuite>
        <testsuite name="Bavix\WalletBench\Test\Units\SoloTest::testForceWithdraw" tests="100" assertions="100" errors="0" warnings="0" failures="0" skipped="0" time="3.772913">
          <testcase name="testForceWithdraw" class="Bavix\WalletBench\Test\Units\SoloTest" classname="Bavix.WalletBench.Test.Units.SoloTest" file="/Users/babichev/projects/laravel-wallet-benchmark/tests/Units/SoloTest.php" line="34" assertions="1" time="0.038772"/>
          <testcase name="testForceWithdraw" class="Bavix\WalletBench\Test\Units\SoloTest" classname="Bavix.WalletBench.Test.Units.SoloTest" file="/Users/babichev/projects/laravel-wallet-benchmark/tests/Units/SoloTest.php" line="34" assertions="1" time="0.035612"/>
          <testcase name="testForceWithdraw" class="Bavix\WalletBench\Test\Units\SoloTest" classname="Bavix.WalletBench.Test.Units.SoloTest" file="/Users/babichev/projects/laravel-wallet-benchmark/tests/Units/SoloTest.php" line="34" assertions="1" time="0.044185"/>
          <testcase name="testForceWithdraw" class="Bavix\WalletBench\Test\Units\SoloTest" classname="Bavix.WalletBench.Test.Units.SoloTest" file="/Users/babichev/projects/laravel-wallet-benchmark/tests/Units/SoloTest.php" line="34" assertions="1" time="0.069577"/>
          <testcase name="testForceWithdraw" class="Bavix\WalletBench\Test\Units\SoloTest" classname="Bavix.WalletBench.Test.Units.SoloTest" file="/Users/babichev/projects/laravel-wallet-benchmark/tests/Units/SoloTest.php" line="34" assertions="1" time="0.057768"/>
          <testcase name="testForceWithdraw" class="Bavix\WalletBench\Test\Units\SoloTest" classname="Bavix.WalletBench.Test.Units.SoloTest" file="/Users/babichev/projects/laravel-wallet-benchmark/tests/Units/SoloTest.php" line="34" assertions="1" time="0.037747"/>
          <testcase name="testForceWithdraw" class="Bavix\WalletBench\Test\Units\SoloTest" classname="Bavix.WalletBench.Test.Units.SoloTest" file="/Users/babichev/projects/laravel-wallet-benchmark/tests/Units/SoloTest.php" line="34" assertions="1" time="0.038388"/>
          <testcase name="testForceWithdraw" class="Bavix\WalletBench\Test\Units\SoloTest" classname="Bavix.WalletBench.Test.Units.SoloTest" file="/Users/babichev/projects/laravel-wallet-benchmark/tests/Units/SoloTest.php" line="34" assertions="1" time="0.036246"/>
          <testcase name="testForceWithdraw" class="Bavix\WalletBench\Test\Units\SoloTest" classname="Bavix.WalletBench.Test.Units.SoloTest" file="/Users/babichev/projects/laravel-wallet-benchmark/tests/Units/SoloTest.php" line="34" assertions="1" time="0.036904"/>
          <testcase name="testForceWithdraw" class="Bavix\WalletBench\Test\Units\SoloTest" classname="Bavix.WalletBench.Test.Units.SoloTest" file="/Users/babichev/projects/laravel-wallet-benchmark/tests/Units/SoloTest.php" line="34" assertions="1" time="0.035303"/>
          <testcase name="testForceWithdraw" class="Bavix\WalletBench\Test\Units\SoloTest" classname="Bavix.WalletBench.Test.Units.SoloTest" file="/Users/babichev/projects/laravel-wallet-benchmark/tests/Units/SoloTest.php" line="34" assertions="1" time="0.035577"/>
          <testcase name="testForceWithdraw" class="Bavix\WalletBench\Test\Units\SoloTest" classname="Bavix.WalletBench.Test.Units.SoloTest" file="/Users/babichev/projects/laravel-wallet-benchmark/tests/Units/SoloTest.php" line="34" assertions="1" time="0.036528"/>
          <testcase name="testForceWithdraw" class="Bavix\WalletBench\Test\Units\SoloTest" classname="Bavix.WalletBench.Test.Units.SoloTest" file="/Users/babichev/projects/laravel-wallet-benchmark/tests/Units/SoloTest.php" line="34" assertions="1" time="0.038924"/>
          <testcase name="testForceWithdraw" class="Bavix\WalletBench\Test\Units\SoloTest" classname="Bavix.WalletBench.Test.Units.SoloTest" file="/Users/babichev/projects/laravel-wallet-benchmark/tests/Units/SoloTest.php" line="34" assertions="1" time="0.037626"/>
          <testcase name="testForceWithdraw" class="Bavix\WalletBench\Test\Units\SoloTest" classname="Bavix.WalletBench.Test.Units.SoloTest" file="/Users/babichev/projects/laravel-wallet-benchmark/tests/Units/SoloTest.php" line="34" assertions="1" time="0.037108"/>
          <testcase name="testForceWithdraw" class="Bavix\WalletBench\Test\Units\SoloTest" classname="Bavix.WalletBench.Test.Units.SoloTest" file="/Users/babichev/projects/laravel-wallet-benchmark/tests/Units/SoloTest.php" line="34" assertions="1" time="0.041785"/>
          <testcase name="testForceWithdraw" class="Bavix\WalletBench\Test\Units\SoloTest" classname="Bavix.WalletBench.Test.Units.SoloTest" file="/Users/babichev/projects/laravel-wallet-benchmark/tests/Units/SoloTest.php" line="34" assertions="1" time="0.038429"/>
          <testcase name="testForceWithdraw" class="Bavix\WalletBench\Test\Units\SoloTest" classname="Bavix.WalletBench.Test.Units.SoloTest" file="/Users/babichev/projects/laravel-wallet-benchmark/tests/Units/SoloTest.php" line="34" assertions="1" time="0.036905"/>
          <testcase name="testForceWithdraw" class="Bavix\WalletBench\Test\Units\SoloTest" classname="Bavix.WalletBench.Test.Units.SoloTest" file="/Users/babichev/projects/laravel-wallet-benchmark/tests/Units/SoloTest.php" line="34" assertions="1" time="0.043157"/>
          <testcase name="testForceWithdraw" class="Bavix\WalletBench\Test\Units\SoloTest" classname="Bavix.WalletBench.Test.Units.SoloTest" file="/Users/babichev/projects/laravel-wallet-benchmark/tests/Units/SoloTest.php" line="34" assertions="1" time="0.040389"/>
          <testcase name="testForceWithdraw" class="Bavix\WalletBench\Test\Units\SoloTest" classname="Bavix.WalletBench.Test.Units.SoloTest" file="/Users/babichev/projects/laravel-wallet-benchmark/tests/Units/SoloTest.php" line="34" assertions="1" time="0.038599"/>
          <testcase name="testForceWithdraw" class="Bavix\WalletBench\Test\Units\SoloTest" classname="Bavix.WalletBench.Test.Units.SoloTest" file="/Users/babichev/projects/laravel-wallet-benchmark/tests/Units/SoloTest.php" line="34" assertions="1" time="0.039074"/>
          <testcase name="testForceWithdraw" class="Bavix\WalletBench\Test\Units\SoloTest" classname="Bavix.WalletBench.Test.Units.SoloTest" file="/Users/babichev/projects/laravel-wallet-benchmark/tests/Units/SoloTest.php" line="34" assertions="1" time="0.036936"/>
          <testcase name="testForceWithdraw" class="Bavix\WalletBench\Test\Units\SoloTest" classname="Bavix.WalletBench.Test.Units.SoloTest" file="/Users/babichev/projects/laravel-wallet-benchmark/tests/Units/SoloTest.php" line="34" assertions="1" time="0.036031"/>
          <testcase name="testForceWithdraw" class="Bavix\WalletBench\Test\Units\SoloTest" classname="Bavix.WalletBench.Test.Units.SoloTest" file="/Users/babichev/projects/laravel-wallet-benchmark/tests/Units/SoloTest.php" line="34" assertions="1" time="0.035775"/>
          <testcase name="testForceWithdraw" class="Bavix\WalletBench\Test\Units\SoloTest" classname="Bavix.WalletBench.Test.Units.SoloTest" file="/Users/babichev/projects/laravel-wallet-benchmark/tests/Units/SoloTest.php" line="34" assertions="1" time="0.036996"/>
          <testcase name="testForceWithdraw" class="Bavix\WalletBench\Test\Units\SoloTest" classname="Bavix.WalletBench.Test.Units.SoloTest" file="/Users/babichev/projects/laravel-wallet-benchmark/tests/Units/SoloTest.php" line="34" assertions="1" time="0.036324"/>
          <testcase name="testForceWithdraw" class="Bavix\WalletBench\Test\Units\SoloTest" classname="Bavix.WalletBench.Test.Units.SoloTest" file="/Users/babichev/projects/laravel-wallet-benchmark/tests/Units/SoloTest.php" line="34" assertions="1" time="0.036724"/>
          <testcase name="testForceWithdraw" class="Bavix\WalletBench\Test\Units\SoloTest" classname="Bavix.WalletBench.Test.Units.SoloTest" file="/Users/babichev/projects/laravel-wallet-benchmark/tests/Units/SoloTest.php" line="34" assertions="1" time="0.037404"/>
          <testcase name="testForceWithdraw" class="Bavix\WalletBench\Test\Units\SoloTest" classname="Bavix.WalletBench.Test.Units.SoloTest" file="/Users/babichev/projects/laravel-wallet-benchmark/tests/Units/SoloTest.php" line="34" assertions="1" time="0.041017"/>
          <testcase name="testForceWithdraw" class="Bavix\WalletBench\Test\Units\SoloTest" classname="Bavix.WalletBench.Test.Units.SoloTest" file="/Users/babichev/projects/laravel-wallet-benchmark/tests/Units/SoloTest.php" line="34" assertions="1" time="0.037698"/>
          <testcase name="testForceWithdraw" class="Bavix\WalletBench\Test\Units\SoloTest" classname="Bavix.WalletBench.Test.Units.SoloTest" file="/Users/babichev/projects/laravel-wallet-benchmark/tests/Units/SoloTest.php" line="34" assertions="1" time="0.040054"/>
          <testcase name="testForceWithdraw" class="Bavix\WalletBench\Test\Units\SoloTest" classname="Bavix.WalletBench.Test.Units.SoloTest" file="/Users/babichev/projects/laravel-wallet-benchmark/tests/Units/SoloTest.php" line="34" assertions="1" time="0.036966"/>
          <testcase name="testForceWithdraw" class="Bavix\WalletBench\Test\Units\SoloTest" classname="Bavix.WalletBench.Test.Units.SoloTest" file="/Users/babichev/projects/laravel-wallet-benchmark/tests/Units/SoloTest.php" line="34" assertions="1" time="0.036041"/>
          <testcase name="testForceWithdraw" class="Bavix\WalletBench\Test\Units\SoloTest" classname="Bavix.WalletBench.Test.Units.SoloTest" file="/Users/babichev/projects/laravel-wallet-benchmark/tests/Units/SoloTest.php" line="34" assertions="1" time="0.035138"/>
          <testcase name="testForceWithdraw" class="Bavix\WalletBench\Test\Units\SoloTest" classname="Bavix.WalletBench.Test.Units.SoloTest" file="/Users/babichev/projects/laravel-wallet-benchmark/tests/Units/SoloTest.php" line="34" assertions="1" time="0.041252"/>
          <testcase name="testForceWithdraw" class="Bavix\WalletBench\Test\Units\SoloTest" classname="Bavix.WalletBench.Test.Units.SoloTest" file="/Users/babichev/projects/laravel-wallet-benchmark/tests/Units/SoloTest.php" line="34" assertions="1" time="0.037510"/>
          <testcase name="testForceWithdraw" class="Bavix\WalletBench\Test\Units\SoloTest" classname="Bavix.WalletBench.Test.Units.SoloTest" file="/Users/babichev/projects/laravel-wallet-benchmark/tests/Units/SoloTest.php" line="34" assertions="1" time="0.035993"/>
          <testcase name="testForceWithdraw" class="Bavix\WalletBench\Test\Units\SoloTest" classname="Bavix.WalletBench.Test.Units.SoloTest" file="/Users/babichev/projects/laravel-wallet-benchmark/tests/Units/SoloTest.php" line="34" assertions="1" time="0.036244"/>
          <testcase name="testForceWithdraw" class="Bavix\WalletBench\Test\Units\SoloTest" classname="Bavix.WalletBench.Test.Units.SoloTest" file="/Users/babichev/projects/laravel-wallet-benchmark/tests/Units/SoloTest.php" line="34" assertions="1" time="0.036547"/>
          <testcase name="testForceWithdraw" class="Bavix\WalletBench\Test\Units\SoloTest" classname="Bavix.WalletBench.Test.Units.SoloTest" file="/Users/babichev/projects/laravel-wallet-benchmark/tests/Units/SoloTest.php" line="34" assertions="1" time="0.036994"/>
          <testcase name="testForceWithdraw" class="Bavix\WalletBench\Test\Units\SoloTest" classname="Bavix.WalletBench.Test.Units.SoloTest" file="/Users/babichev/projects/laravel-wallet-benchmark/tests/Units/SoloTest.php" line="34" assertions="1" time="0.035479"/>
          <testcase name="testForceWithdraw" class="Bavix\WalletBench\Test\Units\SoloTest" classname="Bavix.WalletBench.Test.Units.SoloTest" file="/Users/babichev/projects/laravel-wallet-benchmark/tests/Units/SoloTest.php" line="34" assertions="1" time="0.036133"/>
          <testcase name="testForceWithdraw" class="Bavix\WalletBench\Test\Units\SoloTest" classname="Bavix.WalletBench.Test.Units.SoloTest" file="/Users/babichev/projects/laravel-wallet-benchmark/tests/Units/SoloTest.php" line="34" assertions="1" time="0.037359"/>
          <testcase name="testForceWithdraw" class="Bavix\WalletBench\Test\Units\SoloTest" classname="Bavix.WalletBench.Test.Units.SoloTest" file="/Users/babichev/projects/laravel-wallet-benchmark/tests/Units/SoloTest.php" line="34" assertions="1" time="0.035985"/>
          <testcase name="testForceWithdraw" class="Bavix\WalletBench\Test\Units\SoloTest" classname="Bavix.WalletBench.Test.Units.SoloTest" file="/Users/babichev/projects/laravel-wallet-benchmark/tests/Units/SoloTest.php" line="34" assertions="1" time="0.038256"/>
          <testcase name="testForceWithdraw" class="Bavix\WalletBench\Test\Units\SoloTest" classname="Bavix.WalletBench.Test.Units.SoloTest" file="/Users/babichev/projects/laravel-wallet-benchmark/tests/Units/SoloTest.php" line="34" assertions="1" time="0.037384"/>
          <testcase name="testForceWithdraw" class="Bavix\WalletBench\Test\Units\SoloTest" classname="Bavix.WalletBench.Test.Units.SoloTest" file="/Users/babichev/projects/laravel-wallet-benchmark/tests/Units/SoloTest.php" line="34" assertions="1" time="0.036409"/>
          <testcase name="testForceWithdraw" class="Bavix\WalletBench\Test\Units\SoloTest" classname="Bavix.WalletBench.Test.Units.SoloTest" file="/Users/babichev/projects/laravel-wallet-benchmark/tests/Units/SoloTest.php" line="34" assertions="1" time="0.039720"/>
          <testcase name="testForceWithdraw" class="Bavix\WalletBench\Test\Units\SoloTest" classname="Bavix.WalletBench.Test.Units.SoloTest" file="/Users/babichev/projects/laravel-wallet-benchmark/tests/Units/SoloTest.php" line="34" assertions="1" time="0.036630"/>
          <testcase name="testForceWithdraw" class="Bavix\WalletBench\Test\Units\SoloTest" classname="Bavix.WalletBench.Test.Units.SoloTest" file="/Users/babichev/projects/laravel-wallet-benchmark/tests/Units/SoloTest.php" line="34" assertions="1" time="0.036928"/>
          <testcase name="testForceWithdraw" class="Bavix\WalletBench\Test\Units\SoloTest" classname="Bavix.WalletBench.Test.Units.SoloTest" file="/Users/babichev/projects/laravel-wallet-benchmark/tests/Units/SoloTest.php" line="34" assertions="1" time="0.035834"/>
          <testcase name="testForceWithdraw" class="Bavix\WalletBench\Test\Units\SoloTest" classname="Bavix.WalletBench.Test.Units.SoloTest" file="/Users/babichev/projects/laravel-wallet-benchmark/tests/Units/SoloTest.php" line="34" assertions="1" time="0.036186"/>
          <testcase name="testForceWithdraw" class="Bavix\WalletBench\Test\Units\SoloTest" classname="Bavix.WalletBench.Test.Units.SoloTest" file="/Users/babichev/projects/laravel-wallet-benchmark/tests/Units/SoloTest.php" line="34" assertions="1" time="0.036205"/>
          <testcase name="testForceWithdraw" class="Bavix\WalletBench\Test\Units\SoloTest" classname="Bavix.WalletBench.Test.Units.SoloTest" file="/Users/babichev/projects/laravel-wallet-benchmark/tests/Units/SoloTest.php" line="34" assertions="1" time="0.036480"/>
          <testcase name="testForceWithdraw" class="Bavix\WalletBench\Test\Units\SoloTest" classname="Bavix.WalletBench.Test.Units.SoloTest" file="/Users/babichev/projects/laravel-wallet-benchmark/tests/Units/SoloTest.php" line="34" assertions="1" time="0.035275"/>
          <testcase name="testForceWithdraw" class="Bavix\WalletBench\Test\Units\SoloTest" classname="Bavix.WalletBench.Test.Units.SoloTest" file="/Users/babichev/projects/laravel-wallet-benchmark/tests/Units/SoloTest.php" line="34" assertions="1" time="0.036532"/>
          <testcase name="testForceWithdraw" class="Bavix\WalletBench\Test\Units\SoloTest" classname="Bavix.WalletBench.Test.Units.SoloTest" file="/Users/babichev/projects/laravel-wallet-benchmark/tests/Units/SoloTest.php" line="34" assertions="1" time="0.036988"/>
          <testcase name="testForceWithdraw" class="Bavix\WalletBench\Test\Units\SoloTest" classname="Bavix.WalletBench.Test.Units.SoloTest" file="/Users/babichev/projects/laravel-wallet-benchmark/tests/Units/SoloTest.php" line="34" assertions="1" time="0.038093"/>
          <testcase name="testForceWithdraw" class="Bavix\WalletBench\Test\Units\SoloTest" classname="Bavix.WalletBench.Test.Units.SoloTest" file="/Users/babichev/projects/laravel-wallet-benchmark/tests/Units/SoloTest.php" line="34" assertions="1" time="0.041502"/>
          <testcase name="testForceWithdraw" class="Bavix\WalletBench\Test\Units\SoloTest" classname="Bavix.WalletBench.Test.Units.SoloTest" file="/Users/babichev/projects/laravel-wallet-benchmark/tests/Units/SoloTest.php" line="34" assertions="1" time="0.035264"/>
          <testcase name="testForceWithdraw" class="Bavix\WalletBench\Test\Units\SoloTest" classname="Bavix.WalletBench.Test.Units.SoloTest" file="/Users/babichev/projects/laravel-wallet-benchmark/tests/Units/SoloTest.php" line="34" assertions="1" time="0.037793"/>
          <testcase name="testForceWithdraw" class="Bavix\WalletBench\Test\Units\SoloTest" classname="Bavix.WalletBench.Test.Units.SoloTest" file="/Users/babichev/projects/laravel-wallet-benchmark/tests/Units/SoloTest.php" line="34" assertions="1" time="0.035730"/>
          <testcase name="testForceWithdraw" class="Bavix\WalletBench\Test\Units\SoloTest" classname="Bavix.WalletBench.Test.Units.SoloTest" file="/Users/babichev/projects/laravel-wallet-benchmark/tests/Units/SoloTest.php" line="34" assertions="1" time="0.034287"/>
          <testcase name="testForceWithdraw" class="Bavix\WalletBench\Test\Units\SoloTest" classname="Bavix.WalletBench.Test.Units.SoloTest" file="/Users/babichev/projects/laravel-wallet-benchmark/tests/Units/SoloTest.php" line="34" assertions="1" time="0.037435"/>
          <testcase name="testForceWithdraw" class="Bavix\WalletBench\Test\Units\SoloTest" classname="Bavix.WalletBench.Test.Units.SoloTest" file="/Users/babichev/projects/laravel-wallet-benchmark/tests/Units/SoloTest.php" line="34" assertions="1" time="0.036758"/>
          <testcase name="testForceWithdraw" class="Bavix\WalletBench\Test\Units\SoloTest" classname="Bavix.WalletBench.Test.Units.SoloTest" file="/Users/babichev/projects/laravel-wallet-benchmark/tests/Units/SoloTest.php" line="34" assertions="1" time="0.034973"/>
          <testcase name="testForceWithdraw" class="Bavix\WalletBench\Test\Units\SoloTest" classname="Bavix.WalletBench.Test.Units.SoloTest" file="/Users/babichev/projects/laravel-wallet-benchmark/tests/Units/SoloTest.php" line="34" assertions="1" time="0.036362"/>
          <testcase name="testForceWithdraw" class="Bavix\WalletBench\Test\Units\SoloTest" classname="Bavix.WalletBench.Test.Units.SoloTest" file="/Users/babichev/projects/laravel-wallet-benchmark/tests/Units/SoloTest.php" line="34" assertions="1" time="0.036368"/>
          <testcase name="testForceWithdraw" class="Bavix\WalletBench\Test\Units\SoloTest" classname="Bavix.WalletBench.Test.Units.SoloTest" file="/Users/babichev/projects/laravel-wallet-benchmark/tests/Units/SoloTest.php" line="34" assertions="1" time="0.036314"/>
          <testcase name="testForceWithdraw" class="Bavix\WalletBench\Test\Units\SoloTest" classname="Bavix.WalletBench.Test.Units.SoloTest" file="/Users/babichev/projects/laravel-wallet-benchmark/tests/Units/SoloTest.php" line="34" assertions="1" time="0.036131"/>
          <testcase name="testForceWithdraw" class="Bavix\WalletBench\Test\Units\SoloTest" classname="Bavix.WalletBench.Test.Units.SoloTest" file="/Users/babichev/projects/laravel-wallet-benchmark/tests/Units/SoloTest.php" line="34" assertions="1" time="0.033074"/>
          <testcase name="testForceWithdraw" class="Bavix\WalletBench\Test\Units\SoloTest" classname="Bavix.WalletBench.Test.Units.SoloTest" file="/Users/babichev/projects/laravel-wallet-benchmark/tests/Units/SoloTest.php" line="34" assertions="1" time="0.036486"/>
          <testcase name="testForceWithdraw" class="Bavix\WalletBench\Test\Units\SoloTest" classname="Bavix.WalletBench.Test.Units.SoloTest" file="/Users/babichev/projects/laravel-wallet-benchmark/tests/Units/SoloTest.php" line="34" assertions="1" time="0.036686"/>
          <testcase name="testForceWithdraw" class="Bavix\WalletBench\Test\Units\SoloTest" classname="Bavix.WalletBench.Test.Units.SoloTest" file="/Users/babichev/projects/laravel-wallet-benchmark/tests/Units/SoloTest.php" line="34" assertions="1" time="0.035556"/>
          <testcase name="testForceWithdraw" class="Bavix\WalletBench\Test\Units\SoloTest" classname="Bavix.WalletBench.Test.Units.SoloTest" file="/Users/babichev/projects/laravel-wallet-benchmark/tests/Units/SoloTest.php" line="34" assertions="1" time="0.036827"/>
          <testcase name="testForceWithdraw" class="Bavix\WalletBench\Test\Units\SoloTest" classname="Bavix.WalletBench.Test.Units.SoloTest" file="/Users/babichev/projects/laravel-wallet-benchmark/tests/Units/SoloTest.php" line="34" assertions="1" time="0.036610"/>
          <testcase name="testForceWithdraw" class="Bavix\WalletBench\Test\Units\SoloTest" classname="Bavix.WalletBench.Test.Units.SoloTest" file="/Users/babichev/projects/laravel-wallet-benchmark/tests/Units/SoloTest.php" line="34" assertions="1" time="0.038514"/>
          <testcase name="testForceWithdraw" class="Bavix\WalletBench\Test\Units\SoloTest" classname="Bavix.WalletBench.Test.Units.SoloTest" file="/Users/babichev/projects/laravel-wallet-benchmark/tests/Units/SoloTest.php" line="34" assertions="1" time="0.035822"/>
          <testcase name="testForceWithdraw" class="Bavix\WalletBench\Test\Units\SoloTest" classname="Bavix.WalletBench.Test.Units.SoloTest" file="/Users/babichev/projects/laravel-wallet-benchmark/tests/Units/SoloTest.php" line="34" assertions="1" time="0.037914"/>
          <testcase name="testForceWithdraw" class="Bavix\WalletBench\Test\Units\SoloTest" classname="Bavix.WalletBench.Test.Units.SoloTest" file="/Users/babichev/projects/laravel-wallet-benchmark/tests/Units/SoloTest.php" line="34" assertions="1" time="0.036656"/>
          <testcase name="testForceWithdraw" class="Bavix\WalletBench\Test\Units\SoloTest" classname="Bavix.WalletBench.Test.Units.SoloTest" file="/Users/babichev/projects/laravel-wallet-benchmark/tests/Units/SoloTest.php" line="34" assertions="1" time="0.036723"/>
          <testcase name="testForceWithdraw" class="Bavix\WalletBench\Test\Units\SoloTest" classname="Bavix.WalletBench.Test.Units.SoloTest" file="/Users/babichev/projects/laravel-wallet-benchmark/tests/Units/SoloTest.php" line="34" assertions="1" time="0.036513"/>
          <testcase name="testForceWithdraw" class="Bavix\WalletBench\Test\Units\SoloTest" classname="Bavix.WalletBench.Test.Units.SoloTest" file="/Users/babichev/projects/laravel-wallet-benchmark/tests/Units/SoloTest.php" line="34" assertions="1" time="0.037914"/>
          <testcase name="testForceWithdraw" class="Bavix\WalletBench\Test\Units\SoloTest" classname="Bavix.WalletBench.Test.Units.SoloTest" file="/Users/babichev/projects/laravel-wallet-benchmark/tests/Units/SoloTest.php" line="34" assertions="1" time="0.037305"/>
          <testcase name="testForceWithdraw" class="Bavix\WalletBench\Test\Units\SoloTest" classname="Bavix.WalletBench.Test.Units.SoloTest" file="/Users/babichev/projects/laravel-wallet-benchmark/tests/Units/SoloTest.php" line="34" assertions="1" time="0.050585"/>
          <testcase name="testForceWithdraw" class="Bavix\WalletBench\Test\Units\SoloTest" classname="Bavix.WalletBench.Test.Units.SoloTest" file="/Users/babichev/projects/laravel-wallet-benchmark/tests/Units/SoloTest.php" line="34" assertions="1" time="0.036742"/>
          <testcase name="testForceWithdraw" class="Bavix\WalletBench\Test\Units\SoloTest" classname="Bavix.WalletBench.Test.Units.SoloTest" file="/Users/babichev/projects/laravel-wallet-benchmark/tests/Units/SoloTest.php" line="34" assertions="1" time="0.034715"/>
          <testcase name="testForceWithdraw" class="Bavix\WalletBench\Test\Units\SoloTest" classname="Bavix.WalletBench.Test.Units.SoloTest" file="/Users/babichev/projects/laravel-wallet-benchmark/tests/Units/SoloTest.php" line="34" assertions="1" time="0.035027"/>
          <testcase name="testForceWithdraw" class="Bavix\WalletBench\Test\Units\SoloTest" classname="Bavix.WalletBench.Test.Units.SoloTest" file="/Users/babichev/projects/laravel-wallet-benchmark/tests/Units/SoloTest.php" line="34" assertions="1" time="0.035465"/>
          <testcase name="testForceWithdraw" class="Bavix\WalletBench\Test\Units\SoloTest" classname="Bavix.WalletBench.Test.Units.SoloTest" file="/Users/babichev/projects/laravel-wallet-benchmark/tests/Units/SoloTest.php" line="34" assertions="1" time="0.035277"/>
          <testcase name="testForceWithdraw" class="Bavix\WalletBench\Test\Units\SoloTest" classname="Bavix.WalletBench.Test.Units.SoloTest" file="/Users/babichev/projects/laravel-wallet-benchmark/tests/Units/SoloTest.php" line="34" assertions="1" time="0.038294"/>
          <testcase name="testForceWithdraw" class="Bavix\WalletBench\Test\Units\SoloTest" classname="Bavix.WalletBench.Test.Units.SoloTest" file="/Users/babichev/projects/laravel-wallet-benchmark/tests/Units/SoloTest.php" line="34" assertions="1" time="0.035390"/>
          <testcase name="testForceWithdraw" class="Bavix\WalletBench\Test\Units\SoloTest" classname="Bavix.WalletBench.Test.Units.SoloTest" file="/Users/babichev/projects/laravel-wallet-benchmark/tests/Units/SoloTest.php" line="34" assertions="1" time="0.035508"/>
          <testcase name="testForceWithdraw" class="Bavix\WalletBench\Test\Units\SoloTest" classname="Bavix.WalletBench.Test.Units.SoloTest" file="/Users/babichev/projects/laravel-wallet-benchmark/tests/Units/SoloTest.php" line="34" assertions="1" time="0.036490"/>
          <testcase name="testForceWithdraw" class="Bavix\WalletBench\Test\Units\SoloTest" classname="Bavix.WalletBench.Test.Units.SoloTest" file="/Users/babichev/projects/laravel-wallet-benchmark/tests/Units/SoloTest.php" line="34" assertions="1" time="0.035495"/>
          <testcase name="testForceWithdraw" class="Bavix\WalletBench\Test\Units\SoloTest" classname="Bavix.WalletBench.Test.Units.SoloTest" file="/Users/babichev/projects/laravel-wallet-benchmark/tests/Units/SoloTest.php" line="34" assertions="1" time="0.036880"/>
          <testcase name="testForceWithdraw" class="Bavix\WalletBench\Test\Units\SoloTest" classname="Bavix.WalletBench.Test.Units.SoloTest" file="/Users/babichev/projects/laravel-wallet-benchmark/tests/Units/SoloTest.php" line="34" assertions="1" time="0.036313"/>
          <testcase name="testForceWithdraw" class="Bavix\WalletBench\Test\Units\SoloTest" classname="Bavix.WalletBench.Test.Units.SoloTest" file="/Users/babichev/projects/laravel-wallet-benchmark/tests/Units/SoloTest.php" line="34" assertions="1" time="0.038898"/>
          <testcase name="testForceWithdraw" class="Bavix\WalletBench\Test\Units\SoloTest" classname="Bavix.WalletBench.Test.Units.SoloTest" file="/Users/babichev/projects/laravel-wallet-benchmark/tests/Units/SoloTest.php" line="34" assertions="1" time="0.036194"/>
        </testsuite>
        <testsuite name="Bavix\WalletBench\Test\Units\SoloTest::testTransfer" tests="100" assertions="100" errors="0" warnings="0" failures="0" skipped="0" time="10.049414">
          <testcase name="testTransfer" class="Bavix\WalletBench\Test\Units\SoloTest" classname="Bavix.WalletBench.Test.Units.SoloTest" file="/Users/babichev/projects/laravel-wallet-benchmark/tests/Units/SoloTest.php" line="43" assertions="1" time="0.071976"/>
          <testcase name="testTransfer" class="Bavix\WalletBench\Test\Units\SoloTest" classname="Bavix.WalletBench.Test.Units.SoloTest" file="/Users/babichev/projects/laravel-wallet-benchmark/tests/Units/SoloTest.php" line="43" assertions="1" time="0.071330"/>
          <testcase name="testTransfer" class="Bavix\WalletBench\Test\Units\SoloTest" classname="Bavix.WalletBench.Test.Units.SoloTest" file="/Users/babichev/projects/laravel-wallet-benchmark/tests/Units/SoloTest.php" line="43" assertions="1" time="0.075648"/>
          <testcase name="testTransfer" class="Bavix\WalletBench\Test\Units\SoloTest" classname="Bavix.WalletBench.Test.Units.SoloTest" file="/Users/babichev/projects/laravel-wallet-benchmark/tests/Units/SoloTest.php" line="43" assertions="1" time="0.069582"/>
          <testcase name="testTransfer" class="Bavix\WalletBench\Test\Units\SoloTest" classname="Bavix.WalletBench.Test.Units.SoloTest" file="/Users/babichev/projects/laravel-wallet-benchmark/tests/Units/SoloTest.php" line="43" assertions="1" time="0.070150"/>
          <testcase name="testTransfer" class="Bavix\WalletBench\Test\Units\SoloTest" classname="Bavix.WalletBench.Test.Units.SoloTest" file="/Users/babichev/projects/laravel-wallet-benchmark/tests/Units/SoloTest.php" line="43" assertions="1" time="0.070281"/>
          <testcase name="testTransfer" class="Bavix\WalletBench\Test\Units\SoloTest" classname="Bavix.WalletBench.Test.Units.SoloTest" file="/Users/babichev/projects/laravel-wallet-benchmark/tests/Units/SoloTest.php" line="43" assertions="1" time="0.073417"/>
          <testcase name="testTransfer" class="Bavix\WalletBench\Test\Units\SoloTest" classname="Bavix.WalletBench.Test.Units.SoloTest" file="/Users/babichev/projects/laravel-wallet-benchmark/tests/Units/SoloTest.php" line="43" assertions="1" time="0.080520"/>
          <testcase name="testTransfer" class="Bavix\WalletBench\Test\Units\SoloTest" classname="Bavix.WalletBench.Test.Units.SoloTest" file="/Users/babichev/projects/laravel-wallet-benchmark/tests/Units/SoloTest.php" line="43" assertions="1" time="0.087456"/>
          <testcase name="testTransfer" class="Bavix\WalletBench\Test\Units\SoloTest" classname="Bavix.WalletBench.Test.Units.SoloTest" file="/Users/babichev/projects/laravel-wallet-benchmark/tests/Units/SoloTest.php" line="43" assertions="1" time="0.071011"/>
          <testcase name="testTransfer" class="Bavix\WalletBench\Test\Units\SoloTest" classname="Bavix.WalletBench.Test.Units.SoloTest" file="/Users/babichev/projects/laravel-wallet-benchmark/tests/Units/SoloTest.php" line="43" assertions="1" time="0.067749"/>
          <testcase name="testTransfer" class="Bavix\WalletBench\Test\Units\SoloTest" classname="Bavix.WalletBench.Test.Units.SoloTest" file="/Users/babichev/projects/laravel-wallet-benchmark/tests/Units/SoloTest.php" line="43" assertions="1" time="0.067038"/>
          <testcase name="testTransfer" class="Bavix\WalletBench\Test\Units\SoloTest" classname="Bavix.WalletBench.Test.Units.SoloTest" file="/Users/babichev/projects/laravel-wallet-benchmark/tests/Units/SoloTest.php" line="43" assertions="1" time="0.071525"/>
          <testcase name="testTransfer" class="Bavix\WalletBench\Test\Units\SoloTest" classname="Bavix.WalletBench.Test.Units.SoloTest" file="/Users/babichev/projects/laravel-wallet-benchmark/tests/Units/SoloTest.php" line="43" assertions="1" time="0.098942"/>
          <testcase name="testTransfer" class="Bavix\WalletBench\Test\Units\SoloTest" classname="Bavix.WalletBench.Test.Units.SoloTest" file="/Users/babichev/projects/laravel-wallet-benchmark/tests/Units/SoloTest.php" line="43" assertions="1" time="0.106138"/>
          <testcase name="testTransfer" class="Bavix\WalletBench\Test\Units\SoloTest" classname="Bavix.WalletBench.Test.Units.SoloTest" file="/Users/babichev/projects/laravel-wallet-benchmark/tests/Units/SoloTest.php" line="43" assertions="1" time="0.112708"/>
          <testcase name="testTransfer" class="Bavix\WalletBench\Test\Units\SoloTest" classname="Bavix.WalletBench.Test.Units.SoloTest" file="/Users/babichev/projects/laravel-wallet-benchmark/tests/Units/SoloTest.php" line="43" assertions="1" time="0.123135"/>
          <testcase name="testTransfer" class="Bavix\WalletBench\Test\Units\SoloTest" classname="Bavix.WalletBench.Test.Units.SoloTest" file="/Users/babichev/projects/laravel-wallet-benchmark/tests/Units/SoloTest.php" line="43" assertions="1" time="0.101923"/>
          <testcase name="testTransfer" class="Bavix\WalletBench\Test\Units\SoloTest" classname="Bavix.WalletBench.Test.Units.SoloTest" file="/Users/babichev/projects/laravel-wallet-benchmark/tests/Units/SoloTest.php" line="43" assertions="1" time="0.104199"/>
          <testcase name="testTransfer" class="Bavix\WalletBench\Test\Units\SoloTest" classname="Bavix.WalletBench.Test.Units.SoloTest" file="/Users/babichev/projects/laravel-wallet-benchmark/tests/Units/SoloTest.php" line="43" assertions="1" time="0.109476"/>
          <testcase name="testTransfer" class="Bavix\WalletBench\Test\Units\SoloTest" classname="Bavix.WalletBench.Test.Units.SoloTest" file="/Users/babichev/projects/laravel-wallet-benchmark/tests/Units/SoloTest.php" line="43" assertions="1" time="0.105017"/>
          <testcase name="testTransfer" class="Bavix\WalletBench\Test\Units\SoloTest" classname="Bavix.WalletBench.Test.Units.SoloTest" file="/Users/babichev/projects/laravel-wallet-benchmark/tests/Units/SoloTest.php" line="43" assertions="1" time="0.111883"/>
          <testcase name="testTransfer" class="Bavix\WalletBench\Test\Units\SoloTest" classname="Bavix.WalletBench.Test.Units.SoloTest" file="/Users/babichev/projects/laravel-wallet-benchmark/tests/Units/SoloTest.php" line="43" assertions="1" time="0.117542"/>
          <testcase name="testTransfer" class="Bavix\WalletBench\Test\Units\SoloTest" classname="Bavix.WalletBench.Test.Units.SoloTest" file="/Users/babichev/projects/laravel-wallet-benchmark/tests/Units/SoloTest.php" line="43" assertions="1" time="0.105743"/>
          <testcase name="testTransfer" class="Bavix\WalletBench\Test\Units\SoloTest" classname="Bavix.WalletBench.Test.Units.SoloTest" file="/Users/babichev/projects/laravel-wallet-benchmark/tests/Units/SoloTest.php" line="43" assertions="1" time="0.102731"/>
          <testcase name="testTransfer" class="Bavix\WalletBench\Test\Units\SoloTest" classname="Bavix.WalletBench.Test.Units.SoloTest" file="/Users/babichev/projects/laravel-wallet-benchmark/tests/Units/SoloTest.php" line="43" assertions="1" time="0.098264"/>
          <testcase name="testTransfer" class="Bavix\WalletBench\Test\Units\SoloTest" classname="Bavix.WalletBench.Test.Units.SoloTest" file="/Users/babichev/projects/laravel-wallet-benchmark/tests/Units/SoloTest.php" line="43" assertions="1" time="0.094994"/>
          <testcase name="testTransfer" class="Bavix\WalletBench\Test\Units\SoloTest" classname="Bavix.WalletBench.Test.Units.SoloTest" file="/Users/babichev/projects/laravel-wallet-benchmark/tests/Units/SoloTest.php" line="43" assertions="1" time="0.103018"/>
          <testcase name="testTransfer" class="Bavix\WalletBench\Test\Units\SoloTest" classname="Bavix.WalletBench.Test.Units.SoloTest" file="/Users/babichev/projects/laravel-wallet-benchmark/tests/Units/SoloTest.php" line="43" assertions="1" time="0.099987"/>
          <testcase name="testTransfer" class="Bavix\WalletBench\Test\Units\SoloTest" classname="Bavix.WalletBench.Test.Units.SoloTest" file="/Users/babichev/projects/laravel-wallet-benchmark/tests/Units/SoloTest.php" line="43" assertions="1" time="0.098287"/>
          <testcase name="testTransfer" class="Bavix\WalletBench\Test\Units\SoloTest" classname="Bavix.WalletBench.Test.Units.SoloTest" file="/Users/babichev/projects/laravel-wallet-benchmark/tests/Units/SoloTest.php" line="43" assertions="1" time="0.117375"/>
          <testcase name="testTransfer" class="Bavix\WalletBench\Test\Units\SoloTest" classname="Bavix.WalletBench.Test.Units.SoloTest" file="/Users/babichev/projects/laravel-wallet-benchmark/tests/Units/SoloTest.php" line="43" assertions="1" time="0.109820"/>
          <testcase name="testTransfer" class="Bavix\WalletBench\Test\Units\SoloTest" classname="Bavix.WalletBench.Test.Units.SoloTest" file="/Users/babichev/projects/laravel-wallet-benchmark/tests/Units/SoloTest.php" line="43" assertions="1" time="0.101898"/>
          <testcase name="testTransfer" class="Bavix\WalletBench\Test\Units\SoloTest" classname="Bavix.WalletBench.Test.Units.SoloTest" file="/Users/babichev/projects/laravel-wallet-benchmark/tests/Units/SoloTest.php" line="43" assertions="1" time="0.097567"/>
          <testcase name="testTransfer" class="Bavix\WalletBench\Test\Units\SoloTest" classname="Bavix.WalletBench.Test.Units.SoloTest" file="/Users/babichev/projects/laravel-wallet-benchmark/tests/Units/SoloTest.php" line="43" assertions="1" time="0.104980"/>
          <testcase name="testTransfer" class="Bavix\WalletBench\Test\Units\SoloTest" classname="Bavix.WalletBench.Test.Units.SoloTest" file="/Users/babichev/projects/laravel-wallet-benchmark/tests/Units/SoloTest.php" line="43" assertions="1" time="0.101513"/>
          <testcase name="testTransfer" class="Bavix\WalletBench\Test\Units\SoloTest" classname="Bavix.WalletBench.Test.Units.SoloTest" file="/Users/babichev/projects/laravel-wallet-benchmark/tests/Units/SoloTest.php" line="43" assertions="1" time="0.101523"/>
          <testcase name="testTransfer" class="Bavix\WalletBench\Test\Units\SoloTest" classname="Bavix.WalletBench.Test.Units.SoloTest" file="/Users/babichev/projects/laravel-wallet-benchmark/tests/Units/SoloTest.php" line="43" assertions="1" time="0.100618"/>
          <testcase name="testTransfer" class="Bavix\WalletBench\Test\Units\SoloTest" classname="Bavix.WalletBench.Test.Units.SoloTest" file="/Users/babichev/projects/laravel-wallet-benchmark/tests/Units/SoloTest.php" line="43" assertions="1" time="0.110506"/>
          <testcase name="testTransfer" class="Bavix\WalletBench\Test\Units\SoloTest" classname="Bavix.WalletBench.Test.Units.SoloTest" file="/Users/babichev/projects/laravel-wallet-benchmark/tests/Units/SoloTest.php" line="43" assertions="1" time="0.105645"/>
          <testcase name="testTransfer" class="Bavix\WalletBench\Test\Units\SoloTest" classname="Bavix.WalletBench.Test.Units.SoloTest" file="/Users/babichev/projects/laravel-wallet-benchmark/tests/Units/SoloTest.php" line="43" assertions="1" time="0.099199"/>
          <testcase name="testTransfer" class="Bavix\WalletBench\Test\Units\SoloTest" classname="Bavix.WalletBench.Test.Units.SoloTest" file="/Users/babichev/projects/laravel-wallet-benchmark/tests/Units/SoloTest.php" line="43" assertions="1" time="0.132909"/>
          <testcase name="testTransfer" class="Bavix\WalletBench\Test\Units\SoloTest" classname="Bavix.WalletBench.Test.Units.SoloTest" file="/Users/babichev/projects/laravel-wallet-benchmark/tests/Units/SoloTest.php" line="43" assertions="1" time="0.105844"/>
          <testcase name="testTransfer" class="Bavix\WalletBench\Test\Units\SoloTest" classname="Bavix.WalletBench.Test.Units.SoloTest" file="/Users/babichev/projects/laravel-wallet-benchmark/tests/Units/SoloTest.php" line="43" assertions="1" time="0.099511"/>
          <testcase name="testTransfer" class="Bavix\WalletBench\Test\Units\SoloTest" classname="Bavix.WalletBench.Test.Units.SoloTest" file="/Users/babichev/projects/laravel-wallet-benchmark/tests/Units/SoloTest.php" line="43" assertions="1" time="0.109635"/>
          <testcase name="testTransfer" class="Bavix\WalletBench\Test\Units\SoloTest" classname="Bavix.WalletBench.Test.Units.SoloTest" file="/Users/babichev/projects/laravel-wallet-benchmark/tests/Units/SoloTest.php" line="43" assertions="1" time="0.101396"/>
          <testcase name="testTransfer" class="Bavix\WalletBench\Test\Units\SoloTest" classname="Bavix.WalletBench.Test.Units.SoloTest" file="/Users/babichev/projects/laravel-wallet-benchmark/tests/Units/SoloTest.php" line="43" assertions="1" time="0.103966"/>
          <testcase name="testTransfer" class="Bavix\WalletBench\Test\Units\SoloTest" classname="Bavix.WalletBench.Test.Units.SoloTest" file="/Users/babichev/projects/laravel-wallet-benchmark/tests/Units/SoloTest.php" line="43" assertions="1" time="0.107846"/>
          <testcase name="testTransfer" class="Bavix\WalletBench\Test\Units\SoloTest" classname="Bavix.WalletBench.Test.Units.SoloTest" file="/Users/babichev/projects/laravel-wallet-benchmark/tests/Units/SoloTest.php" line="43" assertions="1" time="0.101618"/>
          <testcase name="testTransfer" class="Bavix\WalletBench\Test\Units\SoloTest" classname="Bavix.WalletBench.Test.Units.SoloTest" file="/Users/babichev/projects/laravel-wallet-benchmark/tests/Units/SoloTest.php" line="43" assertions="1" time="0.094013"/>
          <testcase name="testTransfer" class="Bavix\WalletBench\Test\Units\SoloTest" classname="Bavix.WalletBench.Test.Units.SoloTest" file="/Users/babichev/projects/laravel-wallet-benchmark/tests/Units/SoloTest.php" line="43" assertions="1" time="0.108393"/>
          <testcase name="testTransfer" class="Bavix\WalletBench\Test\Units\SoloTest" classname="Bavix.WalletBench.Test.Units.SoloTest" file="/Users/babichev/projects/laravel-wallet-benchmark/tests/Units/SoloTest.php" line="43" assertions="1" time="0.104483"/>
          <testcase name="testTransfer" class="Bavix\WalletBench\Test\Units\SoloTest" classname="Bavix.WalletBench.Test.Units.SoloTest" file="/Users/babichev/projects/laravel-wallet-benchmark/tests/Units/SoloTest.php" line="43" assertions="1" time="0.105875"/>
          <testcase name="testTransfer" class="Bavix\WalletBench\Test\Units\SoloTest" classname="Bavix.WalletBench.Test.Units.SoloTest" file="/Users/babichev/projects/laravel-wallet-benchmark/tests/Units/SoloTest.php" line="43" assertions="1" time="0.094971"/>
          <testcase name="testTransfer" class="Bavix\WalletBench\Test\Units\SoloTest" classname="Bavix.WalletBench.Test.Units.SoloTest" file="/Users/babichev/projects/laravel-wallet-benchmark/tests/Units/SoloTest.php" line="43" assertions="1" time="0.095823"/>
          <testcase name="testTransfer" class="Bavix\WalletBench\Test\Units\SoloTest" classname="Bavix.WalletBench.Test.Units.SoloTest" file="/Users/babichev/projects/laravel-wallet-benchmark/tests/Units/SoloTest.php" line="43" assertions="1" time="0.104270"/>
          <testcase name="testTransfer" class="Bavix\WalletBench\Test\Units\SoloTest" classname="Bavix.WalletBench.Test.Units.SoloTest" file="/Users/babichev/projects/laravel-wallet-benchmark/tests/Units/SoloTest.php" line="43" assertions="1" time="0.097721"/>
          <testcase name="testTransfer" class="Bavix\WalletBench\Test\Units\SoloTest" classname="Bavix.WalletBench.Test.Units.SoloTest" file="/Users/babichev/projects/laravel-wallet-benchmark/tests/Units/SoloTest.php" line="43" assertions="1" time="0.098960"/>
          <testcase name="testTransfer" class="Bavix\WalletBench\Test\Units\SoloTest" classname="Bavix.WalletBench.Test.Units.SoloTest" file="/Users/babichev/projects/laravel-wallet-benchmark/tests/Units/SoloTest.php" line="43" assertions="1" time="0.111083"/>
          <testcase name="testTransfer" class="Bavix\WalletBench\Test\Units\SoloTest" classname="Bavix.WalletBench.Test.Units.SoloTest" file="/Users/babichev/projects/laravel-wallet-benchmark/tests/Units/SoloTest.php" line="43" assertions="1" time="0.110504"/>
          <testcase name="testTransfer" class="Bavix\WalletBench\Test\Units\SoloTest" classname="Bavix.WalletBench.Test.Units.SoloTest" file="/Users/babichev/projects/laravel-wallet-benchmark/tests/Units/SoloTest.php" line="43" assertions="1" time="0.101781"/>
          <testcase name="testTransfer" class="Bavix\WalletBench\Test\Units\SoloTest" classname="Bavix.WalletBench.Test.Units.SoloTest" file="/Users/babichev/projects/laravel-wallet-benchmark/tests/Units/SoloTest.php" line="43" assertions="1" time="0.103225"/>
          <testcase name="testTransfer" class="Bavix\WalletBench\Test\Units\SoloTest" classname="Bavix.WalletBench.Test.Units.SoloTest" file="/Users/babichev/projects/laravel-wallet-benchmark/tests/Units/SoloTest.php" line="43" assertions="1" time="0.108225"/>
          <testcase name="testTransfer" class="Bavix\WalletBench\Test\Units\SoloTest" classname="Bavix.WalletBench.Test.Units.SoloTest" file="/Users/babichev/projects/laravel-wallet-benchmark/tests/Units/SoloTest.php" line="43" assertions="1" time="0.101579"/>
          <testcase name="testTransfer" class="Bavix\WalletBench\Test\Units\SoloTest" classname="Bavix.WalletBench.Test.Units.SoloTest" file="/Users/babichev/projects/laravel-wallet-benchmark/tests/Units/SoloTest.php" line="43" assertions="1" time="0.097280"/>
          <testcase name="testTransfer" class="Bavix\WalletBench\Test\Units\SoloTest" classname="Bavix.WalletBench.Test.Units.SoloTest" file="/Users/babichev/projects/laravel-wallet-benchmark/tests/Units/SoloTest.php" line="43" assertions="1" time="0.102709"/>
          <testcase name="testTransfer" class="Bavix\WalletBench\Test\Units\SoloTest" classname="Bavix.WalletBench.Test.Units.SoloTest" file="/Users/babichev/projects/laravel-wallet-benchmark/tests/Units/SoloTest.php" line="43" assertions="1" time="0.103077"/>
          <testcase name="testTransfer" class="Bavix\WalletBench\Test\Units\SoloTest" classname="Bavix.WalletBench.Test.Units.SoloTest" file="/Users/babichev/projects/laravel-wallet-benchmark/tests/Units/SoloTest.php" line="43" assertions="1" time="0.098055"/>
          <testcase name="testTransfer" class="Bavix\WalletBench\Test\Units\SoloTest" classname="Bavix.WalletBench.Test.Units.SoloTest" file="/Users/babichev/projects/laravel-wallet-benchmark/tests/Units/SoloTest.php" line="43" assertions="1" time="0.099648"/>
          <testcase name="testTransfer" class="Bavix\WalletBench\Test\Units\SoloTest" classname="Bavix.WalletBench.Test.Units.SoloTest" file="/Users/babichev/projects/laravel-wallet-benchmark/tests/Units/SoloTest.php" line="43" assertions="1" time="0.098435"/>
          <testcase name="testTransfer" class="Bavix\WalletBench\Test\Units\SoloTest" classname="Bavix.WalletBench.Test.Units.SoloTest" file="/Users/babichev/projects/laravel-wallet-benchmark/tests/Units/SoloTest.php" line="43" assertions="1" time="0.099087"/>
          <testcase name="testTransfer" class="Bavix\WalletBench\Test\Units\SoloTest" classname="Bavix.WalletBench.Test.Units.SoloTest" file="/Users/babichev/projects/laravel-wallet-benchmark/tests/Units/SoloTest.php" line="43" assertions="1" time="0.101917"/>
          <testcase name="testTransfer" class="Bavix\WalletBench\Test\Units\SoloTest" classname="Bavix.WalletBench.Test.Units.SoloTest" file="/Users/babichev/projects/laravel-wallet-benchmark/tests/Units/SoloTest.php" line="43" assertions="1" time="0.104992"/>
          <testcase name="testTransfer" class="Bavix\WalletBench\Test\Units\SoloTest" classname="Bavix.WalletBench.Test.Units.SoloTest" file="/Users/babichev/projects/laravel-wallet-benchmark/tests/Units/SoloTest.php" line="43" assertions="1" time="0.112483"/>
          <testcase name="testTransfer" class="Bavix\WalletBench\Test\Units\SoloTest" classname="Bavix.WalletBench.Test.Units.SoloTest" file="/Users/babichev/projects/laravel-wallet-benchmark/tests/Units/SoloTest.php" line="43" assertions="1" time="0.102620"/>
          <testcase name="testTransfer" class="Bavix\WalletBench\Test\Units\SoloTest" classname="Bavix.WalletBench.Test.Units.SoloTest" file="/Users/babichev/projects/laravel-wallet-benchmark/tests/Units/SoloTest.php" line="43" assertions="1" time="0.098877"/>
          <testcase name="testTransfer" class="Bavix\WalletBench\Test\Units\SoloTest" classname="Bavix.WalletBench.Test.Units.SoloTest" file="/Users/babichev/projects/laravel-wallet-benchmark/tests/Units/SoloTest.php" line="43" assertions="1" time="0.108205"/>
          <testcase name="testTransfer" class="Bavix\WalletBench\Test\Units\SoloTest" classname="Bavix.WalletBench.Test.Units.SoloTest" file="/Users/babichev/projects/laravel-wallet-benchmark/tests/Units/SoloTest.php" line="43" assertions="1" time="0.106623"/>
          <testcase name="testTransfer" class="Bavix\WalletBench\Test\Units\SoloTest" classname="Bavix.WalletBench.Test.Units.SoloTest" file="/Users/babichev/projects/laravel-wallet-benchmark/tests/Units/SoloTest.php" line="43" assertions="1" time="0.111299"/>
          <testcase name="testTransfer" class="Bavix\WalletBench\Test\Units\SoloTest" classname="Bavix.WalletBench.Test.Units.SoloTest" file="/Users/babichev/projects/laravel-wallet-benchmark/tests/Units/SoloTest.php" line="43" assertions="1" time="0.104047"/>
          <testcase name="testTransfer" class="Bavix\WalletBench\Test\Units\SoloTest" classname="Bavix.WalletBench.Test.Units.SoloTest" file="/Users/babichev/projects/laravel-wallet-benchmark/tests/Units/SoloTest.php" line="43" assertions="1" time="0.103866"/>
          <testcase name="testTransfer" class="Bavix\WalletBench\Test\Units\SoloTest" classname="Bavix.WalletBench.Test.Units.SoloTest" file="/Users/babichev/projects/laravel-wallet-benchmark/tests/Units/SoloTest.php" line="43" assertions="1" time="0.108431"/>
          <testcase name="testTransfer" class="Bavix\WalletBench\Test\Units\SoloTest" classname="Bavix.WalletBench.Test.Units.SoloTest" file="/Users/babichev/projects/laravel-wallet-benchmark/tests/Units/SoloTest.php" line="43" assertions="1" time="0.106797"/>
          <testcase name="testTransfer" class="Bavix\WalletBench\Test\Units\SoloTest" classname="Bavix.WalletBench.Test.Units.SoloTest" file="/Users/babichev/projects/laravel-wallet-benchmark/tests/Units/SoloTest.php" line="43" assertions="1" time="0.099249"/>
          <testcase name="testTransfer" class="Bavix\WalletBench\Test\Units\SoloTest" classname="Bavix.WalletBench.Test.Units.SoloTest" file="/Users/babichev/projects/laravel-wallet-benchmark/tests/Units/SoloTest.php" line="43" assertions="1" time="0.103125"/>
          <testcase name="testTransfer" class="Bavix\WalletBench\Test\Units\SoloTest" classname="Bavix.WalletBench.Test.Units.SoloTest" file="/Users/babichev/projects/laravel-wallet-benchmark/tests/Units/SoloTest.php" line="43" assertions="1" time="0.101109"/>
          <testcase name="testTransfer" class="Bavix\WalletBench\Test\Units\SoloTest" classname="Bavix.WalletBench.Test.Units.SoloTest" file="/Users/babichev/projects/laravel-wallet-benchmark/tests/Units/SoloTest.php" line="43" assertions="1" time="0.095792"/>
          <testcase name="testTransfer" class="Bavix\WalletBench\Test\Units\SoloTest" classname="Bavix.WalletBench.Test.Units.SoloTest" file="/Users/babichev/projects/laravel-wallet-benchmark/tests/Units/SoloTest.php" line="43" assertions="1" time="0.110387"/>
          <testcase name="testTransfer" class="Bavix\WalletBench\Test\Units\SoloTest" classname="Bavix.WalletBench.Test.Units.SoloTest" file="/Users/babichev/projects/laravel-wallet-benchmark/tests/Units/SoloTest.php" line="43" assertions="1" time="0.102265"/>
          <testcase name="testTransfer" class="Bavix\WalletBench\Test\Units\SoloTest" classname="Bavix.WalletBench.Test.Units.SoloTest" file="/Users/babichev/projects/laravel-wallet-benchmark/tests/Units/SoloTest.php" line="43" assertions="1" time="0.100150"/>
          <testcase name="testTransfer" class="Bavix\WalletBench\Test\Units\SoloTest" classname="Bavix.WalletBench.Test.Units.SoloTest" file="/Users/babichev/projects/laravel-wallet-benchmark/tests/Units/SoloTest.php" line="43" assertions="1" time="0.104138"/>
          <testcase name="testTransfer" class="Bavix\WalletBench\Test\Units\SoloTest" classname="Bavix.WalletBench.Test.Units.SoloTest" file="/Users/babichev/projects/laravel-wallet-benchmark/tests/Units/SoloTest.php" line="43" assertions="1" time="0.110288"/>
          <testcase name="testTransfer" class="Bavix\WalletBench\Test\Units\SoloTest" classname="Bavix.WalletBench.Test.Units.SoloTest" file="/Users/babichev/projects/laravel-wallet-benchmark/tests/Units/SoloTest.php" line="43" assertions="1" time="0.094591"/>
          <testcase name="testTransfer" class="Bavix\WalletBench\Test\Units\SoloTest" classname="Bavix.WalletBench.Test.Units.SoloTest" file="/Users/babichev/projects/laravel-wallet-benchmark/tests/Units/SoloTest.php" line="43" assertions="1" time="0.104640"/>
          <testcase name="testTransfer" class="Bavix\WalletBench\Test\Units\SoloTest" classname="Bavix.WalletBench.Test.Units.SoloTest" file="/Users/babichev/projects/laravel-wallet-benchmark/tests/Units/SoloTest.php" line="43" assertions="1" time="0.117173"/>
          <testcase name="testTransfer" class="Bavix\WalletBench\Test\Units\SoloTest" classname="Bavix.WalletBench.Test.Units.SoloTest" file="/Users/babichev/projects/laravel-wallet-benchmark/tests/Units/SoloTest.php" line="43" assertions="1" time="0.113774"/>
          <testcase name="testTransfer" class="Bavix\WalletBench\Test\Units\SoloTest" classname="Bavix.WalletBench.Test.Units.SoloTest" file="/Users/babichev/projects/laravel-wallet-benchmark/tests/Units/SoloTest.php" line="43" assertions="1" time="0.105674"/>
          <testcase name="testTransfer" class="Bavix\WalletBench\Test\Units\SoloTest" classname="Bavix.WalletBench.Test.Units.SoloTest" file="/Users/babichev/projects/laravel-wallet-benchmark/tests/Units/SoloTest.php" line="43" assertions="1" time="0.102314"/>
          <testcase name="testTransfer" class="Bavix\WalletBench\Test\Units\SoloTest" classname="Bavix.WalletBench.Test.Units.SoloTest" file="/Users/babichev/projects/laravel-wallet-benchmark/tests/Units/SoloTest.php" line="43" assertions="1" time="0.113185"/>
          <testcase name="testTransfer" class="Bavix\WalletBench\Test\Units\SoloTest" classname="Bavix.WalletBench.Test.Units.SoloTest" file="/Users/babichev/projects/laravel-wallet-benchmark/tests/Units/SoloTest.php" line="43" assertions="1" time="0.107171"/>
        </testsuite>
      </testsuite>
      <testsuite name="Bavix\WalletBench\Test\Units\StateTest" file="/Users/babichev/projects/laravel-wallet-benchmark/tests/Units/StateTest.php" tests="25" assertions="25" errors="0" warnings="0" failures="0" skipped="0" time="80.595319">
        <testsuite name="Bavix\WalletBench\Test\Units\StateTest::testInTransaction" tests="25" assertions="25" errors="0" warnings="0" failures="0" skipped="0" time="80.595319">
          <testcase name="testInTransaction" class="Bavix\WalletBench\Test\Units\StateTest" classname="Bavix.WalletBench.Test.Units.StateTest" file="/Users/babichev/projects/laravel-wallet-benchmark/tests/Units/StateTest.php" line="20" assertions="1" time="3.505540"/>
          <testcase name="testInTransaction" class="Bavix\WalletBench\Test\Units\StateTest" classname="Bavix.WalletBench.Test.Units.StateTest" file="/Users/babichev/projects/laravel-wallet-benchmark/tests/Units/StateTest.php" line="20" assertions="1" time="3.107655"/>
          <testcase name="testInTransaction" class="Bavix\WalletBench\Test\Units\StateTest" classname="Bavix.WalletBench.Test.Units.StateTest" file="/Users/babichev/projects/laravel-wallet-benchmark/tests/Units/StateTest.php" line="20" assertions="1" time="3.326441"/>
          <testcase name="testInTransaction" class="Bavix\WalletBench\Test\Units\StateTest" classname="Bavix.WalletBench.Test.Units.StateTest" file="/Users/babichev/projects/laravel-wallet-benchmark/tests/Units/StateTest.php" line="20" assertions="1" time="3.313527"/>
          <testcase name="testInTransaction" class="Bavix\WalletBench\Test\Units\StateTest" classname="Bavix.WalletBench.Test.Units.StateTest" file="/Users/babichev/projects/laravel-wallet-benchmark/tests/Units/StateTest.php" line="20" assertions="1" time="3.238159"/>
          <testcase name="testInTransaction" class="Bavix\WalletBench\Test\Units\StateTest" classname="Bavix.WalletBench.Test.Units.StateTest" file="/Users/babichev/projects/laravel-wallet-benchmark/tests/Units/StateTest.php" line="20" assertions="1" time="3.109988"/>
          <testcase name="testInTransaction" class="Bavix\WalletBench\Test\Units\StateTest" classname="Bavix.WalletBench.Test.Units.StateTest" file="/Users/babichev/projects/laravel-wallet-benchmark/tests/Units/StateTest.php" line="20" assertions="1" time="3.229906"/>
          <testcase name="testInTransaction" class="Bavix\WalletBench\Test\Units\StateTest" classname="Bavix.WalletBench.Test.Units.StateTest" file="/Users/babichev/projects/laravel-wallet-benchmark/tests/Units/StateTest.php" line="20" assertions="1" time="3.312787"/>
          <testcase name="testInTransaction" class="Bavix\WalletBench\Test\Units\StateTest" classname="Bavix.WalletBench.Test.Units.StateTest" file="/Users/babichev/projects/laravel-wallet-benchmark/tests/Units/StateTest.php" line="20" assertions="1" time="2.427820"/>
          <testcase name="testInTransaction" class="Bavix\WalletBench\Test\Units\StateTest" classname="Bavix.WalletBench.Test.Units.StateTest" file="/Users/babichev/projects/laravel-wallet-benchmark/tests/Units/StateTest.php" line="20" assertions="1" time="2.212968"/>
          <testcase name="testInTransaction" class="Bavix\WalletBench\Test\Units\StateTest" classname="Bavix.WalletBench.Test.Units.StateTest" file="/Users/babichev/projects/laravel-wallet-benchmark/tests/Units/StateTest.php" line="20" assertions="1" time="2.174313"/>
          <testcase name="testInTransaction" class="Bavix\WalletBench\Test\Units\StateTest" classname="Bavix.WalletBench.Test.Units.StateTest" file="/Users/babichev/projects/laravel-wallet-benchmark/tests/Units/StateTest.php" line="20" assertions="1" time="2.157495"/>
          <testcase name="testInTransaction" class="Bavix\WalletBench\Test\Units\StateTest" classname="Bavix.WalletBench.Test.Units.StateTest" file="/Users/babichev/projects/laravel-wallet-benchmark/tests/Units/StateTest.php" line="20" assertions="1" time="2.995115"/>
          <testcase name="testInTransaction" class="Bavix\WalletBench\Test\Units\StateTest" classname="Bavix.WalletBench.Test.Units.StateTest" file="/Users/babichev/projects/laravel-wallet-benchmark/tests/Units/StateTest.php" line="20" assertions="1" time="2.175457"/>
          <testcase name="testInTransaction" class="Bavix\WalletBench\Test\Units\StateTest" classname="Bavix.WalletBench.Test.Units.StateTest" file="/Users/babichev/projects/laravel-wallet-benchmark/tests/Units/StateTest.php" line="20" assertions="1" time="2.234442"/>
          <testcase name="testInTransaction" class="Bavix\WalletBench\Test\Units\StateTest" classname="Bavix.WalletBench.Test.Units.StateTest" file="/Users/babichev/projects/laravel-wallet-benchmark/tests/Units/StateTest.php" line="20" assertions="1" time="3.804117"/>
          <testcase name="testInTransaction" class="Bavix\WalletBench\Test\Units\StateTest" classname="Bavix.WalletBench.Test.Units.StateTest" file="/Users/babichev/projects/laravel-wallet-benchmark/tests/Units/StateTest.php" line="20" assertions="1" time="2.334273"/>
          <testcase name="testInTransaction" class="Bavix\WalletBench\Test\Units\StateTest" classname="Bavix.WalletBench.Test.Units.StateTest" file="/Users/babichev/projects/laravel-wallet-benchmark/tests/Units/StateTest.php" line="20" assertions="1" time="2.120805"/>
          <testcase name="testInTransaction" class="Bavix\WalletBench\Test\Units\StateTest" classname="Bavix.WalletBench.Test.Units.StateTest" file="/Users/babichev/projects/laravel-wallet-benchmark/tests/Units/StateTest.php" line="20" assertions="1" time="2.402438"/>
          <testcase name="testInTransaction" class="Bavix\WalletBench\Test\Units\StateTest" classname="Bavix.WalletBench.Test.Units.StateTest" file="/Users/babichev/projects/laravel-wallet-benchmark/tests/Units/StateTest.php" line="20" assertions="1" time="2.174023"/>
          <testcase name="testInTransaction" class="Bavix\WalletBench\Test\Units\StateTest" classname="Bavix.WalletBench.Test.Units.StateTest" file="/Users/babichev/projects/laravel-wallet-benchmark/tests/Units/StateTest.php" line="20" assertions="1" time="2.248130"/>
          <testcase name="testInTransaction" class="Bavix\WalletBench\Test\Units\StateTest" classname="Bavix.WalletBench.Test.Units.StateTest" file="/Users/babichev/projects/laravel-wallet-benchmark/tests/Units/StateTest.php" line="20" assertions="1" time="2.578793"/>
          <testcase name="testInTransaction" class="Bavix\WalletBench\Test\Units\StateTest" classname="Bavix.WalletBench.Test.Units.StateTest" file="/Users/babichev/projects/laravel-wallet-benchmark/tests/Units/StateTest.php" line="20" assertions="1" time="4.993471"/>
          <testcase name="testInTransaction" class="Bavix\WalletBench\Test\Units\StateTest" classname="Bavix.WalletBench.Test.Units.StateTest" file="/Users/babichev/projects/laravel-wallet-benchmark/tests/Units/StateTest.php" line="20" assertions="1" time="7.957475"/>
          <testcase name="testInTransaction" class="Bavix\WalletBench\Test\Units\StateTest" classname="Bavix.WalletBench.Test.Units.StateTest" file="/Users/babichev/projects/laravel-wallet-benchmark/tests/Units/StateTest.php" line="20" assertions="1" time="7.460179"/>
        </testsuite>
      </testsuite>
    </testsuite>
  </testsuite>
</testsuites>
